<?xml version="1.0" encoding="utf-8"?>
<TestRun id="57c28579-80fb-4a4a-b7ad-58d063f9d008" name="@reverse-code-generator-1da50478-scnm7 2026-07-17 20:20:01" xmlns="http://microsoft.com/schemas/VisualStudio/TeamTest/2010">
  <Times creation="2026-07-17T20:20:01.9554151+00:00" queuing="2026-07-17T20:20:01.9554152+00:00" start="2026-07-17T20:20:00.0414676+00:00" finish="2026-07-17T20:20:08.5983725+00:00" />
  <TestSettings name="default" id="6bc1773b-37ac-433b-b3f6-07422f6087c3">
    <Deployment runDeploymentRoot="_reverse-code-generator-1da50478-scnm7_2026-07-17_20_20_01" />
  </TestSettings>
  <Results>
    <UnitTestResult executionId="1d10fc53-1bec-4318-8fad-5efda718dc2b" testId="116fc752-6d16-8cd6-b7a0-845b50409309" testName="AddsSameSideWeightedAverage" computerName="reverse-code-generator-1da50478-scnm7" duration="00:00:00.0003780" startTime="2026-07-17T20:20:07.9198777+00:00" endTime="2026-07-17T20:20:07.9202908+00:00" testType="13cdc9d9-ddb5-4fa4-a97d-d965ccfc6d4b" outcome="Passed" testListId="8c84fa94-04c1-424b-9868-57a2d4851a1d" relativeResultsDirectory="1d10fc53-1bec-4318-8fad-5efda718dc2b" />
    <UnitTestResult executionId="42297de8-304e-4d6e-b9ba-63a7e05735ab" testId="1c405b23-e4b6-8531-92ff-f41ce62fdc25" testName="Live_OverfillIsRejected" computerName="reverse-code-generator-1da50478-scnm7" duration="00:00:00.0219968" startTime="2026-07-17T20:20:08.2286833+00:00" endTime="2026-07-17T20:20:08.2507416+00:00" testType="13cdc9d9-ddb5-4fa4-a97d-d965ccfc6d4b" outcome="Passed" testListId="8c84fa94-04c1-424b-9868-57a2d4851a1d" relativeResultsDirectory="42297de8-304e-4d6e-b9ba-63a7e05735ab" />
    <UnitTestResult executionId="38e2c636-eaff-4606-8ea6-81aed6db2622" testId="19c7881c-5ddb-8764-a0c6-2c99bc3cca1d" testName="PropertyNotification" computerName="reverse-code-generator-1da50478-scnm7" duration="00:00:00.0021878" startTime="2026-07-17T20:20:01.9908034+00:00" endTime="2026-07-17T20:20:01.9930390+00:00" testType="13cdc9d9-ddb5-4fa4-a97d-d965ccfc6d4b" outcome="Passed" testListId="8c84fa94-04c1-424b-9868-57a2d4851a1d" relativeResultsDirectory="38e2c636-eaff-4606-8ea6-81aed6db2622" />
    <UnitTestResult executionId="21237cf6-fa1c-4ee1-8071-84fe621936f4" testId="16c47852-092e-811e-a8d9-966964384bba" testName="Live_ConcurrentFillsSerializeThroughGateway" computerName="reverse-code-generator-1da50478-scnm7" duration="00:00:00.0271717" startTime="2026-07-17T20:20:08.0874436+00:00" endTime="2026-07-17T20:20:08.1147045+00:00" testType="13cdc9d9-ddb5-4fa4-a97d-d965ccfc6d4b" outcome="Passed" testListId="8c84fa94-04c1-424b-9868-57a2d4851a1d" relativeResultsDirectory="21237cf6-fa1c-4ee1-8071-84fe621936f4" />
    <UnitTestResult executionId="903f634d-34e2-4a7e-a0a6-33063d3d8859" testId="1ea38ba3-621f-811b-82d7-e2b7a3ccf44a" testName="Live_InvalidSideRejectedBeforeDbRead" computerName="reverse-code-generator-1da50478-scnm7" duration="00:00:00.0032663" startTime="2026-07-17T20:20:08.4871116+00:00" endTime="2026-07-17T20:20:08.4904197+00:00" testType="13cdc9d9-ddb5-4fa4-a97d-d965ccfc6d4b" outcome="Passed" testListId="8c84fa94-04c1-424b-9868-57a2d4851a1d" relativeResultsDirectory="903f634d-34e2-4a7e-a0a6-33063d3d8859" />
    <UnitTestResult executionId="aa5503c1-5431-44fb-bec9-3e41c1359ade" testId="1d18f7c8-58f7-8e17-8668-13bb92670e41" testName="PerOrderRule" computerName="reverse-code-generator-1da50478-scnm7" duration="00:00:00.0025331" startTime="2026-07-17T20:20:07.6375647+00:00" endTime="2026-07-17T20:20:07.6416250+00:00" testType="13cdc9d9-ddb5-4fa4-a97d-d965ccfc6d4b" outcome="Passed" testListId="8c84fa94-04c1-424b-9868-57a2d4851a1d" relativeResultsDirectory="aa5503c1-5431-44fb-bec9-3e41c1359ade" />
    <UnitTestResult executionId="3b9166c9-afb7-4b1f-853c-45cce6692176" testId="1608eead-7433-889b-9ce4-58d8217614af" testName="CommissionOverflowSaturates" computerName="reverse-code-generator-1da50478-scnm7" duration="00:00:00.0004462" startTime="2026-07-17T20:20:01.9680925+00:00" endTime="2026-07-17T20:20:01.9685816+00:00" testType="13cdc9d9-ddb5-4fa4-a97d-d965ccfc6d4b" outcome="Passed" testListId="8c84fa94-04c1-424b-9868-57a2d4851a1d" relativeResultsDirectory="3b9166c9-afb7-4b1f-853c-45cce6692176" />
    <UnitTestResult executionId="6f83a3d3-1c27-4aee-9578-11a6c030c502" testId="1a52349e-b98d-84e7-bbf9-906f18f8b964" testName="Live_ApplyTradeIsIdempotent" computerName="reverse-code-generator-1da50478-scnm7" duration="00:00:00.0091303" startTime="2026-07-17T20:20:07.9885573+00:00" endTime="2026-07-17T20:20:07.9977332+00:00" testType="13cdc9d9-ddb5-4fa4-a97d-d965ccfc6d4b" outcome="Passed" testListId="8c84fa94-04c1-424b-9868-57a2d4851a1d" relativeResultsDirectory="6f83a3d3-1c27-4aee-9578-11a6c030c502" />
    <UnitTestResult executionId="e54511ba-823e-4799-8721-d5e5b94542e6" testId="134f8e59-2eb5-801c-83b3-888cc1e84b89" testName="OrderValueZeroDisabled" computerName="reverse-code-generator-1da50478-scnm7" duration="00:00:00.0156269" startTime="2026-07-17T20:20:01.9691182+00:00" endTime="2026-07-17T20:20:01.9847870+00:00" testType="13cdc9d9-ddb5-4fa4-a97d-d965ccfc6d4b" outcome="Passed" testListId="8c84fa94-04c1-424b-9868-57a2d4851a1d" relativeResultsDirectory="e54511ba-823e-4799-8721-d5e5b94542e6" />
    <UnitTestResult executionId="09f53fed-a233-489e-9f3d-610c369e51b8" testId="1c4a64b4-d4a7-8bca-b367-4bb1483f7d3e" testName="CommissionOrderDeduplicatesReplayByTradeId" computerName="reverse-code-generator-1da50478-scnm7" duration="00:00:00.0017742" startTime="2026-07-17T20:20:01.9659187+00:00" endTime="2026-07-17T20:20:01.9677333+00:00" testType="13cdc9d9-ddb5-4fa4-a97d-d965ccfc6d4b" outcome="Passed" testListId="8c84fa94-04c1-424b-9868-57a2d4851a1d" relativeResultsDirectory="09f53fed-a233-489e-9f3d-610c369e51b8" />
    <UnitTestResult executionId="5e218af4-5636-4afe-8653-af83d46658ea" testId="125183b4-a4f9-89a8-a2ab-363eeda48aa8" testName="OrderFreqReset" computerName="reverse-code-generator-1da50478-scnm7" duration="00:00:00.0006045" startTime="2026-07-17T20:20:01.9605174+00:00" endTime="2026-07-17T20:20:01.9611656+00:00" testType="13cdc9d9-ddb5-4fa4-a97d-d965ccfc6d4b" outcome="Passed" testListId="8c84fa94-04c1-424b-9868-57a2d4851a1d" relativeResultsDirectory="5e218af4-5636-4afe-8653-af83d46658ea" />
    <UnitTestResult executionId="80f6cb92-2cd6-4094-a206-b17d881b9821" testId="173f1ec6-c290-8097-86cd-59d1c7a35c14" testName="FirstFailWinsOrdering" computerName="reverse-code-generator-1da50478-scnm7" duration="00:00:00.0001236" startTime="2026-07-17T20:20:08.3966029+00:00" endTime="2026-07-17T20:20:08.3967552+00:00" testType="13cdc9d9-ddb5-4fa4-a97d-d965ccfc6d4b" outcome="Passed" testListId="8c84fa94-04c1-424b-9868-57a2d4851a1d" relativeResultsDirectory="80f6cb92-2cd6-4094-a206-b17d881b9821" />
    <UnitTestResult executionId="3cf28977-e289-4b85-8c9e-8962681dfeb0" testId="1b1d13f9-1b84-8cba-8032-496ce25e343f" testName="Live_FlipLongToShortPersists" computerName="reverse-code-generator-1da50478-scnm7" duration="00:00:00.0075173" startTime="2026-07-17T20:20:07.9560318+00:00" endTime="2026-07-17T20:20:07.9635880+00:00" testType="13cdc9d9-ddb5-4fa4-a97d-d965ccfc6d4b" outcome="Passed" testListId="8c84fa94-04c1-424b-9868-57a2d4851a1d" relativeResultsDirectory="3cf28977-e289-4b85-8c9e-8962681dfeb0" />
    <UnitTestResult executionId="68e2d46d-e7a1-46a8-b941-928c6c517ea9" testId="113538a5-2beb-89f5-b85f-246f0e1d15f1" testName="Serialization" computerName="reverse-code-generator-1da50478-scnm7" duration="00:00:00.0186033" startTime="2026-07-17T20:20:02.0246227+00:00" endTime="2026-07-17T20:20:02.0432772+00:00" testType="13cdc9d9-ddb5-4fa4-a97d-d965ccfc6d4b" outcome="Passed" testListId="8c84fa94-04c1-424b-9868-57a2d4851a1d" relativeResultsDirectory="68e2d46d-e7a1-46a8-b941-928c6c517ea9" />
    <UnitTestResult executionId="5bfb62db-20ac-4bf7-9117-b31a37f6dfc0" testId="1475025f-5d7d-8c3f-848a-70ab0949c734" testName="Live_SubTickQtyMatchesPersistedScale" computerName="reverse-code-generator-1da50478-scnm7" duration="00:00:00.0038780" startTime="2026-07-17T20:20:08.4257575+00:00" endTime="2026-07-17T20:20:08.4296922+00:00" testType="13cdc9d9-ddb5-4fa4-a97d-d965ccfc6d4b" outcome="Passed" testListId="8c84fa94-04c1-424b-9868-57a2d4851a1d" relativeResultsDirectory="5bfb62db-20ac-4bf7-9117-b31a37f6dfc0" />
    <UnitTestResult executionId="6ebbef18-ffc8-437a-a370-061d2ddcffb4" testId="16e6ffe8-abe7-8473-be7b-8bab16b6d7cc" testName="ZeroCeilingNotEnforcedIntentionalDivergence" computerName="reverse-code-generator-1da50478-scnm7" duration="00:00:00.0002633" startTime="2026-07-17T20:20:08.3923035+00:00" endTime="2026-07-17T20:20:08.3926026+00:00" testType="13cdc9d9-ddb5-4fa4-a97d-d965ccfc6d4b" outcome="Passed" testListId="8c84fa94-04c1-424b-9868-57a2d4851a1d" relativeResultsDirectory="6ebbef18-ffc8-437a-a370-061d2ddcffb4" />
    <UnitTestResult executionId="b7c0b725-2fb7-4dd5-bf83-3a967d0f3970" testId="17d37dd6-8da0-8082-9e9f-2b1c9b545d5b" testName="OrderValue" computerName="reverse-code-generator-1da50478-scnm7" duration="00:00:00.0004472" startTime="2026-07-17T20:20:01.9686064+00:00" endTime="2026-07-17T20:20:01.9690939+00:00" testType="13cdc9d9-ddb5-4fa4-a97d-d965ccfc6d4b" outcome="Passed" testListId="8c84fa94-04c1-424b-9868-57a2d4851a1d" relativeResultsDirectory="b7c0b725-2fb7-4dd5-bf83-3a967d0f3970" />
    <UnitTestResult executionId="0d24d2f0-44b6-401a-945c-de6654a2a453" testId="10a6c95c-0f14-837d-a052-46fda333e4e6" testName="OrderFreqZeroIntervalInactive" computerName="reverse-code-generator-1da50478-scnm7" duration="00:00:00.0001797" startTime="2026-07-17T20:20:01.9620307+00:00" endTime="2026-07-17T20:20:01.9622492+00:00" testType="13cdc9d9-ddb5-4fa4-a97d-d965ccfc6d4b" outcome="Passed" testListId="8c84fa94-04c1-424b-9868-57a2d4851a1d" relativeResultsDirectory="0d24d2f0-44b6-401a-945c-de6654a2a453" />
    <UnitTestResult executionId="fbe66b07-d3c9-449f-ab94-9b0184cceb33" testId="16119b89-9084-844b-a009-160f646d7d07" testName="ManagerReset" computerName="reverse-code-generator-1da50478-scnm7" duration="00:00:00.0122224" startTime="2026-07-17T20:20:00.6091405+00:00" endTime="2026-07-17T20:20:01.9287318+00:00" testType="13cdc9d9-ddb5-4fa4-a97d-d965ccfc6d4b" outcome="Passed" testListId="8c84fa94-04c1-424b-9868-57a2d4851a1d" relativeResultsDirectory="fbe66b07-d3c9-449f-ab94-9b0184cceb33" />
    <UnitTestResult executionId="3e698e2e-dcc9-4ad3-b0d2-2140387e063b" testId="19f3708d-f181-8bff-92be-d03cb4a5c0d9" testName="ManagerApplyCanonicalLimitsPreservesUnrelatedRules" computerName="reverse-code-generator-1da50478-scnm7" duration="00:00:00.0010976" startTime="2026-07-17T20:20:01.9428834+00:00" endTime="2026-07-17T20:20:01.9440184+00:00" testType="13cdc9d9-ddb5-4fa4-a97d-d965ccfc6d4b" outcome="Passed" testListId="8c84fa94-04c1-424b-9868-57a2d4851a1d" relativeResultsDirectory="3e698e2e-dcc9-4ad3-b0d2-2140387e063b" />
    <UnitTestResult executionId="7d7850d5-9f55-447d-87ae-7bbd4cf5ce92" testId="11d51874-26e6-8be6-b5df-42df17025f2a" testName="OrderValueInvalidValue" computerName="reverse-code-generator-1da50478-scnm7" duration="00:00:00.0003505" startTime="2026-07-17T20:20:01.9848168+00:00" endTime="2026-07-17T20:20:01.9852092+00:00" testType="13cdc9d9-ddb5-4fa4-a97d-d965ccfc6d4b" outcome="Passed" testListId="8c84fa94-04c1-424b-9868-57a2d4851a1d" relativeResultsDirectory="7d7850d5-9f55-447d-87ae-7bbd4cf5ce92" />
    <UnitTestResult executionId="e121f813-1f9f-48c2-aeab-88d5fc0d66a4" testId="1a743954-1ad8-8b9a-ba62-2b837db0a42c" testName="RejectsNonPositivePrice" computerName="reverse-code-generator-1da50478-scnm7" duration="00:00:00.0002300" startTime="2026-07-17T20:20:07.9225913+00:00" endTime="2026-07-17T20:20:07.9228520+00:00" testType="13cdc9d9-ddb5-4fa4-a97d-d965ccfc6d4b" outcome="Passed" testListId="8c84fa94-04c1-424b-9868-57a2d4851a1d" relativeResultsDirectory="e121f813-1f9f-48c2-aeab-88d5fc0d66a4" />
    <UnitTestResult executionId="7a11cc1b-10f5-4ae2-bfe7-4575d74f51e7" testId="1fdeb8dd-5bba-8fff-9e6d-f7561992efa3" testName="ManagerCreateRulesMapsDailyVolumeAndCommission" computerName="reverse-code-generator-1da50478-scnm7" duration="00:00:00.0041946" startTime="2026-07-17T20:20:01.9338030+00:00" endTime="2026-07-17T20:20:01.9382046+00:00" testType="13cdc9d9-ddb5-4fa4-a97d-d965ccfc6d4b" outcome="Passed" testListId="8c84fa94-04c1-424b-9868-57a2d4851a1d" relativeResultsDirectory="7a11cc1b-10f5-4ae2-bfe7-4575d74f51e7" />
    <UnitTestResult executionId="f9732c47-a5dc-45f1-836d-ee24711a1737" testId="12fa8ab4-9fc9-8b8e-9c50-83ccfe5999f3" testName="Live_PersistedOrderRowContract" computerName="reverse-code-generator-1da50478-scnm7" duration="00:00:00.0215723" startTime="2026-07-17T20:20:08.2869359+00:00" endTime="2026-07-17T20:20:08.3085698+00:00" testType="13cdc9d9-ddb5-4fa4-a97d-d965ccfc6d4b" outcome="Passed" testListId="8c84fa94-04c1-424b-9868-57a2d4851a1d" relativeResultsDirectory="f9732c47-a5dc-45f1-836d-ee24711a1737" />
    <UnitTestResult executionId="0eaefa3b-ee16-48da-9b85-3cf253c99b17" testId="186ee1c8-d316-867b-8219-3df73a60d42e" testName="SecurityTypeRule_UnknownSecurity_ReturnsNull" computerName="reverse-code-generator-1da50478-scnm7" duration="00:00:00.0073220" startTime="2026-07-17T20:20:07.8933010+00:00" endTime="2026-07-17T20:20:07.9006659+00:00" testType="13cdc9d9-ddb5-4fa4-a97d-d965ccfc6d4b" outcome="Passed" testListId="8c84fa94-04c1-424b-9868-57a2d4851a1d" relativeResultsDirectory="0eaefa3b-ee16-48da-9b85-3cf253c99b17" />
    <UnitTestResult executionId="6e4dcfe0-2e3b-4ce9-9da5-d5b8e74b85b4" testId="1ef33e53-1a27-8082-ba82-a5d2847a3044" testName="PnLReset" computerName="reverse-code-generator-1da50478-scnm7" duration="00:00:00.0004502" startTime="2026-07-17T20:20:01.9551030+00:00" endTime="2026-07-17T20:20:01.9555968+00:00" testType="13cdc9d9-ddb5-4fa4-a97d-d965ccfc6d4b" outcome="Passed" testListId="8c84fa94-04c1-424b-9868-57a2d4851a1d" relativeResultsDirectory="6e4dcfe0-2e3b-4ce9-9da5-d5b8e74b85b4" />
    <UnitTestResult executionId="92abc925-8b2d-450a-b03d-66f708a77134" testId="1b2ecb57-f1f5-8f93-b034-8f18ab06e24f" testName="ProviderDefaultRules" computerName="reverse-code-generator-1da50478-scnm7" duration="00:00:00.0014273" startTime="2026-07-17T20:20:07.9080163+00:00" endTime="2026-07-17T20:20:07.9094772+00:00" testType="13cdc9d9-ddb5-4fa4-a97d-d965ccfc6d4b" outcome="Passed" testListId="8c84fa94-04c1-424b-9868-57a2d4851a1d" relativeResultsDirectory="92abc925-8b2d-450a-b03d-66f708a77134" />
    <UnitTestResult executionId="6585158e-27e6-472d-a3eb-fed34a4da2ea" testId="191abfdd-c992-823e-848e-7e10d0608b79" testName="Live_PriceCeilingRejects" computerName="reverse-code-generator-1da50478-scnm7" duration="00:00:00.0038887" startTime="2026-07-17T20:20:08.4141041+00:00" endTime="2026-07-17T20:20:08.4180384+00:00" testType="13cdc9d9-ddb5-4fa4-a97d-d965ccfc6d4b" outcome="Passed" testListId="8c84fa94-04c1-424b-9868-57a2d4851a1d" relativeResultsDirectory="6585158e-27e6-472d-a3eb-fed34a4da2ea" />
    <UnitTestResult executionId="d3e1d6b8-9a2c-4023-bffb-4c207d7f518c" testId="1d8297c8-f599-8c8a-9565-d4dd10a153a9" testName="ManagerProcessRules" computerName="reverse-code-generator-1da50478-scnm7" duration="00:00:00.0122466" startTime="2026-07-17T20:20:00.6091206+00:00" endTime="2026-07-17T20:20:01.9287289+00:00" testType="13cdc9d9-ddb5-4fa4-a97d-d965ccfc6d4b" outcome="Passed" testListId="8c84fa94-04c1-424b-9868-57a2d4851a1d" relativeResultsDirectory="d3e1d6b8-9a2c-4023-bffb-4c207d7f518c" />
    <UnitTestResult executionId="df2aa083-0bf1-47cb-9a0d-1dac5bd76dc1" testId="1e6d073b-10fb-8245-a999-d33ba3f4bc1c" testName="OrderFreqCapacityBoundedUnderSaturation" computerName="reverse-code-generator-1da50478-scnm7" duration="00:00:00.0622704" startTime="2026-07-17T20:20:01.9622731+00:00" endTime="2026-07-17T20:20:02.0245847+00:00" testType="13cdc9d9-ddb5-4fa4-a97d-d965ccfc6d4b" outcome="Passed" testListId="8c84fa94-04c1-424b-9868-57a2d4851a1d" relativeResultsDirectory="df2aa083-0bf1-47cb-9a0d-1dac5bd76dc1" />
    <UnitTestResult executionId="093c7eb7-170f-4a65-bfc8-91c1c2cb75c7" testId="1f1d8b87-4354-87f7-9498-b2f97554ec27" testName="OrderValueSubScaleBoundaryMatchesGate" computerName="reverse-code-generator-1da50478-scnm7" duration="00:00:00.0002082" startTime="2026-07-17T20:20:01.9637634+00:00" endTime="2026-07-17T20:20:01.9640046+00:00" testType="13cdc9d9-ddb5-4fa4-a97d-d965ccfc6d4b" outcome="Passed" testListId="8c84fa94-04c1-424b-9868-57a2d4851a1d" relativeResultsDirectory="093c7eb7-170f-4a65-bfc8-91c1c2cb75c7" />
    <UnitTestResult executionId="59084c6f-8c98-4c12-b4f7-436a347126aa" testId="1cf49c98-e806-8ffd-9111-726b2416e4b1" testName="CommissionTradeZero" computerName="reverse-code-generator-1da50478-scnm7" duration="00:00:00.0002313" startTime="2026-07-17T20:20:02.0420175+00:00" endTime="2026-07-17T20:20:02.0422811+00:00" testType="13cdc9d9-ddb5-4fa4-a97d-d965ccfc6d4b" outcome="Passed" testListId="8c84fa94-04c1-424b-9868-57a2d4851a1d" relativeResultsDirectory="59084c6f-8c98-4c12-b4f7-436a347126aa" />
    <UnitTestResult executionId="4c1b34a7-07db-42d0-bd6d-898485e79b00" testId="13aebb1a-46b0-815d-87a6-7d81650184ac" testName="Live_ConcurrentSubmissionsSerializeThroughGateway" computerName="reverse-code-generator-1da50478-scnm7" duration="00:00:00.0187150" startTime="2026-07-17T20:20:08.5109516+00:00" endTime="2026-07-17T20:20:08.5331452+00:00" testType="13cdc9d9-ddb5-4fa4-a97d-d965ccfc6d4b" outcome="Passed" testListId="8c84fa94-04c1-424b-9868-57a2d4851a1d" relativeResultsDirectory="4c1b34a7-07db-42d0-bd6d-898485e79b00" />
    <UnitTestResult executionId="7c295bba-893f-4d17-bcd7-fcd64f3b4915" testId="1cd373c8-5108-829e-97b3-4d9d2c1576e1" testName="Live_MidpointRoundingPersists" computerName="reverse-code-generator-1da50478-scnm7" duration="00:00:00.0093340" startTime="2026-07-17T20:20:07.9791378+00:00" endTime="2026-07-17T20:20:07.9885346+00:00" testType="13cdc9d9-ddb5-4fa4-a97d-d965ccfc6d4b" outcome="Passed" testListId="8c84fa94-04c1-424b-9868-57a2d4851a1d" relativeResultsDirectory="7c295bba-893f-4d17-bcd7-fcd64f3b4915" />
    <UnitTestResult executionId="ae6c2c3f-d279-4ade-a8f4-2ce8e77532a7" testId="153e77b5-a315-8748-827d-108e9dd98731" testName="ManagerCreateRulesDisabledValuesProduceNoRule" computerName="reverse-code-generator-1da50478-scnm7" duration="00:00:00.0002477" startTime="2026-07-17T20:20:01.9424541+00:00" endTime="2026-07-17T20:20:01.9427459+00:00" testType="13cdc9d9-ddb5-4fa4-a97d-d965ccfc6d4b" outcome="Passed" testListId="8c84fa94-04c1-424b-9868-57a2d4851a1d" relativeResultsDirectory="ae6c2c3f-d279-4ade-a8f4-2ce8e77532a7" />
    <UnitTestResult executionId="022c6c30-3830-493b-801e-87270d25af5d" testId="165aebd3-952c-807d-94b9-654d3bacdfd3" testName="PnLAbsolute" computerName="reverse-code-generator-1da50478-scnm7" duration="00:00:00.0010307" startTime="2026-07-17T20:20:01.9542738+00:00" endTime="2026-07-17T20:20:01.9553444+00:00" testType="13cdc9d9-ddb5-4fa4-a97d-d965ccfc6d4b" outcome="Passed" testListId="8c84fa94-04c1-424b-9868-57a2d4851a1d" relativeResultsDirectory="022c6c30-3830-493b-801e-87270d25af5d" />
    <UnitTestResult executionId="871447d2-6ccb-466f-bb40-05200f8786b1" testId="1849cf86-292c-84e4-8692-3a154c08e2df" testName="SellOpensShortFromFlat" computerName="reverse-code-generator-1da50478-scnm7" duration="00:00:00.0001492" startTime="2026-07-17T20:20:07.9238640+00:00" endTime="2026-07-17T20:20:07.9240436+00:00" testType="13cdc9d9-ddb5-4fa4-a97d-d965ccfc6d4b" outcome="Passed" testListId="8c84fa94-04c1-424b-9868-57a2d4851a1d" relativeResultsDirectory="871447d2-6ccb-466f-bb40-05200f8786b1" />
    <UnitTestResult executionId="cfa80874-29e1-4a87-8c51-af52df269654" testId="16547b35-621b-8730-ad41-dc7b524313fc" testName="PositionTimeReset" computerName="reverse-code-generator-1da50478-scnm7" duration="00:00:00.0035789" startTime="2026-07-17T20:20:01.9565303+00:00" endTime="2026-07-17T20:20:01.9601483+00:00" testType="13cdc9d9-ddb5-4fa4-a97d-d965ccfc6d4b" outcome="Passed" testListId="8c84fa94-04c1-424b-9868-57a2d4851a1d" relativeResultsDirectory="cfa80874-29e1-4a87-8c51-af52df269654" />
    <UnitTestResult executionId="7051da2e-9721-4d64-a30c-c8787fa0fd1f" testId="1f08a26a-66cf-859c-bc1d-27b06264711d" testName="AddsShortSideWeightedAverageWithRounding" computerName="reverse-code-generator-1da50478-scnm7" duration="00:00:00.0001439" startTime="2026-07-17T20:20:07.9216251+00:00" endTime="2026-07-17T20:20:07.9217963+00:00" testType="13cdc9d9-ddb5-4fa4-a97d-d965ccfc6d4b" outcome="Passed" testListId="8c84fa94-04c1-424b-9868-57a2d4851a1d" relativeResultsDirectory="7051da2e-9721-4d64-a30c-c8787fa0fd1f" />
    <UnitTestResult executionId="4ec0c3ca-225a-4268-a096-22c16b0a256d" testId="1c599b1e-13c1-889b-b9d0-3b62ae9cd839" testName="Live_CanonicalWiringIsScopeIsolated" computerName="reverse-code-generator-1da50478-scnm7" duration="00:00:00.0065995" startTime="2026-07-17T20:20:08.4346454+00:00" endTime="2026-07-17T20:20:08.4412868+00:00" testType="13cdc9d9-ddb5-4fa4-a97d-d965ccfc6d4b" outcome="Passed" testListId="8c84fa94-04c1-424b-9868-57a2d4851a1d" relativeResultsDirectory="4ec0c3ca-225a-4268-a096-22c16b0a256d" />
    <UnitTestResult executionId="0c998717-5b84-4903-ac73-9514c229d082" testId="18eb8005-f3e1-8586-b0da-d70a3854c979" testName="ManagerLoadCloneThenReapplyHasNoStaleCanonicalRules" computerName="reverse-code-generator-1da50478-scnm7" duration="00:00:00.0068311" startTime="2026-07-17T20:20:01.9473745+00:00" endTime="2026-07-17T20:20:01.9542478+00:00" testType="13cdc9d9-ddb5-4fa4-a97d-d965ccfc6d4b" outcome="Passed" testListId="8c84fa94-04c1-424b-9868-57a2d4851a1d" relativeResultsDirectory="0c998717-5b84-4903-ac73-9514c229d082" />
    <UnitTestResult executionId="7a52a27e-2aef-4f97-a1e2-071c3bb8a0be" testId="119346f3-4916-8fea-9f84-a9635846b158" testName="Live_NotionalValueRejects" computerName="reverse-code-generator-1da50478-scnm7" duration="00:00:00.0037282" startTime="2026-07-17T20:20:08.4219648+00:00" endTime="2026-07-17T20:20:08.4257360+00:00" testType="13cdc9d9-ddb5-4fa4-a97d-d965ccfc6d4b" outcome="Passed" testListId="8c84fa94-04c1-424b-9868-57a2d4851a1d" relativeResultsDirectory="7a52a27e-2aef-4f97-a1e2-071c3bb8a0be" />
    <UnitTestResult executionId="1fdc1e8e-a454-407e-8ace-78f248904385" testId="160e90c3-6f82-8053-aac1-45baaab9101d" testName="AdapterTradingUnblocks" computerName="reverse-code-generator-1da50478-scnm7" duration="00:00:00.0019940" startTime="2026-07-17T20:20:02.0390832+00:00" endTime="2026-07-17T20:20:02.0411232+00:00" testType="13cdc9d9-ddb5-4fa4-a97d-d965ccfc6d4b" outcome="Passed" testListId="8c84fa94-04c1-424b-9868-57a2d4851a1d" relativeResultsDirectory="1fdc1e8e-a454-407e-8ace-78f248904385" />
    <UnitTestResult executionId="691e816c-158e-46e7-921a-7d5baf668b72" testId="18190c72-866d-82c5-b3b3-7663fc127d56" testName="OrderFreqIgnoresUntrustedMessageTime" computerName="reverse-code-generator-1da50478-scnm7" duration="00:00:00.0003451" startTime="2026-07-17T20:20:01.9628365+00:00" endTime="2026-07-17T20:20:01.9632232+00:00" testType="13cdc9d9-ddb5-4fa4-a97d-d965ccfc6d4b" outcome="Passed" testListId="8c84fa94-04c1-424b-9868-57a2d4851a1d" relativeResultsDirectory="691e816c-158e-46e7-921a-7d5baf668b72" />
    <UnitTestResult executionId="2e03fe73-5029-448c-95c9-63fd611c6f7f" testId="144356fe-8b39-8706-9237-559112ca081a" testName="ManagerCreateRulesMalformedFrequencyThrows" computerName="reverse-code-generator-1da50478-scnm7" duration="00:00:00.0007366" startTime="2026-07-17T20:20:01.9424192+00:00" endTime="2026-07-17T20:20:01.9432012+00:00" testType="13cdc9d9-ddb5-4fa4-a97d-d965ccfc6d4b" outcome="Passed" testListId="8c84fa94-04c1-424b-9868-57a2d4851a1d" relativeResultsDirectory="2e03fe73-5029-448c-95c9-63fd611c6f7f" />
    <UnitTestResult executionId="75aeac48-5475-4684-b066-2debd7b84c2e" testId="1232d77b-c43d-8800-8855-75cfc92b5d34" testName="Live_OrderNotFoundThrows" computerName="reverse-code-generator-1da50478-scnm7" duration="00:00:00.0073305" startTime="2026-07-17T20:20:08.0161146+00:00" endTime="2026-07-17T20:20:08.0234847+00:00" testType="13cdc9d9-ddb5-4fa4-a97d-d965ccfc6d4b" outcome="Passed" testListId="8c84fa94-04c1-424b-9868-57a2d4851a1d" relativeResultsDirectory="75aeac48-5475-4684-b066-2debd7b84c2e" />
    <UnitTestResult executionId="c537e2c2-9fcd-44fb-8e17-a6ee0e30a06e" testId="1c31c7d8-cd8f-81ac-aac5-35ecddbf32b1" testName="Check1_PriceCeiling" computerName="reverse-code-generator-1da50478-scnm7" duration="00:00:00.0001883" startTime="2026-07-17T20:20:08.3942047+00:00" endTime="2026-07-17T20:20:08.3944281+00:00" testType="13cdc9d9-ddb5-4fa4-a97d-d965ccfc6d4b" outcome="Passed" testListId="8c84fa94-04c1-424b-9868-57a2d4851a1d" relativeResultsDirectory="c537e2c2-9fcd-44fb-8e17-a6ee0e30a06e" />
    <UnitTestResult executionId="aef3e4f9-218e-4363-9593-a5199725f1f6" testId="1cd293ed-74c4-8b42-97a3-78df2c380c80" testName="Live_ConvenienceOverloadRejectsOverPriceOrder" computerName="reverse-code-generator-1da50478-scnm7" duration="00:00:00.0047441" startTime="2026-07-17T20:20:08.5061465+00:00" endTime="2026-07-17T20:20:08.5109311+00:00" testType="13cdc9d9-ddb5-4fa4-a97d-d965ccfc6d4b" outcome="Passed" testListId="8c84fa94-04c1-424b-9868-57a2d4851a1d" relativeResultsDirectory="aef3e4f9-218e-4363-9593-a5199725f1f6" />
    <UnitTestResult executionId="820f306a-98de-49c1-8908-0610b4f3b8e2" testId="1df69a11-5d34-893e-b460-298b12bf2d81" testName="Live_CommissionEstimateVsActualCommissionRuleDifferByDesign" computerName="reverse-code-generator-1da50478-scnm7" duration="00:00:00.0071367" startTime="2026-07-17T20:20:07.8823957+00:00" endTime="2026-07-17T20:20:07.8896238+00:00" testType="13cdc9d9-ddb5-4fa4-a97d-d965ccfc6d4b" outcome="Passed" testListId="8c84fa94-04c1-424b-9868-57a2d4851a1d" relativeResultsDirectory="820f306a-98de-49c1-8908-0610b4f3b8e2" />
    <UnitTestResult executionId="66da6d2d-d753-4244-b6a5-bb1e7998f4af" testId="1da45421-7eef-8f36-9b07-ea02f7004c88" testName="Check7_DailyVolume" computerName="reverse-code-generator-1da50478-scnm7" duration="00:00:00.0001806" startTime="2026-07-17T20:20:08.3963735+00:00" endTime="2026-07-17T20:20:08.3965850+00:00" testType="13cdc9d9-ddb5-4fa4-a97d-d965ccfc6d4b" outcome="Passed" testListId="8c84fa94-04c1-424b-9868-57a2d4851a1d" relativeResultsDirectory="66da6d2d-d753-4244-b6a5-bb1e7998f4af" />
    <UnitTestResult executionId="feec849e-de44-4b1b-a0c3-54c651cb9318" testId="144fb2a2-a8d9-8549-9e96-8c2209d50d1c" testName="DailyVolumeZeroDisabled" computerName="reverse-code-generator-1da50478-scnm7" duration="00:00:00.0001547" startTime="2026-07-17T20:20:01.9859698+00:00" endTime="2026-07-17T20:20:01.9861623+00:00" testType="13cdc9d9-ddb5-4fa4-a97d-d965ccfc6d4b" outcome="Passed" testListId="8c84fa94-04c1-424b-9868-57a2d4851a1d" relativeResultsDirectory="feec849e-de44-4b1b-a0c3-54c651cb9318" />
    <UnitTestResult executionId="d60aa108-c38c-406f-9aad-c688185ea4db" testId="1650a79b-0338-8ab7-b14e-89e7cb42e5f1" testName="PositionSize" computerName="reverse-code-generator-1da50478-scnm7" duration="00:00:00.0002206" startTime="2026-07-17T20:20:01.9561258+00:00" endTime="2026-07-17T20:20:01.9563797+00:00" testType="13cdc9d9-ddb5-4fa4-a97d-d965ccfc6d4b" outcome="Passed" testListId="8c84fa94-04c1-424b-9868-57a2d4851a1d" relativeResultsDirectory="d60aa108-c38c-406f-9aad-c688185ea4db" />
    <UnitTestResult executionId="76c65214-c7e6-499c-a8cd-29ceb29c007e" testId="10d7408e-7472-8518-9d2f-76e96bb9a2c1" testName="OrderPriceSubScaleBoundaryMatchesGate" computerName="reverse-code-generator-1da50478-scnm7" duration="00:00:00.0002232" startTime="2026-07-17T20:20:01.9632477+00:00" endTime="2026-07-17T20:20:01.9635077+00:00" testType="13cdc9d9-ddb5-4fa4-a97d-d965ccfc6d4b" outcome="Passed" testListId="8c84fa94-04c1-424b-9868-57a2d4851a1d" relativeResultsDirectory="76c65214-c7e6-499c-a8cd-29ceb29c007e" />
    <UnitTestResult executionId="d223a2ca-d0b3-46db-9995-55147ad6e33d" testId="1b1fd076-bf30-85d9-a265-09f896c2ca25" testName="AdapterStopTradingBlocks" computerName="reverse-code-generator-1da50478-scnm7" duration="00:00:00.0016869" startTime="2026-07-17T20:20:02.0373317+00:00" endTime="2026-07-17T20:20:02.0390587+00:00" testType="13cdc9d9-ddb5-4fa4-a97d-d965ccfc6d4b" outcome="Passed" testListId="8c84fa94-04c1-424b-9868-57a2d4851a1d" relativeResultsDirectory="d223a2ca-d0b3-46db-9995-55147ad6e33d" />
    <UnitTestResult executionId="9eb10140-97ea-499a-8e21-baab9696b962" testId="18d5acff-5874-85a7-a48a-e1b94c24d709" testName="Live_OpenLongPersists" computerName="reverse-code-generator-1da50478-scnm7" duration="00:00:00.0207261" startTime="2026-07-17T20:20:07.9240594+00:00" endTime="2026-07-17T20:20:07.9448205+00:00" testType="13cdc9d9-ddb5-4fa4-a97d-d965ccfc6d4b" outcome="Passed" testListId="8c84fa94-04c1-424b-9868-57a2d4851a1d" relativeResultsDirectory="9eb10140-97ea-499a-8e21-baab9696b962" />
    <UnitTestResult executionId="f4f0406e-4c8e-4feb-b3bf-9e9b8113af65" testId="14c59e1c-e1f0-83ad-bfc1-bd18657e8227" testName="SlippageZero" computerName="reverse-code-generator-1da50478-scnm7" duration="00:00:00.0002345" startTime="2026-07-17T20:20:01.9587553+00:00" endTime="2026-07-17T20:20:01.9590372+00:00" testType="13cdc9d9-ddb5-4fa4-a97d-d965ccfc6d4b" outcome="Passed" testListId="8c84fa94-04c1-424b-9868-57a2d4851a1d" relativeResultsDirectory="f4f0406e-4c8e-4feb-b3bf-9e9b8113af65" />
    <UnitTestResult executionId="c44d6096-5c97-435d-a72d-670e4ddc804a" testId="135a43e3-9d10-8bce-b264-743dacba2dcb" testName="ManagerOrderAndTradeMessages" computerName="reverse-code-generator-1da50478-scnm7" duration="00:00:00.0002332" startTime="2026-07-17T20:20:07.9039710+00:00" endTime="2026-07-17T20:20:07.9042361+00:00" testType="13cdc9d9-ddb5-4fa4-a97d-d965ccfc6d4b" outcome="Passed" testListId="8c84fa94-04c1-424b-9868-57a2d4851a1d" relativeResultsDirectory="c44d6096-5c97-435d-a72d-670e4ddc804a" />
    <UnitTestResult executionId="cf23c16f-3155-4431-ab84-5eb44c8a99a2" testId="1be1b04f-98a8-8abb-a475-d4bfa2663bef" testName="OrderFreqConcurrentAccessDoesNotThrow" computerName="reverse-code-generator-1da50478-scnm7" duration="00:00:00.0037427" startTime="2026-07-17T20:20:01.9621001+00:00" endTime="2026-07-17T20:20:01.9658871+00:00" testType="13cdc9d9-ddb5-4fa4-a97d-d965ccfc6d4b" outcome="Passed" testListId="8c84fa94-04c1-424b-9868-57a2d4851a1d" relativeResultsDirectory="cf23c16f-3155-4431-ab84-5eb44c8a99a2" />
    <UnitTestResult executionId="b56fbfe8-2d7c-4107-bba7-64c46a58d9c2" testId="15380552-f965-8963-832e-33ffcf52381a" testName="Live_AcceptedOpenOrderDoesNotReserveExposure" computerName="reverse-code-generator-1da50478-scnm7" duration="00:00:00.0163437" startTime="2026-07-17T20:20:08.2704952+00:00" endTime="2026-07-17T20:20:08.2868979+00:00" testType="13cdc9d9-ddb5-4fa4-a97d-d965ccfc6d4b" outcome="Passed" testListId="8c84fa94-04c1-424b-9868-57a2d4851a1d" relativeResultsDirectory="b56fbfe8-2d7c-4107-bba7-64c46a58d9c2" />
    <UnitTestResult executionId="97c81588-b066-4231-b44d-5d6b804d582f" testId="18867e30-9129-822b-9770-41fd13b9b2bb" testName="CommissionZero" computerName="reverse-code-generator-1da50478-scnm7" duration="00:00:00.0002753" startTime="2026-07-17T20:20:02.0416721+00:00" endTime="2026-07-17T20:20:02.0419955+00:00" testType="13cdc9d9-ddb5-4fa4-a97d-d965ccfc6d4b" outcome="Passed" testListId="8c84fa94-04c1-424b-9868-57a2d4851a1d" relativeResultsDirectory="97c81588-b066-4231-b44d-5d6b804d582f" />
    <UnitTestResult executionId="e3ad272b-1425-4e03-b061-3687d30ceb3b" testId="14ebc470-babf-891f-9db8-019fd8f6bcfb" testName="PerTradePriceRuleWithPercent" computerName="reverse-code-generator-1da50478-scnm7" duration="00:00:00.0002301" startTime="2026-07-17T20:20:07.9181998+00:00" endTime="2026-07-17T20:20:07.9184598+00:00" testType="13cdc9d9-ddb5-4fa4-a97d-d965ccfc6d4b" outcome="Passed" testListId="8c84fa94-04c1-424b-9868-57a2d4851a1d" relativeResultsDirectory="e3ad272b-1425-4e03-b061-3687d30ceb3b" />
    <UnitTestResult executionId="8c84abb7-ac3e-4766-bf40-585ef0a866e3" testId="13990839-cdaa-848b-b499-370e216c5cdf" testName="Live_RecordTradeWithoutKeyRecordsEachFill" computerName="reverse-code-generator-1da50478-scnm7" duration="00:00:00.0267232" startTime="2026-07-17T20:20:08.1810542+00:00" endTime="2026-07-17T20:20:08.2078392+00:00" testType="13cdc9d9-ddb5-4fa4-a97d-d965ccfc6d4b" outcome="Passed" testListId="8c84fa94-04c1-424b-9868-57a2d4851a1d" relativeResultsDirectory="8c84abb7-ac3e-4766-bf40-585ef0a866e3" />
    <UnitTestResult executionId="cc6dcda0-ed5a-44ae-b405-3448ca35bad9" testId="154f7f14-c337-8704-be62-a17bf067855a" testName="RejectsOverflowInput" computerName="reverse-code-generator-1da50478-scnm7" duration="00:00:00.0004770" startTime="2026-07-17T20:20:07.9233314+00:00" endTime="2026-07-17T20:20:07.9238455+00:00" testType="13cdc9d9-ddb5-4fa4-a97d-d965ccfc6d4b" outcome="Passed" testListId="8c84fa94-04c1-424b-9868-57a2d4851a1d" relativeResultsDirectory="cc6dcda0-ed5a-44ae-b405-3448ca35bad9" />
    <UnitTestResult executionId="2aa27d23-1d9b-400d-9e70-5415e67d153b" testId="17e1de39-6b99-8e0b-9633-b2959ce389ec" testName="ProviderRemoveNonExistingRule" computerName="reverse-code-generator-1da50478-scnm7" duration="00:00:00.0003909" startTime="2026-07-17T20:20:07.9105533+00:00" endTime="2026-07-17T20:20:07.9109809+00:00" testType="13cdc9d9-ddb5-4fa4-a97d-d965ccfc6d4b" outcome="Passed" testListId="8c84fa94-04c1-424b-9868-57a2d4851a1d" relativeResultsDirectory="2aa27d23-1d9b-400d-9e70-5415e67d153b" />
    <UnitTestResult executionId="29d05a7b-28c4-4536-945e-40ffb974df91" testId="1404f0e4-628a-809c-9dc0-f06d1d6608db" testName="CommissionTrade" computerName="reverse-code-generator-1da50478-scnm7" duration="00:00:00.0003776" startTime="2026-07-17T20:20:02.0327559+00:00" endTime="2026-07-17T20:20:02.0331867+00:00" testType="13cdc9d9-ddb5-4fa4-a97d-d965ccfc6d4b" outcome="Passed" testListId="8c84fa94-04c1-424b-9868-57a2d4851a1d" relativeResultsDirectory="29d05a7b-28c4-4536-945e-40ffb974df91" />
    <UnitTestResult executionId="85642258-79f2-4b27-a83f-8e51840894ac" testId="1d79c657-5e01-85da-87bb-7f3bf2a5477f" testName="PerOrderTradeTurnover" computerName="reverse-code-generator-1da50478-scnm7" duration="00:00:00.0002902" startTime="2026-07-17T20:20:07.9170267+00:00" endTime="2026-07-17T20:20:07.9173586+00:00" testType="13cdc9d9-ddb5-4fa4-a97d-d965ccfc6d4b" outcome="Passed" testListId="8c84fa94-04c1-424b-9868-57a2d4851a1d" relativeResultsDirectory="85642258-79f2-4b27-a83f-8e51840894ac" />
    <UnitTestResult executionId="e4ce08b1-e558-408a-a73f-c99378e013e5" testId="19bb364c-bc8f-889b-9a62-a8723f371a7e" testName="Live_ZeroCeilingsAreNotEnforced" computerName="reverse-code-generator-1da50478-scnm7" duration="00:00:00.0036968" startTime="2026-07-17T20:20:08.4747444+00:00" endTime="2026-07-17T20:20:08.4784814+00:00" testType="13cdc9d9-ddb5-4fa4-a97d-d965ccfc6d4b" outcome="Passed" testListId="8c84fa94-04c1-424b-9868-57a2d4851a1d" relativeResultsDirectory="e4ce08b1-e558-408a-a73f-c99378e013e5" />
    <UnitTestResult executionId="4be3c81c-0fa2-43a3-a7fb-8c8da67509df" testId="11321f58-33da-8691-9b67-88f253ef3055" testName="ManagerApplyCanonicalLimitsThroughAdapterPipeline" computerName="reverse-code-generator-1da50478-scnm7" duration="00:00:00.0112673" startTime="2026-07-17T20:20:01.9437582+00:00" endTime="2026-07-17T20:20:01.9550693+00:00" testType="13cdc9d9-ddb5-4fa4-a97d-d965ccfc6d4b" outcome="Passed" testListId="8c84fa94-04c1-424b-9868-57a2d4851a1d" relativeResultsDirectory="4be3c81c-0fa2-43a3-a7fb-8c8da67509df" />
    <UnitTestResult executionId="4c0cd179-7814-460f-99dd-47879d527b74" testId="13f4643f-384c-84bd-b680-644295e93fe1" testName="SecurityIdRule" computerName="reverse-code-generator-1da50478-scnm7" duration="00:00:00.0012035" startTime="2026-07-17T20:20:07.8902326+00:00" endTime="2026-07-17T20:20:07.8914989+00:00" testType="13cdc9d9-ddb5-4fa4-a97d-d965ccfc6d4b" outcome="Passed" testListId="8c84fa94-04c1-424b-9868-57a2d4851a1d" relativeResultsDirectory="4c0cd179-7814-460f-99dd-47879d527b74" />
    <UnitTestResult executionId="0a4f370d-b550-49ff-929c-3fa4aa1b6e20" testId="19a5c4bb-40ae-825e-b9a2-3f130eb4f4ef" testName="ManagerEmptyRules" computerName="reverse-code-generator-1da50478-scnm7" duration="00:00:00.0003533" startTime="2026-07-17T20:20:07.9052763+00:00" endTime="2026-07-17T20:20:07.9056674+00:00" testType="13cdc9d9-ddb5-4fa4-a97d-d965ccfc6d4b" outcome="Passed" testListId="8c84fa94-04c1-424b-9868-57a2d4851a1d" relativeResultsDirectory="0a4f370d-b550-49ff-929c-3fa4aa1b6e20" />
    <UnitTestResult executionId="2c676db0-badf-4a10-8820-481c52d6a98c" testId="1d615591-816e-8108-afea-4910c644d794" testName="SubScalePriceRejected" computerName="reverse-code-generator-1da50478-scnm7" duration="00:00:00.0003372" startTime="2026-07-17T20:20:08.3930544+00:00" endTime="2026-07-17T20:20:08.3934314+00:00" testType="13cdc9d9-ddb5-4fa4-a97d-d965ccfc6d4b" outcome="Passed" testListId="8c84fa94-04c1-424b-9868-57a2d4851a1d" relativeResultsDirectory="2c676db0-badf-4a10-8820-481c52d6a98c" />
    <UnitTestResult executionId="d7f6d9c4-9a31-4f95-9d70-f7812373db33" testId="1f048e93-0e04-8f0d-a3d9-cd4bae5fce15" testName="OpensFlatPosition" computerName="reverse-code-generator-1da50478-scnm7" duration="00:00:00.0008714" startTime="2026-07-17T20:20:07.9187051+00:00" endTime="2026-07-17T20:20:07.9198593+00:00" testType="13cdc9d9-ddb5-4fa4-a97d-d965ccfc6d4b" outcome="Passed" testListId="8c84fa94-04c1-424b-9868-57a2d4851a1d" relativeResultsDirectory="d7f6d9c4-9a31-4f95-9d70-f7812373db33" />
    <UnitTestResult executionId="e810f422-b3ae-4192-aa2e-169478032714" testId="175d2fe0-852c-8ebd-bade-ffb7b195c936" testName="ManagerCreateRulesDeterministicOrder" computerName="reverse-code-generator-1da50478-scnm7" duration="00:00:00.0019694" startTime="2026-07-17T20:20:01.9358082+00:00" endTime="2026-07-17T20:20:01.9378226+00:00" testType="13cdc9d9-ddb5-4fa4-a97d-d965ccfc6d4b" outcome="Passed" testListId="8c84fa94-04c1-424b-9868-57a2d4851a1d" relativeResultsDirectory="e810f422-b3ae-4192-aa2e-169478032714" />
    <UnitTestResult executionId="c81871cf-db5b-491d-92c3-43cb599d398c" testId="153100e3-147f-8f6f-89d7-5faeb77e8bb9" testName="Live_InvalidIdentifiersThrow" computerName="reverse-code-generator-1da50478-scnm7" duration="00:00:00.0031034" startTime="2026-07-17T20:20:08.4950402+00:00" endTime="2026-07-17T20:20:08.4981869+00:00" testType="13cdc9d9-ddb5-4fa4-a97d-d965ccfc6d4b" outcome="Passed" testListId="8c84fa94-04c1-424b-9868-57a2d4851a1d" relativeResultsDirectory="c81871cf-db5b-491d-92c3-43cb599d398c" />
    <UnitTestResult executionId="5960d8f0-f8f9-449d-b09e-197821a10e8a" testId="1d20857d-587e-8acb-b919-b16432c8d915" testName="Live_QtyCeilingRejects" computerName="reverse-code-generator-1da50478-scnm7" duration="00:00:00.0038371" startTime="2026-07-17T20:20:08.4180589+00:00" endTime="2026-07-17T20:20:08.4219427+00:00" testType="13cdc9d9-ddb5-4fa4-a97d-d965ccfc6d4b" outcome="Passed" testListId="8c84fa94-04c1-424b-9868-57a2d4851a1d" relativeResultsDirectory="5960d8f0-f8f9-449d-b09e-197821a10e8a" />
    <UnitTestResult executionId="f4891eb4-b8ac-4b02-83a0-75da92fdecec" testId="1c13ac2f-a3a2-8ea7-8e98-44db8e373d5c" testName="TradeVolume" computerName="reverse-code-generator-1da50478-scnm7" duration="00:00:00.0005705" startTime="2026-07-17T20:20:01.9888295+00:00" endTime="2026-07-17T20:20:01.9894421+00:00" testType="13cdc9d9-ddb5-4fa4-a97d-d965ccfc6d4b" outcome="Passed" testListId="8c84fa94-04c1-424b-9868-57a2d4851a1d" relativeResultsDirectory="f4891eb4-b8ac-4b02-83a0-75da92fdecec" />
    <UnitTestResult executionId="7a00d1fb-b75f-4bc2-90d3-68c8690855df" testId="1cf8eb15-c136-8971-9c06-2d7346c6b7c4" testName="ShortCoverExactClose" computerName="reverse-code-generator-1da50478-scnm7" duration="00:00:00.0001193" startTime="2026-07-17T20:20:07.9214675+00:00" endTime="2026-07-17T20:20:07.9216122+00:00" testType="13cdc9d9-ddb5-4fa4-a97d-d965ccfc6d4b" outcome="Passed" testListId="8c84fa94-04c1-424b-9868-57a2d4851a1d" relativeResultsDirectory="7a00d1fb-b75f-4bc2-90d3-68c8690855df" />
    <UnitTestResult executionId="85ec9705-40b2-4b62-abb5-cd0216a4ea11" testId="1e93e272-da00-8cd5-88f5-c9887cdfdee2" testName="InvalidQtyRejected" computerName="reverse-code-generator-1da50478-scnm7" duration="00:00:00.0001788" startTime="2026-07-17T20:20:08.3926200+00:00" endTime="2026-07-17T20:20:08.3928335+00:00" testType="13cdc9d9-ddb5-4fa4-a97d-d965ccfc6d4b" outcome="Passed" testListId="8c84fa94-04c1-424b-9868-57a2d4851a1d" relativeResultsDirectory="85ec9705-40b2-4b62-abb5-cd0216a4ea11" />
    <UnitTestResult executionId="a3160f58-a506-4ffd-a6d7-a05d8c98da44" testId="1734ead3-09e5-8b6e-92f1-67a163c9fb13" testName="CommissionOrderZero" computerName="reverse-code-generator-1da50478-scnm7" duration="00:00:00.0001890" startTime="2026-07-17T20:20:02.0423020+00:00" endTime="2026-07-17T20:20:02.0425220+00:00" testType="13cdc9d9-ddb5-4fa4-a97d-d965ccfc6d4b" outcome="Passed" testListId="8c84fa94-04c1-424b-9868-57a2d4851a1d" relativeResultsDirectory="a3160f58-a506-4ffd-a6d7-a05d8c98da44" />
    <UnitTestResult executionId="378c4682-afaa-48f5-a981-19068b7d056a" testId="12e674a1-18c4-8948-a6e3-5130893f7708" testName="OrderError" computerName="reverse-code-generator-1da50478-scnm7" duration="00:00:00.0008094" startTime="2026-07-17T20:20:01.9868103+00:00" endTime="2026-07-17T20:20:01.9876604+00:00" testType="13cdc9d9-ddb5-4fa4-a97d-d965ccfc6d4b" outcome="Passed" testListId="8c84fa94-04c1-424b-9868-57a2d4851a1d" relativeResultsDirectory="378c4682-afaa-48f5-a981-19068b7d056a" />
    <UnitTestResult executionId="e54e6753-8c4f-467b-a5d8-e1d1cfb4c660" testId="155cef56-405a-85ae-9a27-b7b657504e73" testName="TurnOverRuleRepeatedTrigger" computerName="reverse-code-generator-1da50478-scnm7" duration="00:00:00.0002668" startTime="2026-07-17T20:20:07.9173903+00:00" endTime="2026-07-17T20:20:07.9177266+00:00" testType="13cdc9d9-ddb5-4fa4-a97d-d965ccfc6d4b" outcome="Passed" testListId="8c84fa94-04c1-424b-9868-57a2d4851a1d" relativeResultsDirectory="e54e6753-8c4f-467b-a5d8-e1d1cfb4c660" />
    <UnitTestResult executionId="490ae0ef-f896-4339-bc2b-ba748192a25b" testId="1cfafd8e-0ccb-8bb4-92e0-e7a2d4afa24d" testName="Live_SubmitAndFillRaceSerializeThroughPortfolioLock" computerName="reverse-code-generator-1da50478-scnm7" duration="00:00:00.0196234" startTime="2026-07-17T20:20:08.2507807+00:00" endTime="2026-07-17T20:20:08.2704697+00:00" testType="13cdc9d9-ddb5-4fa4-a97d-d965ccfc6d4b" outcome="Passed" testListId="8c84fa94-04c1-424b-9868-57a2d4851a1d" relativeResultsDirectory="490ae0ef-f896-4339-bc2b-ba748192a25b" />
    <UnitTestResult executionId="3f5dac9b-70dd-42ab-a5e9-8210d0ec5172" testId="1d76e2af-8a34-8534-af53-bb1f1ef185ab" testName="TurnOverRule" computerName="reverse-code-generator-1da50478-scnm7" duration="00:00:00.0009968" startTime="2026-07-17T20:20:07.8922404+00:00" endTime="2026-07-17T20:20:07.8932782+00:00" testType="13cdc9d9-ddb5-4fa4-a97d-d965ccfc6d4b" outcome="Passed" testListId="8c84fa94-04c1-424b-9868-57a2d4851a1d" relativeResultsDirectory="3f5dac9b-70dd-42ab-a5e9-8210d0ec5172" />
    <UnitTestResult executionId="2e5fca53-0c6b-4248-b0a7-7226d45ea648" testId="1f3ef400-020a-8d6a-873a-a85443d6429c" testName="ProviderAddRule" computerName="reverse-code-generator-1da50478-scnm7" duration="00:00:00.0005007" startTime="2026-07-17T20:20:07.9094976+00:00" endTime="2026-07-17T20:20:07.9100348+00:00" testType="13cdc9d9-ddb5-4fa4-a97d-d965ccfc6d4b" outcome="Passed" testListId="8c84fa94-04c1-424b-9868-57a2d4851a1d" relativeResultsDirectory="2e5fca53-0c6b-4248-b0a7-7226d45ea648" />
    <UnitTestResult executionId="e12fe45f-8b1c-479b-8bd9-ef2c94391dd9" testId="1609ea5c-9797-805d-b802-9d75561a3378" testName="PerTradeRule" computerName="reverse-code-generator-1da50478-scnm7" duration="00:00:00.0004863" startTime="2026-07-17T20:20:07.6416516+00:00" endTime="2026-07-17T20:20:07.6422044+00:00" testType="13cdc9d9-ddb5-4fa4-a97d-d965ccfc6d4b" outcome="Passed" testListId="8c84fa94-04c1-424b-9868-57a2d4851a1d" relativeResultsDirectory="e12fe45f-8b1c-479b-8bd9-ef2c94391dd9" />
    <UnitTestResult executionId="06f4d4b6-8614-4f0f-8ef9-668783274a73" testId="1f2e3a08-4024-814b-ba77-a18cff22db00" testName="Live_FlipShortToLongPersists" computerName="reverse-code-generator-1da50478-scnm7" duration="00:00:00.0075215" startTime="2026-07-17T20:20:07.9636073+00:00" endTime="2026-07-17T20:20:07.9711675+00:00" testType="13cdc9d9-ddb5-4fa4-a97d-d965ccfc6d4b" outcome="Passed" testListId="8c84fa94-04c1-424b-9868-57a2d4851a1d" relativeResultsDirectory="06f4d4b6-8614-4f0f-8ef9-668783274a73" />
    <UnitTestResult executionId="658a063f-6fec-4dcc-a643-20957f90907e" testId="19ce7075-3efb-8cdf-9ee9-0ec5e550acfc" testName="RejectsNonPositiveQty" computerName="reverse-code-generator-1da50478-scnm7" duration="00:00:00.0002297" startTime="2026-07-17T20:20:07.9223078+00:00" endTime="2026-07-17T20:20:07.9225697+00:00" testType="13cdc9d9-ddb5-4fa4-a97d-d965ccfc6d4b" outcome="Passed" testListId="8c84fa94-04c1-424b-9868-57a2d4851a1d" relativeResultsDirectory="658a063f-6fec-4dcc-a643-20957f90907e" />
    <UnitTestResult executionId="80f28794-f34f-4145-b834-1d854879f160" testId="17164122-f7ba-880c-b953-7e165fd94b5a" testName="PerOrderVolumeRuleWithPercent" computerName="reverse-code-generator-1da50478-scnm7" duration="00:00:00.0002225" startTime="2026-07-17T20:20:07.9177445+00:00" endTime="2026-07-17T20:20:07.9180005+00:00" testType="13cdc9d9-ddb5-4fa4-a97d-d965ccfc6d4b" outcome="Passed" testListId="8c84fa94-04c1-424b-9868-57a2d4851a1d" relativeResultsDirectory="80f28794-f34f-4145-b834-1d854879f160" />
    <UnitTestResult executionId="7af7f433-c858-4811-b205-87b450726e83" testId="18f7dc6f-5a34-8478-ac8d-763488b52e38" testName="PerOrderVolumeRule" computerName="reverse-code-generator-1da50478-scnm7" duration="00:00:00.0004883" startTime="2026-07-17T20:20:07.6422289+00:00" endTime="2026-07-17T20:20:07.6427606+00:00" testType="13cdc9d9-ddb5-4fa4-a97d-d965ccfc6d4b" outcome="Passed" testListId="8c84fa94-04c1-424b-9868-57a2d4851a1d" relativeResultsDirectory="7af7f433-c858-4811-b205-87b450726e83" />
    <UnitTestResult executionId="6f793e0f-3b37-4d05-a2ac-0d8b2bd4cdb1" testId="1b790b03-f82c-8662-9921-89d798824d71" testName="Check5_PositionPostFill" computerName="reverse-code-generator-1da50478-scnm7" duration="00:00:00.0002318" startTime="2026-07-17T20:20:08.3957682+00:00" endTime="2026-07-17T20:20:08.3960296+00:00" testType="13cdc9d9-ddb5-4fa4-a97d-d965ccfc6d4b" outcome="Passed" testListId="8c84fa94-04c1-424b-9868-57a2d4851a1d" relativeResultsDirectory="6f793e0f-3b37-4d05-a2ac-0d8b2bd4cdb1" />
    <UnitTestResult executionId="dceb21ab-d019-402a-bacc-2920453e8c2f" testId="1058273f-a9b8-89b2-8abb-ca7e4b43e479" testName="PerOrderCountRulePartialFill" computerName="reverse-code-generator-1da50478-scnm7" duration="00:00:00.0003553" startTime="2026-07-17T20:20:07.9166094+00:00" endTime="2026-07-17T20:20:07.9170093+00:00" testType="13cdc9d9-ddb5-4fa4-a97d-d965ccfc6d4b" outcome="Passed" testListId="8c84fa94-04c1-424b-9868-57a2d4851a1d" relativeResultsDirectory="dceb21ab-d019-402a-bacc-2920453e8c2f" />
    <UnitTestResult executionId="e9061191-7780-4e45-b51b-376df9a81bc6" testId="1123ec56-6cdb-8194-814e-1032f18132ed" testName="PerOrderCountRule" computerName="reverse-code-generator-1da50478-scnm7" duration="00:00:00.0006637" startTime="2026-07-17T20:20:07.6434752+00:00" endTime="2026-07-17T20:20:07.6441773+00:00" testType="13cdc9d9-ddb5-4fa4-a97d-d965ccfc6d4b" outcome="Passed" testListId="8c84fa94-04c1-424b-9868-57a2d4851a1d" relativeResultsDirectory="e9061191-7780-4e45-b51b-376df9a81bc6" />
    <UnitTestResult executionId="a62bc1e2-681c-4eaf-bea6-92c8be4e8c20" testId="1ea09138-e85d-8cfc-8fa6-6ee096e6e252" testName="ManagerProcessResetMessage" computerName="reverse-code-generator-1da50478-scnm7" duration="00:00:00.0122632" startTime="2026-07-17T20:20:00.6266335+00:00" endTime="2026-07-17T20:20:01.9287239+00:00" testType="13cdc9d9-ddb5-4fa4-a97d-d965ccfc6d4b" outcome="Passed" testListId="8c84fa94-04c1-424b-9868-57a2d4851a1d" relativeResultsDirectory="a62bc1e2-681c-4eaf-bea6-92c8be4e8c20" />
    <UnitTestResult executionId="a42d26a5-e4d4-4cb4-b859-7d99ec19d097" testId="1313e697-9387-8c6c-a659-4d6935634cac" testName="ManagerReset" computerName="reverse-code-generator-1da50478-scnm7" duration="00:00:00.0003206" startTime="2026-07-17T20:20:07.9076421+00:00" endTime="2026-07-17T20:20:07.9079984+00:00" testType="13cdc9d9-ddb5-4fa4-a97d-d965ccfc6d4b" outcome="Passed" testListId="8c84fa94-04c1-424b-9868-57a2d4851a1d" relativeResultsDirectory="a42d26a5-e4d4-4cb4-b859-7d99ec19d097" />
    <UnitTestResult executionId="6164090c-f35e-4eaf-8f80-6d69233c74fb" testId="1bccb063-a921-890f-9475-000a37eac683" testName="Live_FutureEffectiveRowExcluded" computerName="reverse-code-generator-1da50478-scnm7" duration="00:00:00.0048685" startTime="2026-07-17T20:20:08.4297138+00:00" endTime="2026-07-17T20:20:08.4346246+00:00" testType="13cdc9d9-ddb5-4fa4-a97d-d965ccfc6d4b" outcome="Passed" testListId="8c84fa94-04c1-424b-9868-57a2d4851a1d" relativeResultsDirectory="6164090c-f35e-4eaf-8f80-6d69233c74fb" />
    <UnitTestResult executionId="45493b88-d02c-497d-900e-5d02f8bb0a98" testId="1003ccca-ffc9-8692-b753-df3da9c3cad4" testName="Live_OverflowQtyThrows" computerName="reverse-code-generator-1da50478-scnm7" duration="00:00:00.0035062" startTime="2026-07-17T20:20:08.4982069+00:00" endTime="2026-07-17T20:20:08.5017517+00:00" testType="13cdc9d9-ddb5-4fa4-a97d-d965ccfc6d4b" outcome="Passed" testListId="8c84fa94-04c1-424b-9868-57a2d4851a1d" relativeResultsDirectory="45493b88-d02c-497d-900e-5d02f8bb0a98" />
    <UnitTestResult executionId="ddce23d3-c868-42dd-8b5e-76125a55a983" testId="17e5686f-feb0-8da0-93af-e95658634763" testName="ProviderDefaultRules" computerName="reverse-code-generator-1da50478-scnm7" duration="00:00:00.0395305" startTime="2026-07-17T20:20:01.9931440+00:00" endTime="2026-07-17T20:20:02.0327201+00:00" testType="13cdc9d9-ddb5-4fa4-a97d-d965ccfc6d4b" outcome="Passed" testListId="8c84fa94-04c1-424b-9868-57a2d4851a1d" relativeResultsDirectory="ddce23d3-c868-42dd-8b5e-76125a55a983" />
    <UnitTestResult executionId="de602255-1df4-45f8-992a-a85eb0b84e06" testId="164f27d6-4f50-85b0-b364-c4684a842a1d" testName="Live_AddThenPartialClosePersists" computerName="reverse-code-generator-1da50478-scnm7" duration="00:00:00.0111326" startTime="2026-07-17T20:20:07.9448403+00:00" endTime="2026-07-17T20:20:07.9560132+00:00" testType="13cdc9d9-ddb5-4fa4-a97d-d965ccfc6d4b" outcome="Passed" testListId="8c84fa94-04c1-424b-9868-57a2d4851a1d" relativeResultsDirectory="de602255-1df4-45f8-992a-a85eb0b84e06" />
    <UnitTestResult executionId="b0dc1124-b41d-4b03-b83a-a739647a7626" testId="1ecdf6b6-7b7f-8db7-abf7-e10ca1d562e5" testName="PnLZeroLimit" computerName="reverse-code-generator-1da50478-scnm7" duration="00:00:00.0003277" startTime="2026-07-17T20:20:01.9557308+00:00" endTime="2026-07-17T20:20:01.9560995+00:00" testType="13cdc9d9-ddb5-4fa4-a97d-d965ccfc6d4b" outcome="Passed" testListId="8c84fa94-04c1-424b-9868-57a2d4851a1d" relativeResultsDirectory="b0dc1124-b41d-4b03-b83a-a739647a7626" />
    <UnitTestResult executionId="ca0d4768-bdeb-4c54-a972-5aa14aa09778" testId="11244a73-844f-8ca0-8092-cfed109205bf" testName="Live_GatewayRecordTradeSingleApplyEndToEnd" computerName="reverse-code-generator-1da50478-scnm7" duration="00:00:00.0382433" startTime="2026-07-17T20:20:08.0491052+00:00" endTime="2026-07-17T20:20:08.0874029+00:00" testType="13cdc9d9-ddb5-4fa4-a97d-d965ccfc6d4b" outcome="Passed" testListId="8c84fa94-04c1-424b-9868-57a2d4851a1d" relativeResultsDirectory="ca0d4768-bdeb-4c54-a972-5aa14aa09778" />
    <UnitTestResult executionId="c4883ae9-23c3-4e49-9b0b-f6b4426133a4" testId="1e4c672a-14bb-881a-9e68-4c436416ded3" testName="PositionSizeZero" computerName="reverse-code-generator-1da50478-scnm7" duration="00:00:00.0003450" startTime="2026-07-17T20:20:01.9562534+00:00" endTime="2026-07-17T20:20:01.9566397+00:00" testType="13cdc9d9-ddb5-4fa4-a97d-d965ccfc6d4b" outcome="Passed" testListId="8c84fa94-04c1-424b-9868-57a2d4851a1d" relativeResultsDirectory="c4883ae9-23c3-4e49-9b0b-f6b4426133a4" />
    <UnitTestResult executionId="5f50c796-aa17-4441-bc09-58d0834cc4fc" testId="115113fa-8249-85a0-88c5-b44de8a0cd7d" testName="ManagerApplyCanonicalLimitsNullThrows" computerName="reverse-code-generator-1da50478-scnm7" duration="00:00:00.0016095" startTime="2026-07-17T20:20:01.9335461+00:00" endTime="2026-07-17T20:20:01.9356319+00:00" testType="13cdc9d9-ddb5-4fa4-a97d-d965ccfc6d4b" outcome="Passed" testListId="8c84fa94-04c1-424b-9868-57a2d4851a1d" relativeResultsDirectory="5f50c796-aa17-4441-bc09-58d0834cc4fc" />
    <UnitTestResult executionId="5e43c2d5-e39a-4cf4-bfe6-d60e749597ae" testId="14c57ec9-3c86-8da3-805b-eee7fbeeb106" testName="SaveLoad" computerName="reverse-code-generator-1da50478-scnm7" duration="00:00:00.0003488" startTime="2026-07-17T20:20:01.9930693+00:00" endTime="2026-07-17T20:20:01.9934604+00:00" testType="13cdc9d9-ddb5-4fa4-a97d-d965ccfc6d4b" outcome="Passed" testListId="8c84fa94-04c1-424b-9868-57a2d4851a1d" relativeResultsDirectory="5e43c2d5-e39a-4cf4-bfe6-d60e749597ae" />
    <UnitTestResult executionId="fc5b60ee-3994-4dad-895b-56c7042d8a93" testId="1dc182cd-88c5-85ed-92dd-236d54f8f230" testName="PerTradeCountRule" computerName="reverse-code-generator-1da50478-scnm7" duration="00:00:00.0005252" startTime="2026-07-17T20:20:07.6441982+00:00" endTime="2026-07-17T20:20:07.6447589+00:00" testType="13cdc9d9-ddb5-4fa4-a97d-d965ccfc6d4b" outcome="Passed" testListId="8c84fa94-04c1-424b-9868-57a2d4851a1d" relativeResultsDirectory="fc5b60ee-3994-4dad-895b-56c7042d8a93" />
    <UnitTestResult executionId="ca7cbb32-e2aa-4f7d-9d4a-07694642a235" testId="16222eb6-6fdc-8ec0-954e-8bb2476a4831" testName="PnLZeroAbsolute" computerName="reverse-code-generator-1da50478-scnm7" duration="00:00:00.0004100" startTime="2026-07-17T20:20:01.9557522+00:00" endTime="2026-07-17T20:20:01.9562082+00:00" testType="13cdc9d9-ddb5-4fa4-a97d-d965ccfc6d4b" outcome="Passed" testListId="8c84fa94-04c1-424b-9868-57a2d4851a1d" relativeResultsDirectory="ca7cbb32-e2aa-4f7d-9d4a-07694642a235" />
    <UnitTestResult executionId="1cf8948f-d082-4498-a93d-cdc5876e898b" testId="187a09e9-7413-8e2b-989a-8fa9507065c4" testName="Check2_QtyCeiling" computerName="reverse-code-generator-1da50478-scnm7" duration="00:00:00.0001551" startTime="2026-07-17T20:20:08.3944445+00:00" endTime="2026-07-17T20:20:08.3946299+00:00" testType="13cdc9d9-ddb5-4fa4-a97d-d965ccfc6d4b" outcome="Passed" testListId="8c84fa94-04c1-424b-9868-57a2d4851a1d" relativeResultsDirectory="1cf8948f-d082-4498-a93d-cdc5876e898b" />
    <UnitTestResult executionId="d2c11601-ab6b-4ac4-bc4c-241ee88be6c0" testId="113d2251-1d9c-8b43-86a7-680a2d9ffaf0" testName="DailyVolume" computerName="reverse-code-generator-1da50478-scnm7" duration="00:00:00.0006672" startTime="2026-07-17T20:20:01.9852349+00:00" endTime="2026-07-17T20:20:01.9859431+00:00" testType="13cdc9d9-ddb5-4fa4-a97d-d965ccfc6d4b" outcome="Passed" testListId="8c84fa94-04c1-424b-9868-57a2d4851a1d" relativeResultsDirectory="d2c11601-ab6b-4ac4-bc4c-241ee88be6c0" />
    <UnitTestResult executionId="a78376ba-45b3-42b7-a4c6-4275825fbf9c" testId="1ef23d5b-ceb4-880b-b43a-42773965fbed" testName="CommissionOrder" computerName="reverse-code-generator-1da50478-scnm7" duration="00:00:00.0001917" startTime="2026-07-17T20:20:02.0332147+00:00" endTime="2026-07-17T20:20:02.0334439+00:00" testType="13cdc9d9-ddb5-4fa4-a97d-d965ccfc6d4b" outcome="Passed" testListId="8c84fa94-04c1-424b-9868-57a2d4851a1d" relativeResultsDirectory="a78376ba-45b3-42b7-a4c6-4275825fbf9c" />
    <UnitTestResult executionId="d482c065-7418-4bcf-b7cf-69a66fb49aab" testId="12a88af5-0215-8a0f-afd6-275c102204ae" testName="Live_CommissionEstimateFromTrades" computerName="reverse-code-generator-1da50478-scnm7" duration="00:00:00.0063938" startTime="2026-07-17T20:20:08.4572435+00:00" endTime="2026-07-17T20:20:08.4636883+00:00" testType="13cdc9d9-ddb5-4fa4-a97d-d965ccfc6d4b" outcome="Passed" testListId="8c84fa94-04c1-424b-9868-57a2d4851a1d" relativeResultsDirectory="d482c065-7418-4bcf-b7cf-69a66fb49aab" />
    <UnitTestResult executionId="9f79986e-8457-43da-bd9f-61fcc955deb7" testId="1d276a00-9915-859c-afcc-6ff8392697d4" testName="PositionTime" computerName="reverse-code-generator-1da50478-scnm7" duration="00:00:00.0055626" startTime="2026-07-17T20:20:01.9564050+00:00" endTime="2026-07-17T20:20:01.9620031+00:00" testType="13cdc9d9-ddb5-4fa4-a97d-d965ccfc6d4b" outcome="Passed" testListId="8c84fa94-04c1-424b-9868-57a2d4851a1d" relativeResultsDirectory="9f79986e-8457-43da-bd9f-61fcc955deb7" />
    <UnitTestResult executionId="cb2850a0-3b02-4dfc-888c-f636cce175da" testId="1e30de49-0375-87a0-950d-80970ff806ef" testName="Check3_NotionalValue" computerName="reverse-code-generator-1da50478-scnm7" duration="00:00:00.0002290" startTime="2026-07-17T20:20:08.3952551+00:00" endTime="2026-07-17T20:20:08.3955208+00:00" testType="13cdc9d9-ddb5-4fa4-a97d-d965ccfc6d4b" outcome="Passed" testListId="8c84fa94-04c1-424b-9868-57a2d4851a1d" relativeResultsDirectory="cb2850a0-3b02-4dfc-888c-f636cce175da" />
    <UnitTestResult executionId="a60380a5-d2a7-4ce3-825c-d9f3c9dd722d" testId="1359b00d-378e-8ab6-a8af-24265e12c842" testName="OrderPrice" computerName="reverse-code-generator-1da50478-scnm7" duration="00:00:00.0002823" startTime="2026-07-17T20:20:01.9590596+00:00" endTime="2026-07-17T20:20:01.9593756+00:00" testType="13cdc9d9-ddb5-4fa4-a97d-d965ccfc6d4b" outcome="Passed" testListId="8c84fa94-04c1-424b-9868-57a2d4851a1d" relativeResultsDirectory="a60380a5-d2a7-4ce3-825c-d9f3c9dd722d" />
    <UnitTestResult executionId="4dabba15-fb0c-4693-a39d-aafac3485682" testId="1f0a3b11-7590-88a6-993f-7ca5dd21e79f" testName="PartialCloseRealizesPnl" computerName="reverse-code-generator-1da50478-scnm7" duration="00:00:00.0002531" startTime="2026-07-17T20:20:07.9208073+00:00" endTime="2026-07-17T20:20:07.9210979+00:00" testType="13cdc9d9-ddb5-4fa4-a97d-d965ccfc6d4b" outcome="Passed" testListId="8c84fa94-04c1-424b-9868-57a2d4851a1d" relativeResultsDirectory="4dabba15-fb0c-4693-a39d-aafac3485682" />
    <UnitTestResult executionId="64fafe9c-417e-48e8-8482-13e128fe774d" testId="1022e153-a3b3-8d3e-af65-a0259b938591" testName="CommissionNegative" computerName="reverse-code-generator-1da50478-scnm7" duration="00:00:00.0002109" startTime="2026-07-17T20:20:01.9576578+00:00" endTime="2026-07-17T20:20:01.9579200+00:00" testType="13cdc9d9-ddb5-4fa4-a97d-d965ccfc6d4b" outcome="Passed" testListId="8c84fa94-04c1-424b-9868-57a2d4851a1d" relativeResultsDirectory="64fafe9c-417e-48e8-8482-13e128fe774d" />
    <UnitTestResult executionId="13c22db1-ec16-489a-9dcc-c39240623b8b" testId="1c8257bc-3cbc-8b3e-9016-cc7bea4dd611" testName="DailyVolumeUsesTrustedClockNotMessageTime" computerName="reverse-code-generator-1da50478-scnm7" duration="00:00:00.0003404" startTime="2026-07-17T20:20:01.9864107+00:00" endTime="2026-07-17T20:20:01.9867869+00:00" testType="13cdc9d9-ddb5-4fa4-a97d-d965ccfc6d4b" outcome="Passed" testListId="8c84fa94-04c1-424b-9868-57a2d4851a1d" relativeResultsDirectory="13c22db1-ec16-489a-9dcc-c39240623b8b" />
    <UnitTestResult executionId="c86c18ac-55dc-4d9c-af60-bc11812de8fa" testId="18d0f686-86f9-8c09-8b8a-25f4407feb95" testName="Check6_CommissionEstimate" computerName="reverse-code-generator-1da50478-scnm7" duration="00:00:00.0002728" startTime="2026-07-17T20:20:08.3960450+00:00" endTime="2026-07-17T20:20:08.3963568+00:00" testType="13cdc9d9-ddb5-4fa4-a97d-d965ccfc6d4b" outcome="Passed" testListId="8c84fa94-04c1-424b-9868-57a2d4851a1d" relativeResultsDirectory="c86c18ac-55dc-4d9c-af60-bc11812de8fa" />
    <UnitTestResult executionId="7fb70d50-c86e-4541-9097-18d2efbb3aad" testId="1a1e3110-e813-8eb6-be5c-a071ef6343c3" testName="Live_AuditTriggerRecordsStatusUpdatesNotInserts" computerName="reverse-code-generator-1da50478-scnm7" duration="00:00:00.0139664" startTime="2026-07-17T20:20:08.3518978+00:00" endTime="2026-07-17T20:20:08.3659256+00:00" testType="13cdc9d9-ddb5-4fa4-a97d-d965ccfc6d4b" outcome="Passed" testListId="8c84fa94-04c1-424b-9868-57a2d4851a1d" relativeResultsDirectory="7fb70d50-c86e-4541-9097-18d2efbb3aad" />
    <UnitTestResult executionId="d6dfcaaa-a879-4068-8b0c-f54e05a13495" testId="1673bfbc-3973-8f42-879e-e907de725734" testName="UpdateTitle" computerName="reverse-code-generator-1da50478-scnm7" duration="00:00:00.0005711" startTime="2026-07-17T20:20:01.9925103+00:00" endTime="2026-07-17T20:20:01.9931201+00:00" testType="13cdc9d9-ddb5-4fa4-a97d-d965ccfc6d4b" outcome="Passed" testListId="8c84fa94-04c1-424b-9868-57a2d4851a1d" relativeResultsDirectory="d6dfcaaa-a879-4068-8b0c-f54e05a13495" />
    <UnitTestResult executionId="0092d344-9c04-4569-9f75-b6e7177b0ba9" testId="19c5ce12-31eb-8e47-b76b-023b3eb4ab4f" testName="Live_DailyVolumeStatusAndDayFilter" computerName="reverse-code-generator-1da50478-scnm7" duration="00:00:00.0109809" startTime="2026-07-17T20:20:08.4637058+00:00" endTime="2026-07-17T20:20:08.4747244+00:00" testType="13cdc9d9-ddb5-4fa4-a97d-d965ccfc6d4b" outcome="Passed" testListId="8c84fa94-04c1-424b-9868-57a2d4851a1d" relativeResultsDirectory="0092d344-9c04-4569-9f75-b6e7177b0ba9" />
    <UnitTestResult executionId="2450d192-6ac6-4255-8d6a-24ad77cd5480" testId="11259ccc-2258-8c93-ba04-95dbd47e2e97" testName="EvaluateFailsClosedOnMalformedConfig" computerName="reverse-code-generator-1da50478-scnm7" duration="00:00:00.0007031" startTime="2026-07-17T20:20:08.3934494+00:00" endTime="2026-07-17T20:20:08.3941867+00:00" testType="13cdc9d9-ddb5-4fa4-a97d-d965ccfc6d4b" outcome="Passed" testListId="8c84fa94-04c1-424b-9868-57a2d4851a1d" relativeResultsDirectory="2450d192-6ac6-4255-8d6a-24ad77cd5480" />
    <UnitTestResult executionId="38d56614-8a3c-4b5b-83b5-205a365833f9" testId="1169968e-e071-8316-a38b-9d65bb052455" testName="ManagerSaveLoad" computerName="reverse-code-generator-1da50478-scnm7" duration="00:00:00.0015966" startTime="2026-07-17T20:20:07.9059941+00:00" endTime="2026-07-17T20:20:07.9076242+00:00" testType="13cdc9d9-ddb5-4fa4-a97d-d965ccfc6d4b" outcome="Passed" testListId="8c84fa94-04c1-424b-9868-57a2d4851a1d" relativeResultsDirectory="38d56614-8a3c-4b5b-83b5-205a365833f9" />
    <UnitTestResult executionId="c0a7d85b-d3f0-4fca-a3fa-550f9fab77bf" testId="15a7d560-ca88-84de-9458-a22e80d5e7d0" testName="OrderVolumeInvalidVolume" computerName="reverse-code-generator-1da50478-scnm7" duration="00:00:00.0002893" startTime="2026-07-17T20:20:01.9596306+00:00" endTime="2026-07-17T20:20:01.9599521+00:00" testType="13cdc9d9-ddb5-4fa4-a97d-d965ccfc6d4b" outcome="Passed" testListId="8c84fa94-04c1-424b-9868-57a2d4851a1d" relativeResultsDirectory="c0a7d85b-d3f0-4fca-a3fa-550f9fab77bf" />
    <UnitTestResult executionId="5607f85a-55c3-4c3a-a455-29a56578a2f3" testId="102ac737-5865-8ffe-a714-56fcd22c5bc5" testName="TradeFreq" computerName="reverse-code-generator-1da50478-scnm7" duration="00:00:00.0006924" startTime="2026-07-17T20:20:01.9894683+00:00" endTime="2026-07-17T20:20:01.9902009+00:00" testType="13cdc9d9-ddb5-4fa4-a97d-d965ccfc6d4b" outcome="Passed" testListId="8c84fa94-04c1-424b-9868-57a2d4851a1d" relativeResultsDirectory="5607f85a-55c3-4c3a-a455-29a56578a2f3" />
    <UnitTestResult executionId="0bfbd401-9a9e-49c3-8027-454499a3774d" testId="17939b8f-86b9-8e53-8d79-e4627faf108a" testName="Live_FrequencyRollingCount" computerName="reverse-code-generator-1da50478-scnm7" duration="00:00:00.0096539" startTime="2026-07-17T20:20:08.4413104+00:00" endTime="2026-07-17T20:20:08.4510059+00:00" testType="13cdc9d9-ddb5-4fa4-a97d-d965ccfc6d4b" outcome="Passed" testListId="8c84fa94-04c1-424b-9868-57a2d4851a1d" relativeResultsDirectory="0bfbd401-9a9e-49c3-8027-454499a3774d" />
    <UnitTestResult executionId="ed6807aa-11af-4442-9b8b-a100ff9398af" testId="146eaf18-9335-8042-bedd-60b4e70e78d1" testName="Live_DemoScenarioThreeOutcomes" computerName="reverse-code-generator-1da50478-scnm7" duration="00:00:00.0237335" startTime="2026-07-17T20:20:08.3659487+00:00" endTime="2026-07-17T20:20:08.3897556+00:00" testType="13cdc9d9-ddb5-4fa4-a97d-d965ccfc6d4b" outcome="Passed" testListId="8c84fa94-04c1-424b-9868-57a2d4851a1d" relativeResultsDirectory="ed6807aa-11af-4442-9b8b-a100ff9398af" />
    <UnitTestResult executionId="026014d0-34f6-4035-9618-c606774ffa4e" testId="1d67f28a-bf3e-8cdf-8d0a-11eff8e0c393" testName="Live_UnsupportedOrderTypeThrows" computerName="reverse-code-generator-1da50478-scnm7" duration="00:00:00.0045261" startTime="2026-07-17T20:20:08.4904435+00:00" endTime="2026-07-17T20:20:08.4950123+00:00" testType="13cdc9d9-ddb5-4fa4-a97d-d965ccfc6d4b" outcome="Passed" testListId="8c84fa94-04c1-424b-9868-57a2d4851a1d" relativeResultsDirectory="026014d0-34f6-4035-9618-c606774ffa4e" />
    <UnitTestResult executionId="9fd9bd97-217b-44ea-b621-3473961075cf" testId="135b80b4-1e6a-8cf1-844f-649334724f77" testName="TradePrice" computerName="reverse-code-generator-1da50478-scnm7" duration="00:00:00.0006239" startTime="2026-07-17T20:20:01.9881318+00:00" endTime="2026-07-17T20:20:01.9888024+00:00" testType="13cdc9d9-ddb5-4fa4-a97d-d965ccfc6d4b" outcome="Passed" testListId="8c84fa94-04c1-424b-9868-57a2d4851a1d" relativeResultsDirectory="9fd9bd97-217b-44ea-b621-3473961075cf" />
    <UnitTestResult executionId="118424ee-154c-4029-9823-2d87172fec14" testId="1cad370a-44fe-83f3-977e-0042753e2d18" testName="Live_RejectedOrderCannotBeFilled" computerName="reverse-code-generator-1da50478-scnm7" duration="00:00:00.0201159" startTime="2026-07-17T20:20:08.2078672+00:00" endTime="2026-07-17T20:20:08.2280403+00:00" testType="13cdc9d9-ddb5-4fa4-a97d-d965ccfc6d4b" outcome="Passed" testListId="8c84fa94-04c1-424b-9868-57a2d4851a1d" relativeResultsDirectory="118424ee-154c-4029-9823-2d87172fec14" />
    <UnitTestResult executionId="d5e70598-2e7d-4acc-9f03-1705c4ac631c" testId="140cd26a-9b5e-813b-b653-f863472669df" testName="Live_PositionPostFillProjection" computerName="reverse-code-generator-1da50478-scnm7" duration="00:00:00.0054883" startTime="2026-07-17T20:20:08.4510263+00:00" endTime="2026-07-17T20:20:08.4565572+00:00" testType="13cdc9d9-ddb5-4fa4-a97d-d965ccfc6d4b" outcome="Passed" testListId="8c84fa94-04c1-424b-9868-57a2d4851a1d" relativeResultsDirectory="d5e70598-2e7d-4acc-9f03-1705c4ac631c" />
    <UnitTestResult executionId="116171c2-2d57-4ad0-bb88-1c413472b56f" testId="13bc0a9a-3f1d-8197-b04f-1aedddec68b0" testName="ExactCloseZeroesPosition" computerName="reverse-code-generator-1da50478-scnm7" duration="00:00:00.0001394" startTime="2026-07-17T20:20:07.9211145+00:00" endTime="2026-07-17T20:20:07.9212842+00:00" testType="13cdc9d9-ddb5-4fa4-a97d-d965ccfc6d4b" outcome="Passed" testListId="8c84fa94-04c1-424b-9868-57a2d4851a1d" relativeResultsDirectory="116171c2-2d57-4ad0-bb88-1c413472b56f" />
    <UnitTestResult executionId="91c8f116-9774-42d5-a99f-92c15d55b007" testId="162ff09c-db7b-8ccb-8f02-9c281c47c506" testName="Slippage" computerName="reverse-code-generator-1da50478-scnm7" duration="00:00:00.0004610" startTime="2026-07-17T20:20:01.9579417+00:00" endTime="2026-07-17T20:20:01.9584383+00:00" testType="13cdc9d9-ddb5-4fa4-a97d-d965ccfc6d4b" outcome="Passed" testListId="8c84fa94-04c1-424b-9868-57a2d4851a1d" relativeResultsDirectory="91c8f116-9774-42d5-a99f-92c15d55b007" />
    <UnitTestResult executionId="21f91870-526e-422b-8886-27c3fb5c2135" testId="15c735a1-14ea-8c54-bb37-0a6064a10eb7" testName="BoardCodeRule" computerName="reverse-code-generator-1da50478-scnm7" duration="00:00:00.0006554" startTime="2026-07-17T20:20:07.8915203+00:00" endTime="2026-07-17T20:20:07.8922198+00:00" testType="13cdc9d9-ddb5-4fa4-a97d-d965ccfc6d4b" outcome="Passed" testListId="8c84fa94-04c1-424b-9868-57a2d4851a1d" relativeResultsDirectory="21f91870-526e-422b-8886-27c3fb5c2135" />
    <UnitTestResult executionId="13f415b0-ddb4-42b9-8cee-147f463462d7" testId="183800ee-a435-8c22-9296-d98d58c180ce" testName="ManagerApplyCanonicalLimitsShortSymmetry" computerName="reverse-code-generator-1da50478-scnm7" duration="00:00:00.0045267" startTime="2026-07-17T20:20:01.9427745+00:00" endTime="2026-07-17T20:20:01.9473428+00:00" testType="13cdc9d9-ddb5-4fa4-a97d-d965ccfc6d4b" outcome="Passed" testListId="8c84fa94-04c1-424b-9868-57a2d4851a1d" relativeResultsDirectory="13f415b0-ddb4-42b9-8cee-147f463462d7" />
    <UnitTestResult executionId="ab69a54e-ca1b-45e7-a4dd-b685d39fd8bb" testId="1de7425b-aade-8b90-a5bd-b5a9045ed242" testName="OrderFreqRollingCountAtLeastAsStrict" computerName="reverse-code-generator-1da50478-scnm7" duration="00:00:00.0013138" startTime="2026-07-17T20:20:01.9611331+00:00" endTime="2026-07-17T20:20:01.9624871+00:00" testType="13cdc9d9-ddb5-4fa4-a97d-d965ccfc6d4b" outcome="Passed" testListId="8c84fa94-04c1-424b-9868-57a2d4851a1d" relativeResultsDirectory="ab69a54e-ca1b-45e7-a4dd-b685d39fd8bb" />
    <UnitTestResult executionId="1b994442-05e3-48bb-b1f6-f4e74bb08efe" testId="17f1af33-9ccc-8c44-bc5e-069558f52914" testName="AcceptsCompliantOrder" computerName="reverse-code-generator-1da50478-scnm7" duration="00:00:00.0005572" startTime="2026-07-17T20:20:08.3897939+00:00" endTime="2026-07-17T20:20:08.3907380+00:00" testType="13cdc9d9-ddb5-4fa4-a97d-d965ccfc6d4b" outcome="Passed" testListId="8c84fa94-04c1-424b-9868-57a2d4851a1d" relativeResultsDirectory="1b994442-05e3-48bb-b1f6-f4e74bb08efe" />
    <UnitTestResult executionId="59984711-cd97-44e2-b146-02c66374a215" testId="1aca217e-b106-871e-b89e-430b10d13395" testName="PerOrderVolumeRuleWithNullValues" computerName="reverse-code-generator-1da50478-scnm7" duration="00:00:00.0001588" startTime="2026-07-17T20:20:07.9184777+00:00" endTime="2026-07-17T20:20:07.9186893+00:00" testType="13cdc9d9-ddb5-4fa4-a97d-d965ccfc6d4b" outcome="Passed" testListId="8c84fa94-04c1-424b-9868-57a2d4851a1d" relativeResultsDirectory="59984711-cd97-44e2-b146-02c66374a215" />
    <UnitTestResult executionId="b7fcdc78-c316-47be-b54b-45bb9785c157" testId="19a7623d-2b4d-808a-8a11-b4a71c0e94fe" testName="Live_BackdatedTradeReconciles" computerName="reverse-code-generator-1da50478-scnm7" duration="00:00:00.0104985" startTime="2026-07-17T20:20:08.0055541+00:00" endTime="2026-07-17T20:20:08.0160933+00:00" testType="13cdc9d9-ddb5-4fa4-a97d-d965ccfc6d4b" outcome="Passed" testListId="8c84fa94-04c1-424b-9868-57a2d4851a1d" relativeResultsDirectory="b7fcdc78-c316-47be-b54b-45bb9785c157" />
    <UnitTestResult executionId="9391382b-8050-4018-bf5b-bb57ca2d6176" testId="1d464fef-a3bf-8143-b0c1-f16ba72d09b7" testName="OrderFreq" computerName="reverse-code-generator-1da50478-scnm7" duration="00:00:00.0010944" startTime="2026-07-17T20:20:01.9599751+00:00" endTime="2026-07-17T20:20:01.9611059+00:00" testType="13cdc9d9-ddb5-4fa4-a97d-d965ccfc6d4b" outcome="Passed" testListId="8c84fa94-04c1-424b-9868-57a2d4851a1d" relativeResultsDirectory="9391382b-8050-4018-bf5b-bb57ca2d6176" />
    <UnitTestResult executionId="5c0daa6e-99f1-4a72-838d-9a542721ca02" testId="114c48a4-24a4-842d-bbc3-8254d6245ef2" testName="ManagerTradeMessage" computerName="reverse-code-generator-1da50478-scnm7" duration="00:00:00.0001848" startTime="2026-07-17T20:20:07.9037336+00:00" endTime="2026-07-17T20:20:07.9039545+00:00" testType="13cdc9d9-ddb5-4fa4-a97d-d965ccfc6d4b" outcome="Passed" testListId="8c84fa94-04c1-424b-9868-57a2d4851a1d" relativeResultsDirectory="5c0daa6e-99f1-4a72-838d-9a542721ca02" />
    <UnitTestResult executionId="55fa2be1-1d14-4194-8c17-c7cbf4157f77" testId="1defa781-25aa-8a67-bb80-06e2a4da6e3a" testName="OrderVolumeSubScaleBoundaryMatchesGate" computerName="reverse-code-generator-1da50478-scnm7" duration="00:00:00.0001739" startTime="2026-07-17T20:20:01.9635343+00:00" endTime="2026-07-17T20:20:01.9637431+00:00" testType="13cdc9d9-ddb5-4fa4-a97d-d965ccfc6d4b" outcome="Passed" testListId="8c84fa94-04c1-424b-9868-57a2d4851a1d" relativeResultsDirectory="55fa2be1-1d14-4194-8c17-c7cbf4157f77" />
    <UnitTestResult executionId="98c67c6b-5a50-4fce-bca8-352cc1200fe7" testId="1c95daf0-4faa-8f9c-8d5d-0b85019de7fd" testName="ManagerAddRemoveRules" computerName="reverse-code-generator-1da50478-scnm7" duration="00:00:00.0122301" startTime="2026-07-17T20:20:00.6090839+00:00" endTime="2026-07-17T20:20:01.9287252+00:00" testType="13cdc9d9-ddb5-4fa4-a97d-d965ccfc6d4b" outcome="Passed" testListId="8c84fa94-04c1-424b-9868-57a2d4851a1d" relativeResultsDirectory="98c67c6b-5a50-4fce-bca8-352cc1200fe7" />
    <UnitTestResult executionId="054852b3-d77a-40da-b632-a5de83bf62db" testId="1f722d89-01be-80f2-af4a-d12cd4959b17" testName="CommissionAccumulationIsThreadSafe" computerName="reverse-code-generator-1da50478-scnm7" duration="00:00:00.0246963" startTime="2026-07-17T20:20:01.9677490+00:00" endTime="2026-07-17T20:20:01.9924832+00:00" testType="13cdc9d9-ddb5-4fa4-a97d-d965ccfc6d4b" outcome="Passed" testListId="8c84fa94-04c1-424b-9868-57a2d4851a1d" relativeResultsDirectory="054852b3-d77a-40da-b632-a5de83bf62db" />
    <UnitTestResult executionId="1f2c773c-f97a-48ee-b7fd-01d973b8ce14" testId="12baaba7-daeb-861a-96fd-3bcdb8577aff" testName="SideBuySellHandling" computerName="reverse-code-generator-1da50478-scnm7" duration="00:00:00.0003708" startTime="2026-07-17T20:20:08.3985017+00:00" endTime="2026-07-17T20:20:08.3989060+00:00" testType="13cdc9d9-ddb5-4fa4-a97d-d965ccfc6d4b" outcome="Passed" testListId="8c84fa94-04c1-424b-9868-57a2d4851a1d" relativeResultsDirectory="1f2c773c-f97a-48ee-b7fd-01d973b8ce14" />
    <UnitTestResult executionId="3cef0610-94f0-47fe-80aa-681fa7a85457" testId="12b0a354-8c08-80d8-84fa-7be26ec72c42" testName="OverSellFlipsPosition" computerName="reverse-code-generator-1da50478-scnm7" duration="00:00:00.0001244" startTime="2026-07-17T20:20:07.9213002+00:00" endTime="2026-07-17T20:20:07.9214539+00:00" testType="13cdc9d9-ddb5-4fa4-a97d-d965ccfc6d4b" outcome="Passed" testListId="8c84fa94-04c1-424b-9868-57a2d4851a1d" relativeResultsDirectory="3cef0610-94f0-47fe-80aa-681fa7a85457" />
    <UnitTestResult executionId="2386368b-0c87-41c0-83e4-43e3de9b7e92" testId="11ec0eef-0605-887a-9a4f-c6d6485b0978" testName="ProviderAddRemoveRule" computerName="reverse-code-generator-1da50478-scnm7" duration="00:00:00.0389840" startTime="2026-07-17T20:20:01.9938827+00:00" endTime="2026-07-17T20:20:02.0329131+00:00" testType="13cdc9d9-ddb5-4fa4-a97d-d965ccfc6d4b" outcome="Passed" testListId="8c84fa94-04c1-424b-9868-57a2d4851a1d" relativeResultsDirectory="2386368b-0c87-41c0-83e4-43e3de9b7e92" />
    <UnitTestResult executionId="dd3a8638-5080-4277-b180-71a96f847c7c" testId="1a397535-4656-888e-b7ca-1041d79c0e38" testName="RealizedPnlAccumulatesOntoExisting" computerName="reverse-code-generator-1da50478-scnm7" duration="00:00:00.0001529" startTime="2026-07-17T20:20:07.9218105+00:00" endTime="2026-07-17T20:20:07.9219902+00:00" testType="13cdc9d9-ddb5-4fa4-a97d-d965ccfc6d4b" outcome="Passed" testListId="8c84fa94-04c1-424b-9868-57a2d4851a1d" relativeResultsDirectory="dd3a8638-5080-4277-b180-71a96f847c7c" />
    <UnitTestResult executionId="2299e8c6-2474-43fa-91f1-30cb716faf2e" testId="11c6b09d-ba5c-8962-bda2-3c9e71aedb4d" testName="OrderFreqBoundary" computerName="reverse-code-generator-1da50478-scnm7" duration="00:00:00.0004171" startTime="2026-07-17T20:20:01.9611965+00:00" endTime="2026-07-17T20:20:01.9616560+00:00" testType="13cdc9d9-ddb5-4fa4-a97d-d965ccfc6d4b" outcome="Passed" testListId="8c84fa94-04c1-424b-9868-57a2d4851a1d" relativeResultsDirectory="2299e8c6-2474-43fa-91f1-30cb716faf2e" />
    <UnitTestResult executionId="430f18f0-624f-432b-9c42-270906858331" testId="1bddb17f-a5cc-875b-8399-528e1e2aa4ab" testName="Error" computerName="reverse-code-generator-1da50478-scnm7" duration="00:00:00.0005009" startTime="2026-07-17T20:20:01.9902269+00:00" endTime="2026-07-17T20:20:01.9907717+00:00" testType="13cdc9d9-ddb5-4fa4-a97d-d965ccfc6d4b" outcome="Passed" testListId="8c84fa94-04c1-424b-9868-57a2d4851a1d" relativeResultsDirectory="430f18f0-624f-432b-9c42-270906858331" />
    <UnitTestResult executionId="1714e07d-a474-43fc-9197-c6c03f2c47ec" testId="1c782266-08bc-84c2-b7d2-e52111e1d886" testName="ManagerCreateRulesPropagatesAction" computerName="reverse-code-generator-1da50478-scnm7" duration="00:00:00.0037747" startTime="2026-07-17T20:20:01.9337922+00:00" endTime="2026-07-17T20:20:01.9377731+00:00" testType="13cdc9d9-ddb5-4fa4-a97d-d965ccfc6d4b" outcome="Passed" testListId="8c84fa94-04c1-424b-9868-57a2d4851a1d" relativeResultsDirectory="1714e07d-a474-43fc-9197-c6c03f2c47ec" />
    <UnitTestResult executionId="edf465fe-6e0e-4464-8dc9-7e9a99140918" testId="1eaa0748-d0f2-8ea6-82dd-3d39ce914a95" testName="SlippageNegative" computerName="reverse-code-generator-1da50478-scnm7" duration="00:00:00.0002122" startTime="2026-07-17T20:20:01.9584748+00:00" endTime="2026-07-17T20:20:01.9587240+00:00" testType="13cdc9d9-ddb5-4fa4-a97d-d965ccfc6d4b" outcome="Passed" testListId="8c84fa94-04c1-424b-9868-57a2d4851a1d" relativeResultsDirectory="edf465fe-6e0e-4464-8dc9-7e9a99140918" />
    <UnitTestResult executionId="9f0deb79-a1d6-48af-a2c5-c8d418e4f418" testId="1e00cc6b-0e3d-8f40-9e03-7eba03260beb" testName="PerTradePriceRule" computerName="reverse-code-generator-1da50478-scnm7" duration="00:00:00.0010270" startTime="2026-07-17T20:20:07.6447777+00:00" endTime="2026-07-17T20:20:07.6458482+00:00" testType="13cdc9d9-ddb5-4fa4-a97d-d965ccfc6d4b" outcome="Passed" testListId="8c84fa94-04c1-424b-9868-57a2d4851a1d" relativeResultsDirectory="9f0deb79-a1d6-48af-a2c5-c8d418e4f418" />
    <UnitTestResult executionId="88bdcfe2-3480-4248-b784-30fe9a55a840" testId="1d43e842-bfa0-834d-8818-49a505220242" testName="DailyVolumeSubScaleAccumulationMatchesGate" computerName="reverse-code-generator-1da50478-scnm7" duration="00:00:00.0023332" startTime="2026-07-17T20:20:01.9640257+00:00" endTime="2026-07-17T20:20:01.9663947+00:00" testType="13cdc9d9-ddb5-4fa4-a97d-d965ccfc6d4b" outcome="Passed" testListId="8c84fa94-04c1-424b-9868-57a2d4851a1d" relativeResultsDirectory="88bdcfe2-3480-4248-b784-30fe9a55a840" />
    <UnitTestResult executionId="104767f7-272a-4968-a9de-dbf0e5b047ab" testId="1a2b576e-40fb-83c9-bbd7-7f6b52fbfc4d" testName="Check4_Frequency" computerName="reverse-code-generator-1da50478-scnm7" duration="00:00:00.0001805" startTime="2026-07-17T20:20:08.3955381+00:00" endTime="2026-07-17T20:20:08.3957497+00:00" testType="13cdc9d9-ddb5-4fa4-a97d-d965ccfc6d4b" outcome="Passed" testListId="8c84fa94-04c1-424b-9868-57a2d4851a1d" relativeResultsDirectory="104767f7-272a-4968-a9de-dbf0e5b047ab" />
    <UnitTestResult executionId="7e28a9e8-8880-46b3-b672-1e4714cb0f6e" testId="14b7f615-3847-87af-af78-f56443681f6a" testName="Live_AcceptsCompliantOrder" computerName="reverse-code-generator-1da50478-scnm7" duration="00:00:00.0145260" startTime="2026-07-17T20:20:08.3995151+00:00" endTime="2026-07-17T20:20:08.4140839+00:00" testType="13cdc9d9-ddb5-4fa4-a97d-d965ccfc6d4b" outcome="Passed" testListId="8c84fa94-04c1-424b-9868-57a2d4851a1d" relativeResultsDirectory="7e28a9e8-8880-46b3-b672-1e4714cb0f6e" />
    <UnitTestResult executionId="ad8a6b2a-9bf1-4069-93b7-bee2b8569ce0" testId="190b9f6b-d20b-8328-b46d-5ba8d700b72d" testName="DailyVolumeInvalidVolume" computerName="reverse-code-generator-1da50478-scnm7" duration="00:00:00.0001694" startTime="2026-07-17T20:20:01.9861838+00:00" endTime="2026-07-17T20:20:01.9863882+00:00" testType="13cdc9d9-ddb5-4fa4-a97d-d965ccfc6d4b" outcome="Passed" testListId="8c84fa94-04c1-424b-9868-57a2d4851a1d" relativeResultsDirectory="ad8a6b2a-9bf1-4069-93b7-bee2b8569ce0" />
    <UnitTestResult executionId="51553761-dc2f-4db0-868c-dbc1070bd86e" testId="13aa6256-7a29-83fd-891c-3b7e50320e7c" testName="Live_CommissionEstimateUsesTradedNotionalFromRealGate" computerName="reverse-code-generator-1da50478-scnm7" duration="00:00:00.2363809" startTime="2026-07-17T20:20:07.6458732+00:00" endTime="2026-07-17T20:20:07.8823402+00:00" testType="13cdc9d9-ddb5-4fa4-a97d-d965ccfc6d4b" outcome="Passed" testListId="8c84fa94-04c1-424b-9868-57a2d4851a1d" relativeResultsDirectory="51553761-dc2f-4db0-868c-dbc1070bd86e" />
[...]
    <TestEntry testId="155cef56-405a-85ae-9a27-b7b657504e73" executionId="e54e6753-8c4f-467b-a5d8-e1d1cfb4c660" testListId="8c84fa94-04c1-424b-9868-57a2d4851a1d" />
    <TestEntry testId="1cfafd8e-0ccb-8bb4-92e0-e7a2d4afa24d" executionId="490ae0ef-f896-4339-bc2b-ba748192a25b" testListId="8c84fa94-04c1-424b-9868-57a2d4851a1d" />
    <TestEntry testId="1d76e2af-8a34-8534-af53-bb1f1ef185ab" executionId="3f5dac9b-70dd-42ab-a5e9-8210d0ec5172" testListId="8c84fa94-04c1-424b-9868-57a2d4851a1d" />
    <TestEntry testId="1f3ef400-020a-8d6a-873a-a85443d6429c" executionId="2e5fca53-0c6b-4248-b0a7-7226d45ea648" testListId="8c84fa94-04c1-424b-9868-57a2d4851a1d" />
    <TestEntry testId="1609ea5c-9797-805d-b802-9d75561a3378" executionId="e12fe45f-8b1c-479b-8bd9-ef2c94391dd9" testListId="8c84fa94-04c1-424b-9868-57a2d4851a1d" />
    <TestEntry testId="1f2e3a08-4024-814b-ba77-a18cff22db00" executionId="06f4d4b6-8614-4f0f-8ef9-668783274a73" testListId="8c84fa94-04c1-424b-9868-57a2d4851a1d" />
    <TestEntry testId="19ce7075-3efb-8cdf-9ee9-0ec5e550acfc" executionId="658a063f-6fec-4dcc-a643-20957f90907e" testListId="8c84fa94-04c1-424b-9868-57a2d4851a1d" />
    <TestEntry testId="17164122-f7ba-880c-b953-7e165fd94b5a" executionId="80f28794-f34f-4145-b834-1d854879f160" testListId="8c84fa94-04c1-424b-9868-57a2d4851a1d" />
    <TestEntry testId="18f7dc6f-5a34-8478-ac8d-763488b52e38" executionId="7af7f433-c858-4811-b205-87b450726e83" testListId="8c84fa94-04c1-424b-9868-57a2d4851a1d" />
    <TestEntry testId="1b790b03-f82c-8662-9921-89d798824d71" executionId="6f793e0f-3b37-4d05-a2ac-0d8b2bd4cdb1" testListId="8c84fa94-04c1-424b-9868-57a2d4851a1d" />
    <TestEntry testId="1058273f-a9b8-89b2-8abb-ca7e4b43e479" executionId="dceb21ab-d019-402a-bacc-2920453e8c2f" testListId="8c84fa94-04c1-424b-9868-57a2d4851a1d" />
    <TestEntry testId="1123ec56-6cdb-8194-814e-1032f18132ed" executionId="e9061191-7780-4e45-b51b-376df9a81bc6" testListId="8c84fa94-04c1-424b-9868-57a2d4851a1d" />
    <TestEntry testId="1ea09138-e85d-8cfc-8fa6-6ee096e6e252" executionId="a62bc1e2-681c-4eaf-bea6-92c8be4e8c20" testListId="8c84fa94-04c1-424b-9868-57a2d4851a1d" />
    <TestEntry testId="1313e697-9387-8c6c-a659-4d6935634cac" executionId="a42d26a5-e4d4-4cb4-b859-7d99ec19d097" testListId="8c84fa94-04c1-424b-9868-57a2d4851a1d" />
    <TestEntry testId="1bccb063-a921-890f-9475-000a37eac683" executionId="6164090c-f35e-4eaf-8f80-6d69233c74fb" testListId="8c84fa94-04c1-424b-9868-57a2d4851a1d" />
    <TestEntry testId="1003ccca-ffc9-8692-b753-df3da9c3cad4" executionId="45493b88-d02c-497d-900e-5d02f8bb0a98" testListId="8c84fa94-04c1-424b-9868-57a2d4851a1d" />
    <TestEntry testId="17e5686f-feb0-8da0-93af-e95658634763" executionId="ddce23d3-c868-42dd-8b5e-76125a55a983" testListId="8c84fa94-04c1-424b-9868-57a2d4851a1d" />
    <TestEntry testId="164f27d6-4f50-85b0-b364-c4684a842a1d" executionId="de602255-1df4-45f8-992a-a85eb0b84e06" testListId="8c84fa94-04c1-424b-9868-57a2d4851a1d" />
    <TestEntry testId="1ecdf6b6-7b7f-8db7-abf7-e10ca1d562e5" executionId="b0dc1124-b41d-4b03-b83a-a739647a7626" testListId="8c84fa94-04c1-424b-9868-57a2d4851a1d" />
    <TestEntry testId="11244a73-844f-8ca0-8092-cfed109205bf" executionId="ca0d4768-bdeb-4c54-a972-5aa14aa09778" testListId="8c84fa94-04c1-424b-9868-57a2d4851a1d" />
    <TestEntry testId="1e4c672a-14bb-881a-9e68-4c436416ded3" executionId="c4883ae9-23c3-4e49-9b0b-f6b4426133a4" testListId="8c84fa94-04c1-424b-9868-57a2d4851a1d" />
    <TestEntry testId="115113fa-8249-85a0-88c5-b44de8a0cd7d" executionId="5f50c796-aa17-4441-bc09-58d0834cc4fc" testListId="8c84fa94-04c1-424b-9868-57a2d4851a1d" />
    <TestEntry testId="14c57ec9-3c86-8da3-805b-eee7fbeeb106" executionId="5e43c2d5-e39a-4cf4-bfe6-d60e749597ae" testListId="8c84fa94-04c1-424b-9868-57a2d4851a1d" />
    <TestEntry testId="1dc182cd-88c5-85ed-92dd-236d54f8f230" executionId="fc5b60ee-3994-4dad-895b-56c7042d8a93" testListId="8c84fa94-04c1-424b-9868-57a2d4851a1d" />
    <TestEntry testId="16222eb6-6fdc-8ec0-954e-8bb2476a4831" executionId="ca7cbb32-e2aa-4f7d-9d4a-07694642a235" testListId="8c84fa94-04c1-424b-9868-57a2d4851a1d" />
    <TestEntry testId="187a09e9-7413-8e2b-989a-8fa9507065c4" executionId="1cf8948f-d082-4498-a93d-cdc5876e898b" testListId="8c84fa94-04c1-424b-9868-57a2d4851a1d" />
    <TestEntry testId="113d2251-1d9c-8b43-86a7-680a2d9ffaf0" executionId="d2c11601-ab6b-4ac4-bc4c-241ee88be6c0" testListId="8c84fa94-04c1-424b-9868-57a2d4851a1d" />
    <TestEntry testId="1ef23d5b-ceb4-880b-b43a-42773965fbed" executionId="a78376ba-45b3-42b7-a4c6-4275825fbf9c" testListId="8c84fa94-04c1-424b-9868-57a2d4851a1d" />
    <TestEntry testId="12a88af5-0215-8a0f-afd6-275c102204ae" executionId="d482c065-7418-4bcf-b7cf-69a66fb49aab" testListId="8c84fa94-04c1-424b-9868-57a2d4851a1d" />
    <TestEntry testId="1d276a00-9915-859c-afcc-6ff8392697d4" executionId="9f79986e-8457-43da-bd9f-61fcc955deb7" testListId="8c84fa94-04c1-424b-9868-57a2d4851a1d" />
    <TestEntry testId="1e30de49-0375-87a0-950d-80970ff806ef" executionId="cb2850a0-3b02-4dfc-888c-f636cce175da" testListId="8c84fa94-04c1-424b-9868-57a2d4851a1d" />
    <TestEntry testId="1359b00d-378e-8ab6-a8af-24265e12c842" executionId="a60380a5-d2a7-4ce3-825c-d9f3c9dd722d" testListId="8c84fa94-04c1-424b-9868-57a2d4851a1d" />
    <TestEntry testId="1f0a3b11-7590-88a6-993f-7ca5dd21e79f" executionId="4dabba15-fb0c-4693-a39d-aafac3485682" testListId="8c84fa94-04c1-424b-9868-57a2d4851a1d" />
    <TestEntry testId="1022e153-a3b3-8d3e-af65-a0259b938591" executionId="64fafe9c-417e-48e8-8482-13e128fe774d" testListId="8c84fa94-04c1-424b-9868-57a2d4851a1d" />
    <TestEntry testId="1c8257bc-3cbc-8b3e-9016-cc7bea4dd611" executionId="13c22db1-ec16-489a-9dcc-c39240623b8b" testListId="8c84fa94-04c1-424b-9868-57a2d4851a1d" />
    <TestEntry testId="18d0f686-86f9-8c09-8b8a-25f4407feb95" executionId="c86c18ac-55dc-4d9c-af60-bc11812de8fa" testListId="8c84fa94-04c1-424b-9868-57a2d4851a1d" />
    <TestEntry testId="1a1e3110-e813-8eb6-be5c-a071ef6343c3" executionId="7fb70d50-c86e-4541-9097-18d2efbb3aad" testListId="8c84fa94-04c1-424b-9868-57a2d4851a1d" />
    <TestEntry testId="1673bfbc-3973-8f42-879e-e907de725734" executionId="d6dfcaaa-a879-4068-8b0c-f54e05a13495" testListId="8c84fa94-04c1-424b-9868-57a2d4851a1d" />
    <TestEntry testId="19c5ce12-31eb-8e47-b76b-023b3eb4ab4f" executionId="0092d344-9c04-4569-9f75-b6e7177b0ba9" testListId="8c84fa94-04c1-424b-9868-57a2d4851a1d" />
    <TestEntry testId="11259ccc-2258-8c93-ba04-95dbd47e2e97" executionId="2450d192-6ac6-4255-8d6a-24ad77cd5480" testListId="8c84fa94-04c1-424b-9868-57a2d4851a1d" />
    <TestEntry testId="1169968e-e071-8316-a38b-9d65bb052455" executionId="38d56614-8a3c-4b5b-83b5-205a365833f9" testListId="8c84fa94-04c1-424b-9868-57a2d4851a1d" />
    <TestEntry testId="15a7d560-ca88-84de-9458-a22e80d5e7d0" executionId="c0a7d85b-d3f0-4fca-a3fa-550f9fab77bf" testListId="8c84fa94-04c1-424b-9868-57a2d4851a1d" />
    <TestEntry testId="102ac737-5865-8ffe-a714-56fcd22c5bc5" executionId="5607f85a-55c3-4c3a-a455-29a56578a2f3" testListId="8c84fa94-04c1-424b-9868-57a2d4851a1d" />
    <TestEntry testId="17939b8f-86b9-8e53-8d79-e4627faf108a" executionId="0bfbd401-9a9e-49c3-8027-454499a3774d" testListId="8c84fa94-04c1-424b-9868-57a2d4851a1d" />
    <TestEntry testId="146eaf18-9335-8042-bedd-60b4e70e78d1" executionId="ed6807aa-11af-4442-9b8b-a100ff9398af" testListId="8c84fa94-04c1-424b-9868-57a2d4851a1d" />
    <TestEntry testId="1d67f28a-bf3e-8cdf-8d0a-11eff8e0c393" executionId="026014d0-34f6-4035-9618-c606774ffa4e" testListId="8c84fa94-04c1-424b-9868-57a2d4851a1d" />
    <TestEntry testId="135b80b4-1e6a-8cf1-844f-649334724f77" executionId="9fd9bd97-217b-44ea-b621-3473961075cf" testListId="8c84fa94-04c1-424b-9868-57a2d4851a1d" />
    <TestEntry testId="1cad370a-44fe-83f3-977e-0042753e2d18" executionId="118424ee-154c-4029-9823-2d87172fec14" testListId="8c84fa94-04c1-424b-9868-57a2d4851a1d" />
    <TestEntry testId="140cd26a-9b5e-813b-b653-f863472669df" executionId="d5e70598-2e7d-4acc-9f03-1705c4ac631c" testListId="8c84fa94-04c1-424b-9868-57a2d4851a1d" />
    <TestEntry testId="13bc0a9a-3f1d-8197-b04f-1aedddec68b0" executionId="116171c2-2d57-4ad0-bb88-1c413472b56f" testListId="8c84fa94-04c1-424b-9868-57a2d4851a1d" />
    <TestEntry testId="162ff09c-db7b-8ccb-8f02-9c281c47c506" executionId="91c8f116-9774-42d5-a99f-92c15d55b007" testListId="8c84fa94-04c1-424b-9868-57a2d4851a1d" />
    <TestEntry testId="15c735a1-14ea-8c54-bb37-0a6064a10eb7" executionId="21f91870-526e-422b-8886-27c3fb5c2135" testListId="8c84fa94-04c1-424b-9868-57a2d4851a1d" />
    <TestEntry testId="183800ee-a435-8c22-9296-d98d58c180ce" executionId="13f415b0-ddb4-42b9-8cee-147f463462d7" testListId="8c84fa94-04c1-424b-9868-57a2d4851a1d" />
    <TestEntry testId="1de7425b-aade-8b90-a5bd-b5a9045ed242" executionId="ab69a54e-ca1b-45e7-a4dd-b685d39fd8bb" testListId="8c84fa94-04c1-424b-9868-57a2d4851a1d" />
    <TestEntry testId="17f1af33-9ccc-8c44-bc5e-069558f52914" executionId="1b994442-05e3-48bb-b1f6-f4e74bb08efe" testListId="8c84fa94-04c1-424b-9868-57a2d4851a1d" />
    <TestEntry testId="1aca217e-b106-871e-b89e-430b10d13395" executionId="59984711-cd97-44e2-b146-02c66374a215" testListId="8c84fa94-04c1-424b-9868-57a2d4851a1d" />
    <TestEntry testId="19a7623d-2b4d-808a-8a11-b4a71c0e94fe" executionId="b7fcdc78-c316-47be-b54b-45bb9785c157" testListId="8c84fa94-04c1-424b-9868-57a2d4851a1d" />
    <TestEntry testId="1d464fef-a3bf-8143-b0c1-f16ba72d09b7" executionId="9391382b-8050-4018-bf5b-bb57ca2d6176" testListId="8c84fa94-04c1-424b-9868-57a2d4851a1d" />
    <TestEntry testId="114c48a4-24a4-842d-bbc3-8254d6245ef2" executionId="5c0daa6e-99f1-4a72-838d-9a542721ca02" testListId="8c84fa94-04c1-424b-9868-57a2d4851a1d" />
    <TestEntry testId="1defa781-25aa-8a67-bb80-06e2a4da6e3a" executionId="55fa2be1-1d14-4194-8c17-c7cbf4157f77" testListId="8c84fa94-04c1-424b-9868-57a2d4851a1d" />
    <TestEntry testId="1c95daf0-4faa-8f9c-8d5d-0b85019de7fd" executionId="98c67c6b-5a50-4fce-bca8-352cc1200fe7" testListId="8c84fa94-04c1-424b-9868-57a2d4851a1d" />
    <TestEntry testId="1f722d89-01be-80f2-af4a-d12cd4959b17" executionId="054852b3-d77a-40da-b632-a5de83bf62db" testListId="8c84fa94-04c1-424b-9868-57a2d4851a1d" />
    <TestEntry testId="12baaba7-daeb-861a-96fd-3bcdb8577aff" executionId="1f2c773c-f97a-48ee-b7fd-01d973b8ce14" testListId="8c84fa94-04c1-424b-9868-57a2d4851a1d" />
    <TestEntry testId="12b0a354-8c08-80d8-84fa-7be26ec72c42" executionId="3cef0610-94f0-47fe-80aa-681fa7a85457" testListId="8c84fa94-04c1-424b-9868-57a2d4851a1d" />
    <TestEntry testId="11ec0eef-0605-887a-9a4f-c6d6485b0978" executionId="2386368b-0c87-41c0-83e4-43e3de9b7e92" testListId="8c84fa94-04c1-424b-9868-57a2d4851a1d" />
    <TestEntry testId="1a397535-4656-888e-b7ca-1041d79c0e38" executionId="dd3a8638-5080-4277-b180-71a96f847c7c" testListId="8c84fa94-04c1-424b-9868-57a2d4851a1d" />
    <TestEntry testId="11c6b09d-ba5c-8962-bda2-3c9e71aedb4d" executionId="2299e8c6-2474-43fa-91f1-30cb716faf2e" testListId="8c84fa94-04c1-424b-9868-57a2d4851a1d" />
    <TestEntry testId="1bddb17f-a5cc-875b-8399-528e1e2aa4ab" executionId="430f18f0-624f-432b-9c42-270906858331" testListId="8c84fa94-04c1-424b-9868-57a2d4851a1d" />
    <TestEntry testId="1c782266-08bc-84c2-b7d2-e52111e1d886" executionId="1714e07d-a474-43fc-9197-c6c03f2c47ec" testListId="8c84fa94-04c1-424b-9868-57a2d4851a1d" />
    <TestEntry testId="1eaa0748-d0f2-8ea6-82dd-3d39ce914a95" executionId="edf465fe-6e0e-4464-8dc9-7e9a99140918" testListId="8c84fa94-04c1-424b-9868-57a2d4851a1d" />
    <TestEntry testId="1e00cc6b-0e3d-8f40-9e03-7eba03260beb" executionId="9f0deb79-a1d6-48af-a2c5-c8d418e4f418" testListId="8c84fa94-04c1-424b-9868-57a2d4851a1d" />
    <TestEntry testId="1d43e842-bfa0-834d-8818-49a505220242" executionId="88bdcfe2-3480-4248-b784-30fe9a55a840" testListId="8c84fa94-04c1-424b-9868-57a2d4851a1d" />
    <TestEntry testId="1a2b576e-40fb-83c9-bbd7-7f6b52fbfc4d" executionId="104767f7-272a-4968-a9de-dbf0e5b047ab" testListId="8c84fa94-04c1-424b-9868-57a2d4851a1d" />
    <TestEntry testId="14b7f615-3847-87af-af78-f56443681f6a" executionId="7e28a9e8-8880-46b3-b672-1e4714cb0f6e" testListId="8c84fa94-04c1-424b-9868-57a2d4851a1d" />
    <TestEntry testId="190b9f6b-d20b-8328-b46d-5ba8d700b72d" executionId="ad8a6b2a-9bf1-4069-93b7-bee2b8569ce0" testListId="8c84fa94-04c1-424b-9868-57a2d4851a1d" />
    <TestEntry testId="13aa6256-7a29-83fd-891c-3b7e50320e7c" executionId="51553761-dc2f-4db0-868c-dbc1070bd86e" testListId="8c84fa94-04c1-424b-9868-57a2d4851a1d" />
    <TestEntry testId="1e132a2a-03aa-837c-ade4-fde599f24857" executionId="8526fc8c-10a0-4509-9481-657e4ddb88f6" testListId="8c84fa94-04c1-424b-9868-57a2d4851a1d" />
    <TestEntry testId="12a225d9-200b-8d60-aa04-1a14ae7696c4" executionId="1f02b056-55d0-4740-8ebc-76bf0be67e9a" testListId="8c84fa94-04c1-424b-9868-57a2d4851a1d" />
    <TestEntry testId="15ec0a8d-d00d-85fa-ae57-0d69afce079e" executionId="e4352cc1-4f15-4fa3-84ab-7fd69a2e52f9" testListId="8c84fa94-04c1-424b-9868-57a2d4851a1d" />
    <TestEntry testId="15c716e2-b692-8595-a6a3-987071f06df7" executionId="89f302b0-93f8-4358-b359-ee4f3412345e" testListId="8c84fa94-04c1-424b-9868-57a2d4851a1d" />
    <TestEntry testId="106ac8f3-df58-8af1-890e-ebf2d9cb140b" executionId="20009995-12dc-472b-ad1e-ad8647067813" testListId="8c84fa94-04c1-424b-9868-57a2d4851a1d" />
    <TestEntry testId="155c8265-e25c-83a8-af79-2abeb0eabc75" executionId="9e9a944a-4fa6-4d43-b8de-a6becfd000de" testListId="8c84fa94-04c1-424b-9868-57a2d4851a1d" />
    <TestEntry testId="11a54de2-4efa-8882-aa96-15a3438beffe" executionId="0030ab65-8e96-422d-8150-1133e165ac44" testListId="8c84fa94-04c1-424b-9868-57a2d4851a1d" />
    <TestEntry testId="1c0fa7da-25b0-8287-8ec7-f7d06a9a82fd" executionId="eb4ed808-e72a-4f4a-96ad-9fbc78114a1b" testListId="8c84fa94-04c1-424b-9868-57a2d4851a1d" />
    <TestEntry testId="10474ec7-c2cc-870f-900a-b90aba6c2ba5" executionId="9d11a16c-865e-44e1-bfaf-1187911f83e3" testListId="8c84fa94-04c1-424b-9868-57a2d4851a1d" />
    <TestEntry testId="1436c252-8e8e-82b3-854d-ee2a3128de87" executionId="c55a828d-ef5a-44b5-beb9-570d62b4204b" testListId="8c84fa94-04c1-424b-9868-57a2d4851a1d" />
    <TestEntry testId="1cf0ad31-ec30-8a4e-8f5a-f443c7b5ccc5" executionId="e046de61-48e0-4c4f-9f5b-2b25c3596d90" testListId="8c84fa94-04c1-424b-9868-57a2d4851a1d" />
    <TestEntry testId="1c5d5d9a-5836-8d06-a2b6-61747cad7737" executionId="5f6ea2b6-e6dd-49e4-83a7-882693d89813" testListId="8c84fa94-04c1-424b-9868-57a2d4851a1d" />
    <TestEntry testId="15a9382a-f8c9-8d46-89c6-a71f681b5e08" executionId="17e6bfab-3559-4052-80b5-4871717055a3" testListId="8c84fa94-04c1-424b-9868-57a2d4851a1d" />
    <TestEntry testId="16e9c535-3703-8888-9328-b518e5f663e0" executionId="c890cbea-0e8f-4001-a1ec-ccc7e7fad98c" testListId="8c84fa94-04c1-424b-9868-57a2d4851a1d" />
    <TestEntry testId="1c7b74a1-efd4-879f-99c9-9aa28bbb84c9" executionId="3a3cef96-00d5-458a-8bfe-36a955f93340" testListId="8c84fa94-04c1-424b-9868-57a2d4851a1d" />
    <TestEntry testId="1d38df26-b1f2-8f81-9e2d-5d8c4bd7b2b2" executionId="5cff80a7-1c47-4da5-8fa1-9effb7fbd1a0" testListId="8c84fa94-04c1-424b-9868-57a2d4851a1d" />
    <TestEntry testId="1c596273-e741-8936-8c8a-721b45de79ec" executionId="9b9ce397-c906-42a6-846a-7ac743b0b247" testListId="8c84fa94-04c1-424b-9868-57a2d4851a1d" />
    <TestEntry testId="1e22a027-503d-8c1d-bc03-9b0286478322" executionId="eac5f0fb-a40c-4271-b5c3-f0d3f71798e8" testListId="8c84fa94-04c1-424b-9868-57a2d4851a1d" />
    <TestEntry testId="1efeefbf-ab34-8f73-9bcc-c58dcbc9119b" executionId="cf64f475-ab90-484c-9aa1-64cde7bea291" testListId="8c84fa94-04c1-424b-9868-57a2d4851a1d" />
    <TestEntry testId="1ad1a3b7-3c81-89f5-aad6-9bb8a590bb07" executionId="e7fa893f-ad6f-4c67-919f-32add9aad908" testListId="8c84fa94-04c1-424b-9868-57a2d4851a1d" />
    <TestEntry testId="1b723d78-cd48-85af-b573-f251b8081984" executionId="4102ef3b-2db6-4e9e-ab3a-234894ed8b80" testListId="8c84fa94-04c1-424b-9868-57a2d4851a1d" />
    <TestEntry testId="1486601d-cb77-808c-b866-21f7c2b6a5ce" executionId="5a17bc80-f3df-45bf-8329-2be772137d8f" testListId="8c84fa94-04c1-424b-9868-57a2d4851a1d" />
    <TestEntry testId="1aed547e-887d-87ba-a20b-60f18db96e1d" executionId="e38e229c-d20b-4266-a9ea-eafdb987dfda" testListId="8c84fa94-04c1-424b-9868-57a2d4851a1d" />
    <TestEntry testId="102fc3b2-4f1c-8aa1-99d1-fbe9deab5a88" executionId="78a09f9d-c01c-498d-8fdc-ef246c880096" testListId="8c84fa94-04c1-424b-9868-57a2d4851a1d" />
    <TestEntry testId="10ed826a-d819-8c0a-a675-d550d187c8c5" executionId="4691ddd2-e239-4f8b-8237-408d88cedec3" testListId="8c84fa94-04c1-424b-9868-57a2d4851a1d" />
    <TestEntry testId="1f72b33b-0b64-8b6d-80d5-2e5d5fd07674" executionId="b197fb98-265f-48b3-b410-11327f29ccb1" testListId="8c84fa94-04c1-424b-9868-57a2d4851a1d" />
    <TestEntry testId="1d044fe5-e89f-82da-bfb1-25bf4d5c8f9d" executionId="57c260a9-a263-4789-8902-761f5b38bf00" testListId="8c84fa94-04c1-424b-9868-57a2d4851a1d" />
    <TestEntry testId="1d56a861-38cd-802d-8e19-915088b8d28d" executionId="f24e5da4-eb1f-49fd-94b8-0f23f1b47d2c" testListId="8c84fa94-04c1-424b-9868-57a2d4851a1d" />
    <TestEntry testId="1203aaa1-4db4-8d94-bec8-2451cb0c09bb" executionId="8f21ab71-3488-4325-b42c-03b33d485be9" testListId="8c84fa94-04c1-424b-9868-57a2d4851a1d" />
    <TestEntry testId="17e01db9-c5d3-88bc-bef1-c9b86e9b0967" executionId="3d43fc2e-21d6-44dd-a886-870f247ea7df" testListId="8c84fa94-04c1-424b-9868-57a2d4851a1d" />
    <TestEntry testId="1f1b8e6d-60e3-839b-ac9a-0f1459c9a117" executionId="cfab5b14-c86b-4767-b067-bc7f56417a39" testListId="8c84fa94-04c1-424b-9868-57a2d4851a1d" />
    <TestEntry testId="1f2d0fc4-9e9c-8a8c-82bf-c8708111fbef" executionId="5282afd8-0d3e-4c5b-9a38-f9b080ef2452" testListId="8c84fa94-04c1-424b-9868-57a2d4851a1d" />
    <TestEntry testId="11b15c77-077c-8d9f-aac2-bdb73261b9a2" executionId="c6f6791f-b6d4-44e8-9b57-870eec623e98" testListId="8c84fa94-04c1-424b-9868-57a2d4851a1d" />
    <TestEntry testId="134f44ad-2eb7-8383-a444-203a431d0fb0" executionId="d46c78d5-4849-4727-8791-f57bb3a87cf1" testListId="8c84fa94-04c1-424b-9868-57a2d4851a1d" />
    <TestEntry testId="129d145d-51b7-8dbb-a296-6dee35f4ad8b" executionId="5d80f108-9342-480b-9322-189b8a47b08e" testListId="8c84fa94-04c1-424b-9868-57a2d4851a1d" />
    <TestEntry testId="10ca69c6-32d6-8bcb-a336-ffc761c8aca5" executionId="7e5b6891-f967-45ca-a36f-c4853060166a" testListId="8c84fa94-04c1-424b-9868-57a2d4851a1d" />
    <TestEntry testId="1ae71dce-6721-8597-bb62-2e4b79da2bd4" executionId="5810212e-6a4b-4741-adbd-622a46c8344a" testListId="8c84fa94-04c1-424b-9868-57a2d4851a1d" />
    <TestEntry testId="13da0211-3739-87b2-998a-4906cb29d403" executionId="68ac352c-3a26-4fb0-9e7c-6702c4d0f160" testListId="8c84fa94-04c1-424b-9868-57a2d4851a1d" />
    <TestEntry testId="1d5a9e2e-5f79-8468-9058-9a88e9f3c453" executionId="ce7119c8-3251-43c5-95e7-ec896564701f" testListId="8c84fa94-04c1-424b-9868-57a2d4851a1d" />
    <TestEntry testId="18495f86-b1c8-8537-b290-140eeebb580b" executionId="c3b8d609-fdbe-4708-b832-4f826431cf1e" testListId="8c84fa94-04c1-424b-9868-57a2d4851a1d" />
  </TestEntries>
  <TestLists>
    <TestList name="Results Not in a List" id="8c84fa94-04c1-424b-9868-57a2d4851a1d" />
    <TestList name="All Loaded Results" id="19431567-8539-422a-85d7-44ee4e166bda" />
  </TestLists>
  <ResultSummary outcome="Completed">
    <Counters total="196" executed="196" passed="196" failed="0" error="0" timeout="0" aborted="0" inconclusive="0" passedButRunAborted="0" notRunnable="0" notExecuted="0" disconnected="0" warning="0" completed="0" inProgress="0" pending="0" />
    <Output>
      <StdOut>Test Parallelization enabled for /tmp/blitzy/stocksharp-storedprocedures/blitzy-e686e219-30ce-45cc-8608-8ea778391629_28a5ac/Tests/bin/Release/net10.0/StockSharp.Tests.dll (Workers: 4, Scope: MethodLevel)
</StdOut>
    </Output>
  </ResultSummary>
</TestRun>