<?xml version="1.0" encoding="utf-8"?>
<TestRun id="f156cf5b-02b1-4b51-a045-4b164d23eb0f" name="@reverse-code-generator-86295fd0-8s5dg 2026-07-19 07:11:19" xmlns="http://microsoft.com/schemas/VisualStudio/TeamTest/2010">
  <Times creation="2026-07-19T07:11:19.3914856+00:00" queuing="2026-07-19T07:11:19.3914857+00:00" start="2026-07-19T07:11:17.4687443+00:00" finish="2026-07-19T07:11:26.0632152+00:00" />
  <TestSettings name="default" id="eb0c4e6b-7233-4819-a365-33f98b8a556f">
    <Deployment runDeploymentRoot="_reverse-code-generator-86295fd0-8s5dg_2026-07-19_07_11_19" />
  </TestSettings>
  <Results>
    <UnitTestResult executionId="9d2e4835-2300-45df-beab-5272998be657" testId="19ce7075-3efb-8cdf-9ee9-0ec5e550acfc" testName="RejectsNonPositiveQty" computerName="reverse-code-generator-86295fd0-8s5dg" duration="00:00:00.0002637" startTime="2026-07-19T07:11:25.3515074+00:00" endTime="2026-07-19T07:11:25.3518032+00:00" testType="13cdc9d9-ddb5-4fa4-a97d-d965ccfc6d4b" outcome="Passed" testListId="8c84fa94-04c1-424b-9868-57a2d4851a1d" relativeResultsDirectory="9d2e4835-2300-45df-beab-5272998be657" />
    <UnitTestResult executionId="418396e3-f6c1-4d77-9e3d-238f9f0deb4f" testId="1d76e2af-8a34-8534-af53-bb1f1ef185ab" testName="TurnOverRule" computerName="reverse-code-generator-86295fd0-8s5dg" duration="00:00:00.0010118" startTime="2026-07-19T07:11:25.3198265+00:00" endTime="2026-07-19T07:11:25.3208780+00:00" testType="13cdc9d9-ddb5-4fa4-a97d-d965ccfc6d4b" outcome="Passed" testListId="8c84fa94-04c1-424b-9868-57a2d4851a1d" relativeResultsDirectory="418396e3-f6c1-4d77-9e3d-238f9f0deb4f" />
    <UnitTestResult executionId="e640c4cb-6439-45c3-bc94-3e5491e75ced" testId="1c596273-e741-8936-8c8a-721b45de79ec" testName="Live_FirstFailWinsThroughDbPath" computerName="reverse-code-generator-86295fd0-8s5dg" duration="00:00:00.0034928" startTime="2026-07-19T07:11:25.8948143+00:00" endTime="2026-07-19T07:11:25.8983441+00:00" testType="13cdc9d9-ddb5-4fa4-a97d-d965ccfc6d4b" outcome="Passed" testListId="8c84fa94-04c1-424b-9868-57a2d4851a1d" relativeResultsDirectory="e640c4cb-6439-45c3-bc94-3e5491e75ced" />
    <UnitTestResult executionId="432adbd4-5947-4d92-9571-e71c57671c36" testId="13f4643f-384c-84bd-b680-644295e93fe1" testName="SecurityIdRule" computerName="reverse-code-generator-86295fd0-8s5dg" duration="00:00:00.0011727" startTime="2026-07-19T07:11:25.3178783+00:00" endTime="2026-07-19T07:11:25.3191054+00:00" testType="13cdc9d9-ddb5-4fa4-a97d-d965ccfc6d4b" outcome="Passed" testListId="8c84fa94-04c1-424b-9868-57a2d4851a1d" relativeResultsDirectory="432adbd4-5947-4d92-9571-e71c57671c36" />
    <UnitTestResult executionId="17c19499-98a7-4adc-a3c7-748823f3db08" testId="1cf49c98-e806-8ffd-9111-726b2416e4b1" testName="CommissionTradeZero" computerName="reverse-code-generator-86295fd0-8s5dg" duration="00:00:00.0002482" startTime="2026-07-19T07:11:19.4826054+00:00" endTime="2026-07-19T07:11:19.4828862+00:00" testType="13cdc9d9-ddb5-4fa4-a97d-d965ccfc6d4b" outcome="Passed" testListId="8c84fa94-04c1-424b-9868-57a2d4851a1d" relativeResultsDirectory="17c19499-98a7-4adc-a3c7-748823f3db08" />
    <UnitTestResult executionId="3707b405-415d-4c2d-a220-ceca85bd2b03" testId="1bddb17f-a5cc-875b-8399-528e1e2aa4ab" testName="Error" computerName="reverse-code-generator-86295fd0-8s5dg" duration="00:00:00.0157558" startTime="2026-07-19T07:11:19.4094410+00:00" endTime="2026-07-19T07:11:19.4252409+00:00" testType="13cdc9d9-ddb5-4fa4-a97d-d965ccfc6d4b" outcome="Passed" testListId="8c84fa94-04c1-424b-9868-57a2d4851a1d" relativeResultsDirectory="3707b405-415d-4c2d-a220-ceca85bd2b03" />
    <UnitTestResult executionId="33c1f810-4515-45b7-ad8b-2adf67e17c52" testId="16e9c535-3703-8888-9328-b518e5f663e0" testName="ManagerSaveLoad" computerName="reverse-code-generator-86295fd0-8s5dg" duration="00:00:00.0018551" startTime="2026-07-19T07:11:19.3897753+00:00" endTime="2026-07-19T07:11:19.3916699+00:00" testType="13cdc9d9-ddb5-4fa4-a97d-d965ccfc6d4b" outcome="Passed" testListId="8c84fa94-04c1-424b-9868-57a2d4851a1d" relativeResultsDirectory="33c1f810-4515-45b7-ad8b-2adf67e17c52" />
    <UnitTestResult executionId="0321cf9c-8685-4129-9bcb-435f3721bc84" testId="19c5ce12-31eb-8e47-b76b-023b3eb4ab4f" testName="Live_DailyVolumeStatusAndDayFilter" computerName="reverse-code-generator-86295fd0-8s5dg" duration="00:00:00.0060630" startTime="2026-07-19T07:11:25.8799887+00:00" endTime="2026-07-19T07:11:25.8861157+00:00" testType="13cdc9d9-ddb5-4fa4-a97d-d965ccfc6d4b" outcome="Passed" testListId="8c84fa94-04c1-424b-9868-57a2d4851a1d" relativeResultsDirectory="0321cf9c-8685-4129-9bcb-435f3721bc84" />
    <UnitTestResult executionId="19ad3f21-50bc-450c-bb14-9aa4c157f554" testId="15a9382a-f8c9-8d46-89c6-a71f681b5e08" testName="Live_SchemaGuardsAreIdempotentAndNonDestructive" computerName="reverse-code-generator-86295fd0-8s5dg" duration="00:00:00.0195241" startTime="2026-07-19T07:11:25.7579630+00:00" endTime="2026-07-19T07:11:25.7775260+00:00" testType="13cdc9d9-ddb5-4fa4-a97d-d965ccfc6d4b" outcome="Passed" testListId="8c84fa94-04c1-424b-9868-57a2d4851a1d" relativeResultsDirectory="19ad3f21-50bc-450c-bb14-9aa4c157f554" />
    <UnitTestResult executionId="a5354d87-71d2-4958-87d1-f45a85050c58" testId="14c59e1c-e1f0-83ad-bfc1-bd18657e8227" testName="SlippageZero" computerName="reverse-code-generator-86295fd0-8s5dg" duration="00:00:00.0002197" startTime="2026-07-19T07:11:19.3949161+00:00" endTime="2026-07-19T07:11:19.3951832+00:00" testType="13cdc9d9-ddb5-4fa4-a97d-d965ccfc6d4b" outcome="Passed" testListId="8c84fa94-04c1-424b-9868-57a2d4851a1d" relativeResultsDirectory="a5354d87-71d2-4958-87d1-f45a85050c58" />
    <UnitTestResult executionId="997e5651-a1ec-47d7-b78a-7e829d72d010" testId="11d51874-26e6-8be6-b5df-42df17025f2a" testName="OrderValueInvalidValue" computerName="reverse-code-generator-86295fd0-8s5dg" duration="00:00:00.0001819" startTime="2026-07-19T07:11:19.4057443+00:00" endTime="2026-07-19T07:11:19.4059620+00:00" testType="13cdc9d9-ddb5-4fa4-a97d-d965ccfc6d4b" outcome="Passed" testListId="8c84fa94-04c1-424b-9868-57a2d4851a1d" relativeResultsDirectory="997e5651-a1ec-47d7-b78a-7e829d72d010" />
    <UnitTestResult executionId="44242feb-cc26-4ea3-87c7-d730369f83bf" testId="1d8297c8-f599-8c8a-9565-d4dd10a153a9" testName="ManagerProcessRules" computerName="reverse-code-generator-86295fd0-8s5dg" duration="00:00:00.0118441" startTime="2026-07-19T07:11:18.0416896+00:00" endTime="2026-07-19T07:11:19.3637716+00:00" testType="13cdc9d9-ddb5-4fa4-a97d-d965ccfc6d4b" outcome="Passed" testListId="8c84fa94-04c1-424b-9868-57a2d4851a1d" relativeResultsDirectory="44242feb-cc26-4ea3-87c7-d730369f83bf" />
    <UnitTestResult executionId="20d8cfe3-7d0b-4579-98c7-c0f78d6d3f2e" testId="12baaba7-daeb-861a-96fd-3bcdb8577aff" testName="SideBuySellHandling" computerName="reverse-code-generator-86295fd0-8s5dg" duration="00:00:00.0003948" startTime="2026-07-19T07:11:25.8190016+00:00" endTime="2026-07-19T07:11:25.8194396+00:00" testType="13cdc9d9-ddb5-4fa4-a97d-d965ccfc6d4b" outcome="Passed" testListId="8c84fa94-04c1-424b-9868-57a2d4851a1d" relativeResultsDirectory="20d8cfe3-7d0b-4579-98c7-c0f78d6d3f2e" />
    <UnitTestResult executionId="9af467a2-8eb1-447f-9e3a-7eecbd148e9e" testId="1efeefbf-ab34-8f73-9bcc-c58dcbc9119b" testName="ManagerNonExecutionMessage" computerName="reverse-code-generator-86295fd0-8s5dg" duration="00:00:00.0002418" startTime="2026-07-19T07:11:25.3333226+00:00" endTime="2026-07-19T07:11:25.3336002+00:00" testType="13cdc9d9-ddb5-4fa4-a97d-d965ccfc6d4b" outcome="Passed" testListId="8c84fa94-04c1-424b-9868-57a2d4851a1d" relativeResultsDirectory="9af467a2-8eb1-447f-9e3a-7eecbd148e9e" />
    <UnitTestResult executionId="2f6836d1-a474-4279-a399-c7e6646b1b56" testId="1e30de49-0375-87a0-950d-80970ff806ef" testName="Check3_NotionalValue" computerName="reverse-code-generator-86295fd0-8s5dg" duration="00:00:00.0002037" startTime="2026-07-19T07:11:25.8127171+00:00" endTime="2026-07-19T07:11:25.8129520+00:00" testType="13cdc9d9-ddb5-4fa4-a97d-d965ccfc6d4b" outcome="Passed" testListId="8c84fa94-04c1-424b-9868-57a2d4851a1d" relativeResultsDirectory="2f6836d1-a474-4279-a399-c7e6646b1b56" />
    <UnitTestResult executionId="5b00f896-f500-4b22-b827-13353dc52c93" testId="1be1b04f-98a8-8abb-a475-d4bfa2663bef" testName="OrderFreqConcurrentAccessDoesNotThrow" computerName="reverse-code-generator-86295fd0-8s5dg" duration="00:00:00.0037321" startTime="2026-07-19T07:11:19.3984788+00:00" endTime="2026-07-19T07:11:19.4022495+00:00" testType="13cdc9d9-ddb5-4fa4-a97d-d965ccfc6d4b" outcome="Passed" testListId="8c84fa94-04c1-424b-9868-57a2d4851a1d" relativeResultsDirectory="5b00f896-f500-4b22-b827-13353dc52c93" />
    <UnitTestResult executionId="bf89a82a-83f5-4d54-b608-f890c8784ff2" testId="1cf8eb15-c136-8971-9c06-2d7346c6b7c4" testName="ShortCoverExactClose" computerName="reverse-code-generator-86295fd0-8s5dg" duration="00:00:00.0001389" startTime="2026-07-19T07:11:25.3506470+00:00" endTime="2026-07-19T07:11:25.3508134+00:00" testType="13cdc9d9-ddb5-4fa4-a97d-d965ccfc6d4b" outcome="Passed" testListId="8c84fa94-04c1-424b-9868-57a2d4851a1d" relativeResultsDirectory="bf89a82a-83f5-4d54-b608-f890c8784ff2" />
    <UnitTestResult executionId="cf7f6c7c-de6d-4553-b96b-d28bfae87a24" testId="1e22a027-503d-8c1d-bc03-9b0286478322" testName="ManagerOrderMessage" computerName="reverse-code-generator-86295fd0-8s5dg" duration="00:00:00.0011877" startTime="2026-07-19T07:11:25.3300433+00:00" endTime="2026-07-19T07:11:25.3312756+00:00" testType="13cdc9d9-ddb5-4fa4-a97d-d965ccfc6d4b" outcome="Passed" testListId="8c84fa94-04c1-424b-9868-57a2d4851a1d" relativeResultsDirectory="cf7f6c7c-de6d-4553-b96b-d28bfae87a24" />
    <UnitTestResult executionId="1b9d6e21-c0ac-4f2d-b74f-a02b6f2df62d" testId="191abfdd-c992-823e-848e-7e10d0608b79" testName="Live_PriceCeilingRejects" computerName="reverse-code-generator-86295fd0-8s5dg" duration="00:00:00.0034934" startTime="2026-07-19T07:11:25.8354059+00:00" endTime="2026-07-19T07:11:25.8389378+00:00" testType="13cdc9d9-ddb5-4fa4-a97d-d965ccfc6d4b" outcome="Passed" testListId="8c84fa94-04c1-424b-9868-57a2d4851a1d" relativeResultsDirectory="1b9d6e21-c0ac-4f2d-b74f-a02b6f2df62d" />
    <UnitTestResult executionId="2f13e503-91e5-4791-a984-fc0222406e4b" testId="10d7408e-7472-8518-9d2f-76e96bb9a2c1" testName="OrderPriceSubScaleBoundaryMatchesGate" computerName="reverse-code-generator-86295fd0-8s5dg" duration="00:00:00.0002016" startTime="2026-07-19T07:11:19.3998165+00:00" endTime="2026-07-19T07:11:19.4000548+00:00" testType="13cdc9d9-ddb5-4fa4-a97d-d965ccfc6d4b" outcome="Passed" testListId="8c84fa94-04c1-424b-9868-57a2d4851a1d" relativeResultsDirectory="2f13e503-91e5-4791-a984-fc0222406e4b" />
    <UnitTestResult executionId="10c203e9-4be7-48c8-bbd1-3a5bc285d152" testId="165aebd3-952c-807d-94b9-654d3bacdfd3" testName="PnLAbsolute" computerName="reverse-code-generator-86295fd0-8s5dg" duration="00:00:00.0010251" startTime="2026-07-19T07:11:19.3898345+00:00" endTime="2026-07-19T07:11:19.3908983+00:00" testType="13cdc9d9-ddb5-4fa4-a97d-d965ccfc6d4b" outcome="Passed" testListId="8c84fa94-04c1-424b-9868-57a2d4851a1d" relativeResultsDirectory="10c203e9-4be7-48c8-bbd1-3a5bc285d152" />
    <UnitTestResult executionId="a15b8c51-ef6b-4186-bd22-4e6f513a31e7" testId="1c4a64b4-d4a7-8bca-b367-4bb1483f7d3e" testName="CommissionOrderDeduplicatesReplayByTradeId" computerName="reverse-code-generator-86295fd0-8s5dg" duration="00:00:00.0018728" startTime="2026-07-19T07:11:19.4022898+00:00" endTime="2026-07-19T07:11:19.4042025+00:00" testType="13cdc9d9-ddb5-4fa4-a97d-d965ccfc6d4b" outcome="Passed" testListId="8c84fa94-04c1-424b-9868-57a2d4851a1d" relativeResultsDirectory="a15b8c51-ef6b-4186-bd22-4e6f513a31e7" />
    <UnitTestResult executionId="2775d933-ff4c-4885-946b-aad79f83f9e8" testId="1673bfbc-3973-8f42-879e-e907de725734" testName="UpdateTitle" computerName="reverse-code-generator-86295fd0-8s5dg" duration="00:00:00.0003653" startTime="2026-07-19T07:11:19.4253608+00:00" endTime="2026-07-19T07:11:19.4257681+00:00" testType="13cdc9d9-ddb5-4fa4-a97d-d965ccfc6d4b" outcome="Passed" testListId="8c84fa94-04c1-424b-9868-57a2d4851a1d" relativeResultsDirectory="2775d933-ff4c-4885-946b-aad79f83f9e8" />
    <UnitTestResult executionId="86cbcff5-2013-429d-91d1-981f7f66228e" testId="11c6b09d-ba5c-8962-bda2-3c9e71aedb4d" testName="OrderFreqBoundary" computerName="reverse-code-generator-86295fd0-8s5dg" duration="00:00:00.0005816" startTime="2026-07-19T07:11:19.3977243+00:00" endTime="2026-07-19T07:11:19.3983581+00:00" testType="13cdc9d9-ddb5-4fa4-a97d-d965ccfc6d4b" outcome="Passed" testListId="8c84fa94-04c1-424b-9868-57a2d4851a1d" relativeResultsDirectory="86cbcff5-2013-429d-91d1-981f7f66228e" />
    <UnitTestResult executionId="ce1c2c01-0138-4f0c-8709-4550a7a7186d" testId="134f8e59-2eb5-801c-83b3-888cc1e84b89" testName="OrderValueZeroDisabled" computerName="reverse-code-generator-86295fd0-8s5dg" duration="00:00:00.0001609" startTime="2026-07-19T07:11:19.4055258+00:00" endTime="2026-07-19T07:11:19.4057235+00:00" testType="13cdc9d9-ddb5-4fa4-a97d-d965ccfc6d4b" outcome="Passed" testListId="8c84fa94-04c1-424b-9868-57a2d4851a1d" relativeResultsDirectory="ce1c2c01-0138-4f0c-8709-4550a7a7186d" />
    <UnitTestResult executionId="a250b157-0001-4a1c-8999-1e7119856714" testId="15c716e2-b692-8595-a6a3-987071f06df7" testName="OrderFreqLateEventNeverLessStrict" computerName="reverse-code-generator-86295fd0-8s5dg" duration="00:00:00.0003200" startTime="2026-07-19T07:11:19.3980905+00:00" endTime="2026-07-19T07:11:19.3984508+00:00" testType="13cdc9d9-ddb5-4fa4-a97d-d965ccfc6d4b" outcome="Passed" testListId="8c84fa94-04c1-424b-9868-57a2d4851a1d" relativeResultsDirectory="a250b157-0001-4a1c-8999-1e7119856714" />
    <UnitTestResult executionId="e2ce8678-a2da-4757-870d-7b649b9a0369" testId="165bc3c0-4650-8aa1-8d09-f50fd92179c0" testName="Live_RecomputeUpdatePreservesUnrealizedPnl" computerName="reverse-code-generator-86295fd0-8s5dg" duration="00:00:00.0126935" startTime="2026-07-19T07:11:25.4411528+00:00" endTime="2026-07-19T07:11:25.4538839+00:00" testType="13cdc9d9-ddb5-4fa4-a97d-d965ccfc6d4b" outcome="Passed" testListId="8c84fa94-04c1-424b-9868-57a2d4851a1d" relativeResultsDirectory="e2ce8678-a2da-4757-870d-7b649b9a0369" />
    <UnitTestResult executionId="83c56cdb-362b-4f0f-879f-25964fc0e402" testId="1608eead-7433-889b-9ce4-58d8217614af" testName="CommissionOverflowSaturates" computerName="reverse-code-generator-86295fd0-8s5dg" duration="00:00:00.0004181" startTime="2026-07-19T07:11:19.4045549+00:00" endTime="2026-07-19T07:11:19.4050148+00:00" testType="13cdc9d9-ddb5-4fa4-a97d-d965ccfc6d4b" outcome="Passed" testListId="8c84fa94-04c1-424b-9868-57a2d4851a1d" relativeResultsDirectory="83c56cdb-362b-4f0f-879f-25964fc0e402" />
    <UnitTestResult executionId="40e1f6c8-1279-4245-bae5-15c4f5a96952" testId="187a09e9-7413-8e2b-989a-8fa9507065c4" testName="Check2_QtyCeiling" computerName="reverse-code-generator-86295fd0-8s5dg" duration="00:00:00.0002073" startTime="2026-07-19T07:11:25.8124613+00:00" endTime="2026-07-19T07:11:25.8127000+00:00" testType="13cdc9d9-ddb5-4fa4-a97d-d965ccfc6d4b" outcome="Passed" testListId="8c84fa94-04c1-424b-9868-57a2d4851a1d" relativeResultsDirectory="40e1f6c8-1279-4245-bae5-15c4f5a96952" />
    <UnitTestResult executionId="644d002c-f508-4cd7-ba0c-ea621d44ff07" testId="14ebc470-babf-891f-9db8-019fd8f6bcfb" testName="PerTradePriceRuleWithPercent" computerName="reverse-code-generator-86295fd0-8s5dg" duration="00:00:00.0002429" startTime="2026-07-19T07:11:25.3473560+00:00" endTime="2026-07-19T07:11:25.3476294+00:00" testType="13cdc9d9-ddb5-4fa4-a97d-d965ccfc6d4b" outcome="Passed" testListId="8c84fa94-04c1-424b-9868-57a2d4851a1d" relativeResultsDirectory="644d002c-f508-4cd7-ba0c-ea621d44ff07" />
    <UnitTestResult executionId="4f80c3d5-f735-438a-972c-6f345a0a7906" testId="155cef56-405a-85ae-9a27-b7b657504e73" testName="TurnOverRuleRepeatedTrigger" computerName="reverse-code-generator-86295fd0-8s5dg" duration="00:00:00.0002613" startTime="2026-07-19T07:11:25.3465533+00:00" endTime="2026-07-19T07:11:25.3468843+00:00" testType="13cdc9d9-ddb5-4fa4-a97d-d965ccfc6d4b" outcome="Passed" testListId="8c84fa94-04c1-424b-9868-57a2d4851a1d" relativeResultsDirectory="4f80c3d5-f735-438a-972c-6f345a0a7906" />
    <UnitTestResult executionId="a4570ddf-e63c-4033-978b-4eb90a99014f" testId="1ad1a3b7-3c81-89f5-aad6-9bb8a590bb07" testName="OrderVolume" computerName="reverse-code-generator-86295fd0-8s5dg" duration="00:00:00.0002443" startTime="2026-07-19T07:11:19.3955570+00:00" endTime="2026-07-19T07:11:19.3958386+00:00" testType="13cdc9d9-ddb5-4fa4-a97d-d965ccfc6d4b" outcome="Passed" testListId="8c84fa94-04c1-424b-9868-57a2d4851a1d" relativeResultsDirectory="a4570ddf-e63c-4033-978b-4eb90a99014f" />
    <UnitTestResult executionId="de837819-6e06-47a1-ab14-1ebc927d73e4" testId="1e00cc6b-0e3d-8f40-9e03-7eba03260beb" testName="PerTradePriceRule" computerName="reverse-code-generator-86295fd0-8s5dg" duration="00:00:00.0009517" startTime="2026-07-19T07:11:25.0713576+00:00" endTime="2026-07-19T07:11:25.0723490+00:00" testType="13cdc9d9-ddb5-4fa4-a97d-d965ccfc6d4b" outcome="Passed" testListId="8c84fa94-04c1-424b-9868-57a2d4851a1d" relativeResultsDirectory="de837819-6e06-47a1-ab14-1ebc927d73e4" />
    <UnitTestResult executionId="d8980cf7-97f9-4d97-b0be-e5668446bece" testId="1c405b23-e4b6-8531-92ff-f41ce62fdc25" testName="Live_OverfillIsRejected" computerName="reverse-code-generator-86295fd0-8s5dg" duration="00:00:00.0245104" startTime="2026-07-19T07:11:25.6582232+00:00" endTime="2026-07-19T07:11:25.6827803+00:00" testType="13cdc9d9-ddb5-4fa4-a97d-d965ccfc6d4b" outcome="Passed" testListId="8c84fa94-04c1-424b-9868-57a2d4851a1d" relativeResultsDirectory="d8980cf7-97f9-4d97-b0be-e5668446bece" />
    <UnitTestResult executionId="0eb86bf9-9473-4e51-838f-ba97d0d489ad" testId="135b80b4-1e6a-8cf1-844f-649334724f77" testName="TradePrice" computerName="reverse-code-generator-86295fd0-8s5dg" duration="00:00:00.0006468" startTime="2026-07-19T07:11:19.4086552+00:00" endTime="2026-07-19T07:11:19.4093600+00:00" testType="13cdc9d9-ddb5-4fa4-a97d-d965ccfc6d4b" outcome="Passed" testListId="8c84fa94-04c1-424b-9868-57a2d4851a1d" relativeResultsDirectory="0eb86bf9-9473-4e51-838f-ba97d0d489ad" />
    <UnitTestResult executionId="7e666ad5-7c71-4504-8f0d-4ae08bfa36d9" testId="1849cf86-292c-84e4-8692-3a154c08e2df" testName="SellOpensShortFromFlat" computerName="reverse-code-generator-86295fd0-8s5dg" duration="00:00:00.0001500" startTime="2026-07-19T07:11:25.3531222+00:00" endTime="2026-07-19T07:11:25.3533038+00:00" testType="13cdc9d9-ddb5-4fa4-a97d-d965ccfc6d4b" outcome="Passed" testListId="8c84fa94-04c1-424b-9868-57a2d4851a1d" relativeResultsDirectory="7e666ad5-7c71-4504-8f0d-4ae08bfa36d9" />
    <UnitTestResult executionId="e2057088-2f53-4013-822b-ff33628345f4" testId="19a5c4bb-40ae-825e-b9a2-3f130eb4f4ef" testName="ManagerEmptyRules" computerName="reverse-code-generator-86295fd0-8s5dg" duration="00:00:00.0003623" startTime="2026-07-19T07:11:25.3329068+00:00" endTime="2026-07-19T07:11:25.3333051+00:00" testType="13cdc9d9-ddb5-4fa4-a97d-d965ccfc6d4b" outcome="Passed" testListId="8c84fa94-04c1-424b-9868-57a2d4851a1d" relativeResultsDirectory="e2057088-2f53-4013-822b-ff33628345f4" />
    <UnitTestResult executionId="64325e97-6c66-4a17-980b-d21b5c5ac08c" testId="15380552-f965-8963-832e-33ffcf52381a" testName="Live_AcceptedOpenOrderDoesNotReserveExposure" computerName="reverse-code-generator-86295fd0-8s5dg" duration="00:00:00.0150738" startTime="2026-07-19T07:11:25.7023143+00:00" endTime="2026-07-19T07:11:25.7174290+00:00" testType="13cdc9d9-ddb5-4fa4-a97d-d965ccfc6d4b" outcome="Passed" testListId="8c84fa94-04c1-424b-9868-57a2d4851a1d" relativeResultsDirectory="64325e97-6c66-4a17-980b-d21b5c5ac08c" />
    <UnitTestResult executionId="1cc94ec5-c668-43f2-9288-a77379d08857" testId="1eaa0748-d0f2-8ea6-82dd-3d39ce914a95" testName="SlippageNegative" computerName="reverse-code-generator-86295fd0-8s5dg" duration="00:00:00.0002367" startTime="2026-07-19T07:11:19.3946098+00:00" endTime="2026-07-19T07:11:19.3948847+00:00" testType="13cdc9d9-ddb5-4fa4-a97d-d965ccfc6d4b" outcome="Passed" testListId="8c84fa94-04c1-424b-9868-57a2d4851a1d" relativeResultsDirectory="1cc94ec5-c668-43f2-9288-a77379d08857" />
    <UnitTestResult executionId="0aa74dee-6b7b-4e6e-ae96-0dadd55324fc" testId="175d2fe0-852c-8ebd-bade-ffb7b195c936" testName="ManagerCreateRulesDeterministicOrder" computerName="reverse-code-generator-86295fd0-8s5dg" duration="00:00:00.0019055" startTime="2026-07-19T07:11:19.3710483+00:00" endTime="2026-07-19T07:11:19.3729963+00:00" testType="13cdc9d9-ddb5-4fa4-a97d-d965ccfc6d4b" outcome="Passed" testListId="8c84fa94-04c1-424b-9868-57a2d4851a1d" relativeResultsDirectory="0aa74dee-6b7b-4e6e-ae96-0dadd55324fc" />
    <UnitTestResult executionId="a974285c-e3e6-4198-a783-ca16430c5c93" testId="1d044fe5-e89f-82da-bfb1-25bf4d5c8f9d" testName="Commission" computerName="reverse-code-generator-86295fd0-8s5dg" duration="00:00:00.0005617" startTime="2026-07-19T07:11:19.3927358+00:00" endTime="2026-07-19T07:11:19.3933404+00:00" testType="13cdc9d9-ddb5-4fa4-a97d-d965ccfc6d4b" outcome="Passed" testListId="8c84fa94-04c1-424b-9868-57a2d4851a1d" relativeResultsDirectory="a974285c-e3e6-4198-a783-ca16430c5c93" />
    <UnitTestResult executionId="58c9198a-2ced-4a1c-b95d-89207e82ca30" testId="1d18f7c8-58f7-8e17-8668-13bb92670e41" testName="PerOrderRule" computerName="reverse-code-generator-86295fd0-8s5dg" duration="00:00:00.0025593" startTime="2026-07-19T07:11:25.0640908+00:00" endTime="2026-07-19T07:11:25.0680946+00:00" testType="13cdc9d9-ddb5-4fa4-a97d-d965ccfc6d4b" outcome="Passed" testListId="8c84fa94-04c1-424b-9868-57a2d4851a1d" relativeResultsDirectory="58c9198a-2ced-4a1c-b95d-89207e82ca30" />
    <UnitTestResult executionId="c9d530b4-0494-4980-a2f9-7a0131632aa5" testId="1defa781-25aa-8a67-bb80-06e2a4da6e3a" testName="OrderVolumeSubScaleBoundaryMatchesGate" computerName="reverse-code-generator-86295fd0-8s5dg" duration="00:00:00.0002113" startTime="2026-07-19T07:11:19.4000763+00:00" endTime="2026-07-19T07:11:19.4003216+00:00" testType="13cdc9d9-ddb5-4fa4-a97d-d965ccfc6d4b" outcome="Passed" testListId="8c84fa94-04c1-424b-9868-57a2d4851a1d" relativeResultsDirectory="c9d530b4-0494-4980-a2f9-7a0131632aa5" />
    <UnitTestResult executionId="bd282c1f-a38c-47da-b798-bb5a914e49f6" testId="1f1d8b87-4354-87f7-9498-b2f97554ec27" testName="OrderValueSubScaleBoundaryMatchesGate" computerName="reverse-code-generator-86295fd0-8s5dg" duration="00:00:00.0002291" startTime="2026-07-19T07:11:19.4003430+00:00" endTime="2026-07-19T07:11:19.4006052+00:00" testType="13cdc9d9-ddb5-4fa4-a97d-d965ccfc6d4b" outcome="Passed" testListId="8c84fa94-04c1-424b-9868-57a2d4851a1d" relativeResultsDirectory="bd282c1f-a38c-47da-b798-bb5a914e49f6" />
    <UnitTestResult executionId="d299fe71-4f0e-42cf-8869-0ab172641c74" testId="125183b4-a4f9-89a8-a2ab-363eeda48aa8" testName="OrderFreqReset" computerName="reverse-code-generator-86295fd0-8s5dg" duration="00:00:00.0007339" startTime="2026-07-19T07:11:19.3968808+00:00" endTime="2026-07-19T07:11:19.3976695+00:00" testType="13cdc9d9-ddb5-4fa4-a97d-d965ccfc6d4b" outcome="Passed" testListId="8c84fa94-04c1-424b-9868-57a2d4851a1d" relativeResultsDirectory="d299fe71-4f0e-42cf-8869-0ab172641c74" />
    <UnitTestResult executionId="09351f3b-25f4-43d7-93ca-0b10735034ac" testId="1b723d78-cd48-85af-b573-f251b8081984" testName="PerTradeVolumeRule" computerName="reverse-code-generator-86295fd0-8s5dg" duration="00:00:00.0007243" startTime="2026-07-19T07:11:25.0692694+00:00" endTime="2026-07-19T07:11:25.0700342+00:00" testType="13cdc9d9-ddb5-4fa4-a97d-d965ccfc6d4b" outcome="Passed" testListId="8c84fa94-04c1-424b-9868-57a2d4851a1d" relativeResultsDirectory="09351f3b-25f4-43d7-93ca-0b10735034ac" />
    <UnitTestResult executionId="e0e01762-4484-43fa-8c9f-2ecdfa520c38" testId="1d67f28a-bf3e-8cdf-8d0a-11eff8e0c393" testName="Live_UnsupportedOrderTypeThrows" computerName="reverse-code-generator-86295fd0-8s5dg" duration="00:00:00.0048998" startTime="2026-07-19T07:11:25.9020059+00:00" endTime="2026-07-19T07:11:25.9069604+00:00" testType="13cdc9d9-ddb5-4fa4-a97d-d965ccfc6d4b" outcome="Passed" testListId="8c84fa94-04c1-424b-9868-57a2d4851a1d" relativeResultsDirectory="e0e01762-4484-43fa-8c9f-2ecdfa520c38" />
    <UnitTestResult executionId="197274df-305e-46a5-ae46-6942b06b4695" testId="1022e153-a3b3-8d3e-af65-a0259b938591" testName="CommissionNegative" computerName="reverse-code-generator-86295fd0-8s5dg" duration="00:00:00.0002831" startTime="2026-07-19T07:11:19.3936914+00:00" endTime="2026-07-19T07:11:19.3940174+00:00" testType="13cdc9d9-ddb5-4fa4-a97d-d965ccfc6d4b" outcome="Passed" testListId="8c84fa94-04c1-424b-9868-57a2d4851a1d" relativeResultsDirectory="197274df-305e-46a5-ae46-6942b06b4695" />
    <UnitTestResult executionId="b251a22c-6ae3-4b3b-a69b-741401ae2d90" testId="1aed547e-887d-87ba-a20b-60f18db96e1d" testName="ManagerCreateRulesNegativeConfigFailsClosed" computerName="reverse-code-generator-86295fd0-8s5dg" duration="00:00:00.0010853" startTime="2026-07-19T07:11:19.3776985+00:00" endTime="2026-07-19T07:11:19.3788298+00:00" testType="13cdc9d9-ddb5-4fa4-a97d-d965ccfc6d4b" outcome="Passed" testListId="8c84fa94-04c1-424b-9868-57a2d4851a1d" relativeResultsDirectory="b251a22c-6ae3-4b3b-a69b-741401ae2d90" />
    <UnitTestResult executionId="8ba1b2ac-176d-4ac5-be98-cc6edbaaca5d" testId="1bccb063-a921-890f-9475-000a37eac683" testName="Live_FutureEffectiveRowExcluded" computerName="reverse-code-generator-86295fd0-8s5dg" duration="00:00:00.0046073" startTime="2026-07-19T07:11:25.8499735+00:00" endTime="2026-07-19T07:11:25.8546191+00:00" testType="13cdc9d9-ddb5-4fa4-a97d-d965ccfc6d4b" outcome="Passed" testListId="8c84fa94-04c1-424b-9868-57a2d4851a1d" relativeResultsDirectory="8ba1b2ac-176d-4ac5-be98-cc6edbaaca5d" />
    <UnitTestResult executionId="fb59dcc9-8b5b-40fd-a3fe-0df06c198ca6" testId="17f1af33-9ccc-8c44-bc5e-069558f52914" testName="AcceptsCompliantOrder" computerName="reverse-code-generator-86295fd0-8s5dg" duration="00:00:00.0004572" startTime="2026-07-19T07:11:25.8082049+00:00" endTime="2026-07-19T07:11:25.8089445+00:00" testType="13cdc9d9-ddb5-4fa4-a97d-d965ccfc6d4b" outcome="Passed" testListId="8c84fa94-04c1-424b-9868-57a2d4851a1d" relativeResultsDirectory="fb59dcc9-8b5b-40fd-a3fe-0df06c198ca6" />
    <UnitTestResult executionId="392c968a-4df4-4f41-80b4-4950886eaf91" testId="1b1d13f9-1b84-8cba-8032-496ce25e343f" testName="Live_FlipLongToShortPersists" computerName="reverse-code-generator-86295fd0-8s5dg" duration="00:00:00.0078527" startTime="2026-07-19T07:11:25.3855828+00:00" endTime="2026-07-19T07:11:25.3934747+00:00" testType="13cdc9d9-ddb5-4fa4-a97d-d965ccfc6d4b" outcome="Passed" testListId="8c84fa94-04c1-424b-9868-57a2d4851a1d" relativeResultsDirectory="392c968a-4df4-4f41-80b4-4950886eaf91" />
    <UnitTestResult executionId="bb286960-a526-4e12-b482-afad6d9daafd" testId="19c7881c-5ddb-8764-a0c6-2c99bc3cca1d" testName="PropertyNotification" computerName="reverse-code-generator-86295fd0-8s5dg" duration="00:00:00.0006341" startTime="2026-07-19T07:11:19.4252816+00:00" endTime="2026-07-19T07:11:19.4259610+00:00" testType="13cdc9d9-ddb5-4fa4-a97d-d965ccfc6d4b" outcome="Passed" testListId="8c84fa94-04c1-424b-9868-57a2d4851a1d" relativeResultsDirectory="bb286960-a526-4e12-b482-afad6d9daafd" />
    <UnitTestResult executionId="70c04c82-9dfd-4509-83ab-91be3f3159e8" testId="1ef23d5b-ceb4-880b-b43a-42773965fbed" testName="CommissionOrder" computerName="reverse-code-generator-86295fd0-8s5dg" duration="00:00:00.0001989" startTime="2026-07-19T07:11:19.4649007+00:00" endTime="2026-07-19T07:11:19.4651346+00:00" testType="13cdc9d9-ddb5-4fa4-a97d-d965ccfc6d4b" outcome="Passed" testListId="8c84fa94-04c1-424b-9868-57a2d4851a1d" relativeResultsDirectory="70c04c82-9dfd-4509-83ab-91be3f3159e8" />
    <UnitTestResult executionId="67d0f677-6bb1-4f53-b494-a6b085f4c743" testId="155c8265-e25c-83a8-af79-2abeb0eabc75" testName="ManagerResetMessage" computerName="reverse-code-generator-86295fd0-8s5dg" duration="00:00:00.0005295" startTime="2026-07-19T07:11:25.3323208+00:00" endTime="2026-07-19T07:11:25.3328900+00:00" testType="13cdc9d9-ddb5-4fa4-a97d-d965ccfc6d4b" outcome="Passed" testListId="8c84fa94-04c1-424b-9868-57a2d4851a1d" relativeResultsDirectory="67d0f677-6bb1-4f53-b494-a6b085f4c743" />
    <UnitTestResult executionId="9a3eb085-a0ad-4d7a-a8f8-a07063bb682f" testId="12a88af5-0215-8a0f-afd6-275c102204ae" testName="Live_CommissionEstimateFromTrades" computerName="reverse-code-generator-86295fd0-8s5dg" duration="00:00:00.0064821" startTime="2026-07-19T07:11:25.8734120+00:00" endTime="2026-07-19T07:11:25.8799463+00:00" testType="13cdc9d9-ddb5-4fa4-a97d-d965ccfc6d4b" outcome="Passed" testListId="8c84fa94-04c1-424b-9868-57a2d4851a1d" relativeResultsDirectory="9a3eb085-a0ad-4d7a-a8f8-a07063bb682f" />
    <UnitTestResult executionId="ca1cf9aa-1246-4f87-8568-b33e8ca659bd" testId="1d464fef-a3bf-8143-b0c1-f16ba72d09b7" testName="OrderFreq" computerName="reverse-code-generator-86295fd0-8s5dg" duration="00:00:00.0013236" startTime="2026-07-19T07:11:19.3962401+00:00" endTime="2026-07-19T07:11:19.3976020+00:00" testType="13cdc9d9-ddb5-4fa4-a97d-d965ccfc6d4b" outcome="Passed" testListId="8c84fa94-04c1-424b-9868-57a2d4851a1d" relativeResultsDirectory="ca1cf9aa-1246-4f87-8568-b33e8ca659bd" />
    <UnitTestResult executionId="94c2e184-77d9-4624-8c43-47466a7a531b" testId="1c8257bc-3cbc-8b3e-9016-cc7bea4dd611" testName="DailyVolumeUsesTrustedClockNotMessageTime" computerName="reverse-code-generator-86295fd0-8s5dg" duration="00:00:00.0003603" startTime="2026-07-19T07:11:19.4071401+00:00" endTime="2026-07-19T07:11:19.4075365+00:00" testType="13cdc9d9-ddb5-4fa4-a97d-d965ccfc6d4b" outcome="Passed" testListId="8c84fa94-04c1-424b-9868-57a2d4851a1d" relativeResultsDirectory="94c2e184-77d9-4624-8c43-47466a7a531b" />
    <UnitTestResult executionId="88afe62e-f56c-40b8-8eba-9eab60f84482" testId="190b9f6b-d20b-8328-b46d-5ba8d700b72d" testName="DailyVolumeInvalidVolume" computerName="reverse-code-generator-86295fd0-8s5dg" duration="00:00:00.0001835" startTime="2026-07-19T07:11:19.4068997+00:00" endTime="2026-07-19T07:11:19.4071175+00:00" testType="13cdc9d9-ddb5-4fa4-a97d-d965ccfc6d4b" outcome="Passed" testListId="8c84fa94-04c1-424b-9868-57a2d4851a1d" relativeResultsDirectory="88afe62e-f56c-40b8-8eba-9eab60f84482" />
    <UnitTestResult executionId="0bf053d6-79f4-4655-9053-530699d41bd1" testId="1d276a00-9915-859c-afcc-6ff8392697d4" testName="PositionTime" computerName="reverse-code-generator-86295fd0-8s5dg" duration="00:00:00.0056389" startTime="2026-07-19T07:11:19.3923818+00:00" endTime="2026-07-19T07:11:19.3980602+00:00" testType="13cdc9d9-ddb5-4fa4-a97d-d965ccfc6d4b" outcome="Passed" testListId="8c84fa94-04c1-424b-9868-57a2d4851a1d" relativeResultsDirectory="0bf053d6-79f4-4655-9053-530699d41bd1" />
    <UnitTestResult executionId="aa192c29-f2d0-4504-883d-e3c234ac25fd" testId="17939b8f-86b9-8e53-8d79-e4627faf108a" testName="Live_FrequencyRollingCount" computerName="reverse-code-generator-86295fd0-8s5dg" duration="00:00:00.0068882" startTime="2026-07-19T07:11:25.8609031+00:00" endTime="2026-07-19T07:11:25.8678288+00:00" testType="13cdc9d9-ddb5-4fa4-a97d-d965ccfc6d4b" outcome="Passed" testListId="8c84fa94-04c1-424b-9868-57a2d4851a1d" relativeResultsDirectory="aa192c29-f2d0-4504-883d-e3c234ac25fd" />
    <UnitTestResult executionId="69344f1a-6c42-4dc0-a0c1-6437369ffa3d" testId="18d0f686-86f9-8c09-8b8a-25f4407feb95" testName="Check6_CommissionEstimate" computerName="reverse-code-generator-86295fd0-8s5dg" duration="00:00:00.0003044" startTime="2026-07-19T07:11:25.8134680+00:00" endTime="2026-07-19T07:11:25.8138035+00:00" testType="13cdc9d9-ddb5-4fa4-a97d-d965ccfc6d4b" outcome="Passed" testListId="8c84fa94-04c1-424b-9868-57a2d4851a1d" relativeResultsDirectory="69344f1a-6c42-4dc0-a0c1-6437369ffa3d" />
    <UnitTestResult executionId="dd1bb3a0-5042-49d8-9262-fe189257394e" testId="1d43e842-bfa0-834d-8818-49a505220242" testName="DailyVolumeSubScaleAccumulationMatchesGate" computerName="reverse-code-generator-86295fd0-8s5dg" duration="00:00:00.0024301" startTime="2026-07-19T07:11:19.4006270+00:00" endTime="2026-07-19T07:11:19.4030937+00:00" testType="13cdc9d9-ddb5-4fa4-a97d-d965ccfc6d4b" outcome="Passed" testListId="8c84fa94-04c1-424b-9868-57a2d4851a1d" relativeResultsDirectory="dd1bb3a0-5042-49d8-9262-fe189257394e" />
    <UnitTestResult executionId="844bb3f5-91c2-4cb0-a3b2-8cba1c46ee93" testId="144356fe-8b39-8706-9237-559112ca081a" testName="ManagerCreateRulesMalformedFrequencyThrows" computerName="reverse-code-generator-86295fd0-8s5dg" duration="00:00:00.0007618" startTime="2026-07-19T07:11:19.3776305+00:00" endTime="2026-07-19T07:11:19.3784418+00:00" testType="13cdc9d9-ddb5-4fa4-a97d-d965ccfc6d4b" outcome="Passed" testListId="8c84fa94-04c1-424b-9868-57a2d4851a1d" relativeResultsDirectory="844bb3f5-91c2-4cb0-a3b2-8cba1c46ee93" />
    <UnitTestResult executionId="1178685f-bc48-4490-afea-36bdb2db66f8" testId="1404f0e4-628a-809c-9dc0-f06d1d6608db" testName="CommissionTrade" computerName="reverse-code-generator-86295fd0-8s5dg" duration="00:00:00.0004443" startTime="2026-07-19T07:11:19.4640472+00:00" endTime="2026-07-19T07:11:19.4645386+00:00" testType="13cdc9d9-ddb5-4fa4-a97d-d965ccfc6d4b" outcome="Passed" testListId="8c84fa94-04c1-424b-9868-57a2d4851a1d" relativeResultsDirectory="1178685f-bc48-4490-afea-36bdb2db66f8" />
    <UnitTestResult executionId="4d1c4bd6-36fa-40e5-b460-a457c466266a" testId="15a7d560-ca88-84de-9458-a22e80d5e7d0" testName="OrderVolumeInvalidVolume" computerName="reverse-code-generator-86295fd0-8s5dg" duration="00:00:00.0003173" startTime="2026-07-19T07:11:19.3958608+00:00" endTime="2026-07-19T07:11:19.3962141+00:00" testType="13cdc9d9-ddb5-4fa4-a97d-d965ccfc6d4b" outcome="Passed" testListId="8c84fa94-04c1-424b-9868-57a2d4851a1d" relativeResultsDirectory="4d1c4bd6-36fa-40e5-b460-a457c466266a" />
    <UnitTestResult executionId="67b9ae14-6cca-409e-89c1-4586334642e9" testId="1cad370a-44fe-83f3-977e-0042753e2d18" testName="Live_RejectedOrderCannotBeFilled" computerName="reverse-code-generator-86295fd0-8s5dg" duration="00:00:00.0216298" startTime="2026-07-19T07:11:25.6365193+00:00" endTime="2026-07-19T07:11:25.6581974+00:00" testType="13cdc9d9-ddb5-4fa4-a97d-d965ccfc6d4b" outcome="Passed" testListId="8c84fa94-04c1-424b-9868-57a2d4851a1d" relativeResultsDirectory="67b9ae14-6cca-409e-89c1-4586334642e9" />
    <UnitTestResult executionId="1b8e636d-f4c8-4e2b-a680-8dec55135f08" testId="17e1de39-6b99-8e0b-9633-b2959ce389ec" testName="ProviderRemoveNonExistingRule" computerName="reverse-code-generator-86295fd0-8s5dg" duration="00:00:00.0003969" startTime="2026-07-19T07:11:25.3395481+00:00" endTime="2026-07-19T07:11:25.3399893+00:00" testType="13cdc9d9-ddb5-4fa4-a97d-d965ccfc6d4b" outcome="Passed" testListId="8c84fa94-04c1-424b-9868-57a2d4851a1d" relativeResultsDirectory="1b8e636d-f4c8-4e2b-a680-8dec55135f08" />
    <UnitTestResult executionId="0dfc07c0-efa4-4356-abe0-ffeb683fe13f" testId="17164122-f7ba-880c-b953-7e165fd94b5a" testName="PerOrderVolumeRuleWithPercent" computerName="reverse-code-generator-86295fd0-8s5dg" duration="00:00:00.0002275" startTime="2026-07-19T07:11:25.3469020+00:00" endTime="2026-07-19T07:11:25.3471624+00:00" testType="13cdc9d9-ddb5-4fa4-a97d-d965ccfc6d4b" outcome="Passed" testListId="8c84fa94-04c1-424b-9868-57a2d4851a1d" relativeResultsDirectory="0dfc07c0-efa4-4356-abe0-ffeb683fe13f" />
    <UnitTestResult executionId="302028ac-f29d-4695-9019-764e297afa5a" testId="183800ee-a435-8c22-9296-d98d58c180ce" testName="ManagerApplyCanonicalLimitsShortSymmetry" computerName="reverse-code-generator-86295fd0-8s5dg" duration="00:00:00.0044225" startTime="2026-07-19T07:11:19.3779900+00:00" endTime="2026-07-19T07:11:19.3824515+00:00" testType="13cdc9d9-ddb5-4fa4-a97d-d965ccfc6d4b" outcome="Passed" testListId="8c84fa94-04c1-424b-9868-57a2d4851a1d" relativeResultsDirectory="302028ac-f29d-4695-9019-764e297afa5a" />
    <UnitTestResult executionId="01ab5676-4ca1-4355-b647-5a22b5ae9656" testId="12e674a1-18c4-8948-a6e3-5130893f7708" testName="OrderError" computerName="reverse-code-generator-86295fd0-8s5dg" duration="00:00:00.0006966" startTime="2026-07-19T07:11:19.4075591+00:00" endTime="2026-07-19T07:11:19.4082921+00:00" testType="13cdc9d9-ddb5-4fa4-a97d-d965ccfc6d4b" outcome="Passed" testListId="8c84fa94-04c1-424b-9868-57a2d4851a1d" relativeResultsDirectory="01ab5676-4ca1-4355-b647-5a22b5ae9656" />
    <UnitTestResult executionId="fb9b5fab-e2da-4cf2-8a3f-b111bc3de99d" testId="1486601d-cb77-808c-b866-21f7c2b6a5ce" testName="PositionSizeNegative" computerName="reverse-code-generator-86295fd0-8s5dg" duration="00:00:00.0002307" startTime="2026-07-19T07:11:19.3920731+00:00" endTime="2026-07-19T07:11:19.3923429+00:00" testType="13cdc9d9-ddb5-4fa4-a97d-d965ccfc6d4b" outcome="Passed" testListId="8c84fa94-04c1-424b-9868-57a2d4851a1d" relativeResultsDirectory="fb9b5fab-e2da-4cf2-8a3f-b111bc3de99d" />
    <UnitTestResult executionId="bfd56d30-32fe-4b2a-ba71-db4663f7e08b" testId="135a43e3-9d10-8bce-b264-743dacba2dcb" testName="ManagerOrderAndTradeMessages" computerName="reverse-code-generator-86295fd0-8s5dg" duration="00:00:00.0002135" startTime="2026-07-19T07:11:25.3315606+00:00" endTime="2026-07-19T07:11:25.3318074+00:00" testType="13cdc9d9-ddb5-4fa4-a97d-d965ccfc6d4b" outcome="Passed" testListId="8c84fa94-04c1-424b-9868-57a2d4851a1d" relativeResultsDirectory="bfd56d30-32fe-4b2a-ba71-db4663f7e08b" />
    <UnitTestResult executionId="b2d6825f-9c20-47c5-b099-eddb68164e5c" testId="1f048e93-0e04-8f0d-a3d9-cd4bae5fce15" testName="OpensFlatPosition" computerName="reverse-code-generator-86295fd0-8s5dg" duration="00:00:00.0008662" startTime="2026-07-19T07:11:25.3478881+00:00" endTime="2026-07-19T07:11:25.3490425+00:00" testType="13cdc9d9-ddb5-4fa4-a97d-d965ccfc6d4b" outcome="Passed" testListId="8c84fa94-04c1-424b-9868-57a2d4851a1d" relativeResultsDirectory="b2d6825f-9c20-47c5-b099-eddb68164e5c" />
    <UnitTestResult executionId="fcf16a4c-5c05-47cd-8ef3-2328772d0503" testId="162ff09c-db7b-8ccb-8f02-9c281c47c506" testName="Slippage" computerName="reverse-code-generator-86295fd0-8s5dg" duration="00:00:00.0004968" startTime="2026-07-19T07:11:19.3940406+00:00" endTime="2026-07-19T07:11:19.3945739+00:00" testType="13cdc9d9-ddb5-4fa4-a97d-d965ccfc6d4b" outcome="Passed" testListId="8c84fa94-04c1-424b-9868-57a2d4851a1d" relativeResultsDirectory="fcf16a4c-5c05-47cd-8ef3-2328772d0503" />
    <UnitTestResult executionId="566e4956-da34-4981-8d20-491a97a37360" testId="11ec0eef-0605-887a-9a4f-c6d6485b0978" testName="ProviderAddRemoveRule" computerName="reverse-code-generator-86295fd0-8s5dg" duration="00:00:00.0372988" startTime="2026-07-19T07:11:19.4266526+00:00" endTime="2026-07-19T07:11:19.4640113+00:00" testType="13cdc9d9-ddb5-4fa4-a97d-d965ccfc6d4b" outcome="Passed" testListId="8c84fa94-04c1-424b-9868-57a2d4851a1d" relativeResultsDirectory="566e4956-da34-4981-8d20-491a97a37360" />
    <UnitTestResult executionId="8dffebb0-816f-470d-ab66-25cda072e1f8" testId="1b1fd076-bf30-85d9-a265-09f896c2ca25" testName="AdapterStopTradingBlocks" computerName="reverse-code-generator-86295fd0-8s5dg" duration="00:00:00.0016072" startTime="2026-07-19T07:11:19.4778784+00:00" endTime="2026-07-19T07:11:19.4795283+00:00" testType="13cdc9d9-ddb5-4fa4-a97d-d965ccfc6d4b" outcome="Passed" testListId="8c84fa94-04c1-424b-9868-57a2d4851a1d" relativeResultsDirectory="8dffebb0-816f-470d-ab66-25cda072e1f8" />
    <UnitTestResult executionId="fdb83c35-a121-4078-8d2d-afd2ecb5423e" testId="18867e30-9129-822b-9770-41fd13b9b2bb" testName="CommissionZero" computerName="reverse-code-generator-86295fd0-8s5dg" duration="00:00:00.0002576" startTime="2026-07-19T07:11:19.4822896+00:00" endTime="2026-07-19T07:11:19.4825825+00:00" testType="13cdc9d9-ddb5-4fa4-a97d-d965ccfc6d4b" outcome="Passed" testListId="8c84fa94-04c1-424b-9868-57a2d4851a1d" relativeResultsDirectory="fdb83c35-a121-4078-8d2d-afd2ecb5423e" />
    <UnitTestResult executionId="2cdf9443-1873-44b8-af78-1a39b0a698f5" testId="1b790b03-f82c-8662-9921-89d798824d71" testName="Check5_PositionPostFill" computerName="reverse-code-generator-86295fd0-8s5dg" duration="00:00:00.0002271" startTime="2026-07-19T07:11:25.8131933+00:00" endTime="2026-07-19T07:11:25.8134514+00:00" testType="13cdc9d9-ddb5-4fa4-a97d-d965ccfc6d4b" outcome="Passed" testListId="8c84fa94-04c1-424b-9868-57a2d4851a1d" relativeResultsDirectory="2cdf9443-1873-44b8-af78-1a39b0a698f5" />
    <UnitTestResult executionId="c3d6fa6b-eb55-4602-9c04-8265994fe821" testId="15ec0a8d-d00d-85fa-ae57-0d69afce079e" testName="TradeVolumeNullVolume" computerName="reverse-code-generator-86295fd0-8s5dg" duration="00:00:00.0002122" startTime="2026-07-19T07:11:19.4820115+00:00" endTime="2026-07-19T07:11:19.4822669+00:00" testType="13cdc9d9-ddb5-4fa4-a97d-d965ccfc6d4b" outcome="Passed" testListId="8c84fa94-04c1-424b-9868-57a2d4851a1d" relativeResultsDirectory="c3d6fa6b-eb55-4602-9c04-8265994fe821" />
    <UnitTestResult executionId="291de538-7277-4bf3-8cc7-640c90bb1d5e" testId="1d79c657-5e01-85da-87bb-7f3bf2a5477f" testName="PerOrderTradeTurnover" computerName="reverse-code-generator-86295fd0-8s5dg" duration="00:00:00.0003099" startTime="2026-07-19T07:11:25.3461710+00:00" endTime="2026-07-19T07:11:25.3465214+00:00" testType="13cdc9d9-ddb5-4fa4-a97d-d965ccfc6d4b" outcome="Passed" testListId="8c84fa94-04c1-424b-9868-57a2d4851a1d" relativeResultsDirectory="291de538-7277-4bf3-8cc7-640c90bb1d5e" />
    <UnitTestResult executionId="6b80170d-1f63-4766-837b-fa6d3d01a339" testId="11a54de2-4efa-8882-aa96-15a3438beffe" testName="RejectsInvalidSide" computerName="reverse-code-generator-86295fd0-8s5dg" duration="00:00:00.0002482" startTime="2026-07-19T07:11:25.3512110+00:00" endTime="2026-07-19T07:11:25.3514891+00:00" testType="13cdc9d9-ddb5-4fa4-a97d-d965ccfc6d4b" outcome="Passed" testListId="8c84fa94-04c1-424b-9868-57a2d4851a1d" relativeResultsDirectory="6b80170d-1f63-4766-837b-fa6d3d01a339" />
    <UnitTestResult executionId="351abd26-d13d-4f9b-9251-bdee58844350" testId="1c12848e-bd3d-8243-b203-7a9c62ff42c2" testName="Live_ConcurrentEnsureSecurityFirstCreateConvergesToSingleId" computerName="reverse-code-generator-86295fd0-8s5dg" duration="00:00:00.0233396" startTime="2026-07-19T07:11:25.9690529+00:00" endTime="2026-07-19T07:11:25.9959135+00:00" testType="13cdc9d9-ddb5-4fa4-a97d-d965ccfc6d4b" outcome="Passed" testListId="8c84fa94-04c1-424b-9868-57a2d4851a1d" relativeResultsDirectory="351abd26-d13d-4f9b-9251-bdee58844350" />
    <UnitTestResult executionId="00077631-da05-477e-aacf-a9abe896630a" testId="16222eb6-6fdc-8ec0-954e-8bb2476a4831" testName="PnLZeroAbsolute" computerName="reverse-code-generator-86295fd0-8s5dg" duration="00:00:00.0005740" startTime="2026-07-19T07:11:19.3920190+00:00" endTime="2026-07-19T07:11:19.3926488+00:00" testType="13cdc9d9-ddb5-4fa4-a97d-d965ccfc6d4b" outcome="Passed" testListId="8c84fa94-04c1-424b-9868-57a2d4851a1d" relativeResultsDirectory="00077631-da05-477e-aacf-a9abe896630a" />
    <UnitTestResult executionId="aa63817d-d2c2-47fe-a14c-107667df0b1f" testId="1c7b74a1-efd4-879f-99c9-9aa28bbb84c9" testName="Live_HighContentionConcurrentFillsNeverDeadlockOrLoseFills" computerName="reverse-code-generator-86295fd0-8s5dg" duration="00:00:00.0677567" startTime="2026-07-19T07:11:25.5427030+00:00" endTime="2026-07-19T07:11:25.6105056+00:00" testType="13cdc9d9-ddb5-4fa4-a97d-d965ccfc6d4b" outcome="Passed" testListId="8c84fa94-04c1-424b-9868-57a2d4851a1d" relativeResultsDirectory="aa63817d-d2c2-47fe-a14c-107667df0b1f" />
    <UnitTestResult executionId="05ce1bc8-291e-4bca-83cf-1de90c561e6a" testId="1a1e3110-e813-8eb6-be5c-a071ef6343c3" testName="Live_AuditTriggerRecordsStatusUpdatesNotInserts" computerName="reverse-code-generator-86295fd0-8s5dg" duration="00:00:00.0076306" startTime="2026-07-19T07:11:25.7775458+00:00" endTime="2026-07-19T07:11:25.7852153+00:00" testType="13cdc9d9-ddb5-4fa4-a97d-d965ccfc6d4b" outcome="Passed" testListId="8c84fa94-04c1-424b-9868-57a2d4851a1d" relativeResultsDirectory="05ce1bc8-291e-4bca-83cf-1de90c561e6a" />
    <UnitTestResult executionId="346bf61b-167e-4220-b0be-5bd05bb79139" testId="13da0211-3739-87b2-998a-4906cb29d403" testName="Live_MalformedFrequencyPairFailsClosed" computerName="reverse-code-generator-86295fd0-8s5dg" duration="00:00:00.0045428" startTime="2026-07-19T07:11:25.8902104+00:00" endTime="2026-07-19T07:11:25.8947934+00:00" testType="13cdc9d9-ddb5-4fa4-a97d-d965ccfc6d4b" outcome="Passed" testListId="8c84fa94-04c1-424b-9868-57a2d4851a1d" relativeResultsDirectory="346bf61b-167e-4220-b0be-5bd05bb79139" />
    <UnitTestResult executionId="a1578939-fc13-4ba9-8c08-a2d90060c6a9" testId="1c31c7d8-cd8f-81ac-aac5-35ecddbf32b1" testName="Check1_PriceCeiling" computerName="reverse-code-generator-86295fd0-8s5dg" duration="00:00:00.0001914" startTime="2026-07-19T07:11:25.8122155+00:00" endTime="2026-07-19T07:11:25.8124444+00:00" testType="13cdc9d9-ddb5-4fa4-a97d-d965ccfc6d4b" outcome="Passed" testListId="8c84fa94-04c1-424b-9868-57a2d4851a1d" relativeResultsDirectory="a1578939-fc13-4ba9-8c08-a2d90060c6a9" />
    <UnitTestResult executionId="e93df086-b3c3-45a4-8fb9-e4625ee481c7" testId="1fdeb8dd-5bba-8fff-9e6d-f7561992efa3" testName="ManagerCreateRulesMapsDailyVolumeAndCommission" computerName="reverse-code-generator-86295fd0-8s5dg" duration="00:00:00.0041919" startTime="2026-07-19T07:11:19.3687214+00:00" endTime="2026-07-19T07:11:19.3733165+00:00" testType="13cdc9d9-ddb5-4fa4-a97d-d965ccfc6d4b" outcome="Passed" testListId="8c84fa94-04c1-424b-9868-57a2d4851a1d" relativeResultsDirectory="e93df086-b3c3-45a4-8fb9-e4625ee481c7" />
    <UnitTestResult executionId="079d539c-c820-41c0-ae02-771c4575238c" testId="114c48a4-24a4-842d-bbc3-8254d6245ef2" testName="ManagerTradeMessage" computerName="reverse-code-generator-86295fd0-8s5dg" duration="00:00:00.0002067" startTime="2026-07-19T07:11:25.3312990+00:00" endTime="2026-07-19T07:11:25.3315441+00:00" testType="13cdc9d9-ddb5-4fa4-a97d-d965ccfc6d4b" outcome="Passed" testListId="8c84fa94-04c1-424b-9868-57a2d4851a1d" relativeResultsDirectory="079d539c-c820-41c0-ae02-771c4575238c" />
    <UnitTestResult executionId="108433eb-8aaa-4d8f-8a8d-4173e21e5682" testId="1734ead3-09e5-8b6e-92f1-67a163c9fb13" testName="CommissionOrderZero" computerName="reverse-code-generator-86295fd0-8s5dg" duration="00:00:00.0002031" startTime="2026-07-19T07:11:19.4829080+00:00" endTime="2026-07-19T07:11:19.4831451+00:00" testType="13cdc9d9-ddb5-4fa4-a97d-d965ccfc6d4b" outcome="Passed" testListId="8c84fa94-04c1-424b-9868-57a2d4851a1d" relativeResultsDirectory="108433eb-8aaa-4d8f-8a8d-4173e21e5682" />
    <UnitTestResult executionId="1467847e-ff31-4be3-abc5-dbf1887e8d3d" testId="1de7425b-aade-8b90-a5bd-b5a9045ed242" testName="OrderFreqRollingCountAtLeastAsStrict" computerName="reverse-code-generator-86295fd0-8s5dg" duration="00:00:00.0012574" startTime="2026-07-19T07:11:19.3976266+00:00" endTime="2026-07-19T07:11:19.3989250+00:00" testType="13cdc9d9-ddb5-4fa4-a97d-d965ccfc6d4b" outcome="Passed" testListId="8c84fa94-04c1-424b-9868-57a2d4851a1d" relativeResultsDirectory="1467847e-ff31-4be3-abc5-dbf1887e8d3d" />
    <UnitTestResult executionId="3a232412-3b31-4bbb-8874-3030792ecf88" testId="11321f58-33da-8691-9b67-88f253ef3055" testName="ManagerApplyCanonicalLimitsThroughAdapterPipeline" computerName="reverse-code-generator-86295fd0-8s5dg" duration="00:00:00.0121194" startTime="2026-07-19T07:11:19.3792474+00:00" endTime="2026-07-19T07:11:19.3914151+00:00" testType="13cdc9d9-ddb5-4fa4-a97d-d965ccfc6d4b" outcome="Passed" testListId="8c84fa94-04c1-424b-9868-57a2d4851a1d" relativeResultsDirectory="3a232412-3b31-4bbb-8874-3030792ecf88" />
    <UnitTestResult executionId="f9b0f108-4fdc-4f3e-9001-6db454623fba" testId="119346f3-4916-8fea-9f84-a9635846b158" testName="Live_NotionalValueRejects" computerName="reverse-code-generator-86295fd0-8s5dg" duration="00:00:00.0033762" startTime="2026-07-19T07:11:25.8424062+00:00" endTime="2026-07-19T07:11:25.8458185+00:00" testType="13cdc9d9-ddb5-4fa4-a97d-d965ccfc6d4b" outcome="Passed" testListId="8c84fa94-04c1-424b-9868-57a2d4851a1d" relativeResultsDirectory="f9b0f108-4fdc-4f3e-9001-6db454623fba" />
    <UnitTestResult executionId="4f7576df-7daa-4499-8932-1542f96b8e1a" testId="1df69a11-5d34-893e-b460-298b12bf2d81" testName="Live_CommissionEstimateVsActualCommissionRuleDifferByDesign" computerName="reverse-code-generator-86295fd0-8s5dg" duration="00:00:00.0149759" startTime="2026-07-19T07:11:25.3028125+00:00" endTime="2026-07-19T07:11:25.3178518+00:00" testType="13cdc9d9-ddb5-4fa4-a97d-d965ccfc6d4b" outcome="Passed" testListId="8c84fa94-04c1-424b-9868-57a2d4851a1d" relativeResultsDirectory="4f7576df-7daa-4499-8932-1542f96b8e1a" />
    <UnitTestResult executionId="0922d621-a2e2-4d35-bad3-be37e170df0e" testId="1f2d0fc4-9e9c-8a8c-82bf-c8708111fbef" testName="Live_CancellationIsObserved" computerName="reverse-code-generator-86295fd0-8s5dg" duration="00:00:00.0042264" startTime="2026-07-19T07:11:25.9141144+00:00" endTime="2026-07-19T07:11:25.9183944+00:00" testType="13cdc9d9-ddb5-4fa4-a97d-d965ccfc6d4b" outcome="Passed" testListId="8c84fa94-04c1-424b-9868-57a2d4851a1d" relativeResultsDirectory="0922d621-a2e2-4d35-bad3-be37e170df0e" />
    <UnitTestResult executionId="d50a2a6b-75ce-494f-b108-a9a5978937d9" testId="146eaf18-9335-8042-bedd-60b4e70e78d1" testName="Live_DemoScenarioThreeOutcomes" computerName="reverse-code-generator-86295fd0-8s5dg" duration="00:00:00.0222611" startTime="2026-07-19T07:11:25.7858719+00:00" endTime="2026-07-19T07:11:25.8081850+00:00" testType="13cdc9d9-ddb5-4fa4-a97d-d965ccfc6d4b" outcome="Passed" testListId="8c84fa94-04c1-424b-9868-57a2d4851a1d" relativeResultsDirectory="d50a2a6b-75ce-494f-b108-a9a5978937d9" />
    <UnitTestResult executionId="908802de-a0c2-4622-9a88-db2365ebcff2" testId="1a397535-4656-888e-b7ca-1041d79c0e38" testName="RealizedPnlAccumulatesOntoExisting" computerName="reverse-code-generator-86295fd0-8s5dg" duration="00:00:00.0001595" startTime="2026-07-19T07:11:25.3510075+00:00" endTime="2026-07-19T07:11:25.3511964+00:00" testType="13cdc9d9-ddb5-4fa4-a97d-d965ccfc6d4b" outcome="Passed" testListId="8c84fa94-04c1-424b-9868-57a2d4851a1d" relativeResultsDirectory="908802de-a0c2-4622-9a88-db2365ebcff2" />
    <UnitTestResult executionId="63fa4df2-ba01-42c3-9759-f129566b00fc" testId="19f3708d-f181-8bff-92be-d03cb4a5c0d9" testName="ManagerApplyCanonicalLimitsPreservesUnrelatedRules" computerName="reverse-code-generator-86295fd0-8s5dg" duration="00:00:00.0010427" startTime="2026-07-19T07:11:19.3780903+00:00" endTime="2026-07-19T07:11:19.3791739+00:00" testType="13cdc9d9-ddb5-4fa4-a97d-d965ccfc6d4b" outcome="Passed" testListId="8c84fa94-04c1-424b-9868-57a2d4851a1d" relativeResultsDirectory="63fa4df2-ba01-42c3-9759-f129566b00fc" />
    <UnitTestResult executionId="55336560-033a-4812-80e9-48a105769394" testId="19748e9a-bb0e-8115-865e-8e0845c540b6" testName="Live_ConcurrentEnsurePortfolioFirstCreateConvergesToSingleId" computerName="reverse-code-generator-86295fd0-8s5dg" duration="00:00:00.0268446" startTime="2026-07-19T07:11:25.9421353+00:00" endTime="2026-07-19T07:11:25.9690239+00:00" testType="13cdc9d9-ddb5-4fa4-a97d-d965ccfc6d4b" outcome="Passed" testListId="8c84fa94-04c1-424b-9868-57a2d4851a1d" relativeResultsDirectory="55336560-033a-4812-80e9-48a105769394" />
    <UnitTestResult executionId="f7f15ff1-2a73-40d6-966f-f705138a922c" testId="164f27d6-4f50-85b0-b364-c4684a842a1d" testName="Live_AddThenPartialClosePersists" computerName="reverse-code-generator-86295fd0-8s5dg" duration="00:00:00.0108346" startTime="2026-07-19T07:11:25.3746885+00:00" endTime="2026-07-19T07:11:25.3855624+00:00" testType="13cdc9d9-ddb5-4fa4-a97d-d965ccfc6d4b" outcome="Passed" testListId="8c84fa94-04c1-424b-9868-57a2d4851a1d" relativeResultsDirectory="f7f15ff1-2a73-40d6-966f-f705138a922c" />
    <UnitTestResult executionId="16cbd211-ac79-46c2-861f-4469bbc95b28" testId="1c95daf0-4faa-8f9c-8d5d-0b85019de7fd" testName="ManagerAddRemoveRules" computerName="reverse-code-generator-86295fd0-8s5dg" duration="00:00:00.0118262" startTime="2026-07-19T07:11:18.0416372+00:00" endTime="2026-07-19T07:11:19.3637783+00:00" testType="13cdc9d9-ddb5-4fa4-a97d-d965ccfc6d4b" outcome="Passed" testListId="8c84fa94-04c1-424b-9868-57a2d4851a1d" relativeResultsDirectory="16cbd211-ac79-46c2-861f-4469bbc95b28" />
    <UnitTestResult executionId="1e2ea56e-220d-4fd8-b1c4-170efe3ee083" testId="1ecdf6b6-7b7f-8db7-abf7-e10ca1d562e5" testName="PnLZeroLimit" computerName="reverse-code-generator-86295fd0-8s5dg" duration="00:00:00.0003500" startTime="2026-07-19T07:11:19.3914048+00:00" endTime="2026-07-19T07:11:19.3917933+00:00" testType="13cdc9d9-ddb5-4fa4-a97d-d965ccfc6d4b" outcome="Passed" testListId="8c84fa94-04c1-424b-9868-57a2d4851a1d" relativeResultsDirectory="1e2ea56e-220d-4fd8-b1c4-170efe3ee083" />
    <UnitTestResult executionId="ca631ca9-4655-4b51-93e9-39142c9308ce" testId="140cd26a-9b5e-813b-b653-f863472669df" testName="Live_PositionPostFillProjection" computerName="reverse-code-generator-86295fd0-8s5dg" duration="00:00:00.0055063" startTime="2026-07-19T07:11:25.8678483+00:00" endTime="2026-07-19T07:11:25.8733926+00:00" testType="13cdc9d9-ddb5-4fa4-a97d-d965ccfc6d4b" outcome="Passed" testListId="8c84fa94-04c1-424b-9868-57a2d4851a1d" relativeResultsDirectory="ca631ca9-4655-4b51-93e9-39142c9308ce" />
    <UnitTestResult executionId="7ffe031a-7f4f-41c8-80ae-b05169250f99" testId="1c599b1e-13c1-889b-b9d0-3b62ae9cd839" testName="Live_CanonicalWiringIsScopeIsolated" computerName="reverse-code-generator-86295fd0-8s5dg" duration="00:00:00.0062099" startTime="2026-07-19T07:11:25.8546375+00:00" endTime="2026-07-19T07:11:25.8608837+00:00" testType="13cdc9d9-ddb5-4fa4-a97d-d965ccfc6d4b" outcome="Passed" testListId="8c84fa94-04c1-424b-9868-57a2d4851a1d" relativeResultsDirectory="7ffe031a-7f4f-41c8-80ae-b05169250f99" />
    <UnitTestResult executionId="47cc88df-6089-460e-acf3-281a5a1910e4" testId="13aa6256-7a29-83fd-891c-3b7e50320e7c" testName="Live_CommissionEstimateUsesTradedNotionalFromRealGate" computerName="reverse-code-generator-86295fd0-8s5dg" duration="00:00:00.2293939" startTime="2026-07-19T07:11:25.0723721+00:00" endTime="2026-07-19T07:11:25.3018293+00:00" testType="13cdc9d9-ddb5-4fa4-a97d-d965ccfc6d4b" outcome="Passed" testListId="8c84fa94-04c1-424b-9868-57a2d4851a1d" relativeResultsDirectory="47cc88df-6089-460e-acf3-281a5a1910e4" />
    <UnitTestResult executionId="a3bcd949-50cd-4bde-ab39-225cb25aa5ec" testId="1a743954-1ad8-8b9a-ba62-2b837db0a42c" testName="RejectsNonPositivePrice" computerName="reverse-code-generator-86295fd0-8s5dg" duration="00:00:00.0002568" startTime="2026-07-19T07:11:25.3523066+00:00" endTime="2026-07-19T07:11:25.3525993+00:00" testType="13cdc9d9-ddb5-4fa4-a97d-d965ccfc6d4b" outcome="Passed" testListId="8c84fa94-04c1-424b-9868-57a2d4851a1d" relativeResultsDirectory="a3bcd949-50cd-4bde-ab39-225cb25aa5ec" />
    <UnitTestResult executionId="1124bbfa-1ed7-40d2-b393-ed422f2d0193" testId="1f0a3b11-7590-88a6-993f-7ca5dd21e79f" testName="PartialCloseRealizesPnl" computerName="reverse-code-generator-86295fd0-8s5dg" duration="00:00:00.0002424" startTime="2026-07-19T07:11:25.3500089+00:00" endTime="2026-07-19T07:11:25.3502848+00:00" testType="13cdc9d9-ddb5-4fa4-a97d-d965ccfc6d4b" outcome="Passed" testListId="8c84fa94-04c1-424b-9868-57a2d4851a1d" relativeResultsDirectory="1124bbfa-1ed7-40d2-b393-ed422f2d0193" />
    <UnitTestResult executionId="0e1a0e53-b35a-4539-a1b8-7856823fc317" testId="1aca217e-b106-871e-b89e-430b10d13395" testName="PerOrderVolumeRuleWithNullValues" computerName="reverse-code-generator-86295fd0-8s5dg" duration="00:00:00.0001850" startTime="2026-07-19T07:11:25.3476468+00:00" endTime="2026-07-19T07:11:25.3478722+00:00" testType="13cdc9d9-ddb5-4fa4-a97d-d965ccfc6d4b" outcome="Passed" testListId="8c84fa94-04c1-424b-9868-57a2d4851a1d" relativeResultsDirectory="0e1a0e53-b35a-4539-a1b8-7856823fc317" />
    <UnitTestResult executionId="b774b0f8-f5bf-4971-80e6-f293f8f057d4" testId="1232d77b-c43d-8800-8855-75cfc92b5d34" testName="Live_OrderNotFoundThrows" computerName="reverse-code-generator-86295fd0-8s5dg" duration="00:00:00.0071945" startTime="2026-07-19T07:11:25.4539048+00:00" endTime="2026-07-19T07:11:25.4611379+00:00" testType="13cdc9d9-ddb5-4fa4-a97d-d965ccfc6d4b" outcome="Passed" testListId="8c84fa94-04c1-424b-9868-57a2d4851a1d" relativeResultsDirectory="b774b0f8-f5bf-4971-80e6-f293f8f057d4" />
    <UnitTestResult executionId="1e03d1e1-1310-4a8f-af93-950bf69d02cc" testId="1cfafd8e-0ccb-8bb4-92e0-e7a2d4afa24d" testName="Live_SubmitAndFillRaceSerializeThroughPortfolioLock" computerName="reverse-code-generator-86295fd0-8s5dg" duration="00:00:00.0194476" startTime="2026-07-19T07:11:25.6828028+00:00" endTime="2026-07-19T07:11:25.7022935+00:00" testType="13cdc9d9-ddb5-4fa4-a97d-d965ccfc6d4b" outcome="Passed" testListId="8c84fa94-04c1-424b-9868-57a2d4851a1d" relativeResultsDirectory="1e03d1e1-1310-4a8f-af93-950bf69d02cc" />
    <UnitTestResult executionId="e3d7ea8d-8d78-4530-b5a1-bd24754cde5e" testId="1f2e3a08-4024-814b-ba77-a18cff22db00" testName="Live_FlipShortToLongPersists" computerName="reverse-code-generator-86295fd0-8s5dg" duration="00:00:00.0075548" startTime="2026-07-19T07:11:25.3934949+00:00" endTime="2026-07-19T07:11:25.4010873+00:00" testType="13cdc9d9-ddb5-4fa4-a97d-d965ccfc6d4b" outcome="Passed" testListId="8c84fa94-04c1-424b-9868-57a2d4851a1d" relativeResultsDirectory="e3d7ea8d-8d78-4530-b5a1-bd24754cde5e" />
    <UnitTestResult executionId="555f1ec0-0d21-403e-8071-2c413d0b758f" testId="1f72b33b-0b64-8b6d-80d5-2e5d5fd07674" testName="RiskLimitSetValidateAcceptsNullZeroAndPositive" computerName="reverse-code-generator-86295fd0-8s5dg" duration="00:00:00.0002944" startTime="2026-07-19T07:11:19.3777233+00:00" endTime="2026-07-19T07:11:19.3780612+00:00" testType="13cdc9d9-ddb5-4fa4-a97d-d965ccfc6d4b" outcome="Passed" testListId="8c84fa94-04c1-424b-9868-57a2d4851a1d" relativeResultsDirectory="555f1ec0-0d21-403e-8071-2c413d0b758f" />
    <UnitTestResult executionId="05e4a26e-8356-4e65-8ea4-5f4be3ea7e9b" testId="1d20857d-587e-8acb-b919-b16432c8d915" testName="Live_QtyCeilingRejects" computerName="reverse-code-generator-86295fd0-8s5dg" duration="00:00:00.0033916" startTime="2026-07-19T07:11:25.8389573+00:00" endTime="2026-07-19T07:11:25.8423882+00:00" testType="13cdc9d9-ddb5-4fa4-a97d-d965ccfc6d4b" outcome="Passed" testListId="8c84fa94-04c1-424b-9868-57a2d4851a1d" relativeResultsDirectory="05e4a26e-8356-4e65-8ea4-5f4be3ea7e9b" />
    <UnitTestResult executionId="d930948c-be01-497e-a5c8-6f9b442ef6e3" testId="12fa8ab4-9fc9-8b8e-9c50-83ccfe5999f3" testName="Live_PersistedOrderRowContract" computerName="reverse-code-generator-86295fd0-8s5dg" duration="00:00:00.0194684" startTime="2026-07-19T07:11:25.7174488+00:00" endTime="2026-07-19T07:11:25.7369570+00:00" testType="13cdc9d9-ddb5-4fa4-a97d-d965ccfc6d4b" outcome="Passed" testListId="8c84fa94-04c1-424b-9868-57a2d4851a1d" relativeResultsDirectory="d930948c-be01-497e-a5c8-6f9b442ef6e3" />
    <UnitTestResult executionId="fcee84d8-bcde-443f-a233-ff5a511c81f8" testId="14c57ec9-3c86-8da3-805b-eee7fbeeb106" testName="SaveLoad" computerName="reverse-code-generator-86295fd0-8s5dg" duration="00:00:00.0004511" startTime="2026-07-19T07:11:19.4257921+00:00" endTime="2026-07-19T07:11:19.4262806+00:00" testType="13cdc9d9-ddb5-4fa4-a97d-d965ccfc6d4b" outcome="Passed" testListId="8c84fa94-04c1-424b-9868-57a2d4851a1d" relativeResultsDirectory="fcee84d8-bcde-443f-a233-ff5a511c81f8" />
    <UnitTestResult executionId="07e1f9c9-3ad3-4604-8fde-433b9a92bb1c" testId="1d56a861-38cd-802d-8e19-915088b8d28d" testName="RuleSerialization" computerName="reverse-code-generator-86295fd0-8s5dg" duration="00:00:00.0052195" startTime="2026-07-19T07:11:25.3405019+00:00" endTime="2026-07-19T07:11:25.3457679+00:00" testType="13cdc9d9-ddb5-4fa4-a97d-d965ccfc6d4b" outcome="Passed" testListId="8c84fa94-04c1-424b-9868-57a2d4851a1d" relativeResultsDirectory="07e1f9c9-3ad3-4604-8fde-433b9a92bb1c" />
    <UnitTestResult executionId="0705245e-585c-4b19-82ad-d549822402c2" testId="113d2251-1d9c-8b43-86a7-680a2d9ffaf0" testName="DailyVolume" computerName="reverse-code-generator-86295fd0-8s5dg" duration="00:00:00.0006056" startTime="2026-07-19T07:11:19.4059932+00:00" endTime="2026-07-19T07:11:19.4066361+00:00" testType="13cdc9d9-ddb5-4fa4-a97d-d965ccfc6d4b" outcome="Passed" testListId="8c84fa94-04c1-424b-9868-57a2d4851a1d" relativeResultsDirectory="0705245e-585c-4b19-82ad-d549822402c2" />
    <UnitTestResult executionId="784550a5-e6d3-4d42-ae24-0c3c7715e9bf" testId="154f7f14-c337-8704-be62-a17bf067855a" testName="RejectsOverflowInput" computerName="reverse-code-generator-86295fd0-8s5dg" duration="00:00:00.0004525" startTime="2026-07-19T07:11:25.3526157+00:00" endTime="2026-07-19T07:11:25.3531041+00:00" testType="13cdc9d9-ddb5-4fa4-a97d-d965ccfc6d4b" outcome="Passed" testListId="8c84fa94-04c1-424b-9868-57a2d4851a1d" relativeResultsDirectory="784550a5-e6d3-4d42-ae24-0c3c7715e9bf" />
    <UnitTestResult executionId="674af209-9866-437d-95ac-8e132fe52fd8" testId="10ed826a-d819-8c0a-a675-d550d187c8c5" testName="SelectMostSpecific_Precedence" computerName="reverse-code-generator-86295fd0-8s5dg" duration="00:00:00.0009237" startTime="2026-07-19T07:11:25.8142446+00:00" endTime="2026-07-19T07:11:25.8151986+00:00" testType="13cdc9d9-ddb5-4fa4-a97d-d965ccfc6d4b" outcome="Passed" testListId="8c84fa94-04c1-424b-9868-57a2d4851a1d" relativeResultsDirectory="674af209-9866-437d-95ac-8e132fe52fd8" />
    <UnitTestResult executionId="0f8203fa-37d2-4a62-903a-83435afeb956" testId="144fb2a2-a8d9-8549-9e96-8c2209d50d1c" testName="DailyVolumeZeroDisabled" computerName="reverse-code-generator-86295fd0-8s5dg" duration="00:00:00.0001648" startTime="2026-07-19T07:11:19.4066614+00:00" endTime="2026-07-19T07:11:19.4068776+00:00" testType="13cdc9d9-ddb5-4fa4-a97d-d965ccfc6d4b" outcome="Passed" testListId="8c84fa94-04c1-424b-9868-57a2d4851a1d" relativeResultsDirectory="0f8203fa-37d2-4a62-903a-83435afeb956" />
    <UnitTestResult executionId="dbc1a879-0c83-452d-afdf-2997fa936087" testId="10ca69c6-32d6-8bcb-a336-ffc761c8aca5" testName="AdapterCancelOrdersMode" computerName="reverse-code-generator-86295fd0-8s5dg" duration="00:00:00.0326720" startTime="2026-07-19T07:11:19.4680366+00:00" endTime="2026-07-19T07:11:19.5007530+00:00" testType="13cdc9d9-ddb5-4fa4-a97d-d965ccfc6d4b" outcome="Passed" testListId="8c84fa94-04c1-424b-9868-57a2d4851a1d" relativeResultsDirectory="dbc1a879-0c83-452d-afdf-2997fa936087" />
    <UnitTestResult executionId="9af7c1fe-c9a5-4e2a-bba0-f016c74fc603" testId="102fc3b2-4f1c-8aa1-99d1-fbe9deab5a88" testName="ProviderRemoveExistingRule" computerName="reverse-code-generator-86295fd0-8s5dg" duration="00:00:00.0006916" startTime="2026-07-19T07:11:25.3387913+00:00" endTime="2026-07-19T07:11:25.3395291+00:00" testType="13cdc9d9-ddb5-4fa4-a97d-d965ccfc6d4b" outcome="Passed" testListId="8c84fa94-04c1-424b-9868-57a2d4851a1d" relativeResultsDirectory="9af7c1fe-c9a5-4e2a-bba0-f016c74fc603" />
    <UnitTestResult executionId="5768dab1-f8c5-4e09-8c72-303dde19d3c3" testId="153100e3-147f-8f6f-89d7-5faeb77e8bb9" testName="Live_InvalidIdentifiersThrow" computerName="reverse-code-generator-86295fd0-8s5dg" duration="00:00:00.0032650" startTime="2026-07-19T07:11:25.9069955+00:00" endTime="2026-07-19T07:11:25.9103167+00:00" testType="13cdc9d9-ddb5-4fa4-a97d-d965ccfc6d4b" outcome="Passed" testListId="8c84fa94-04c1-424b-9868-57a2d4851a1d" relativeResultsDirectory="5768dab1-f8c5-4e09-8c72-303dde19d3c3" />
    <UnitTestResult executionId="a6cedb76-ad3e-4774-a8aa-74afe9abaca3" testId="1e4c672a-14bb-881a-9e68-4c436416ded3" testName="PositionSizeZero" computerName="reverse-code-generator-86295fd0-8s5dg" duration="00:00:00.0003012" startTime="2026-07-19T07:11:19.3923700+00:00" endTime="2026-07-19T07:11:19.3927088+00:00" testType="13cdc9d9-ddb5-4fa4-a97d-d965ccfc6d4b" outcome="Passed" testListId="8c84fa94-04c1-424b-9868-57a2d4851a1d" relativeResultsDirectory="a6cedb76-ad3e-4774-a8aa-74afe9abaca3" />
    <UnitTestResult executionId="426814e8-eccc-4304-a7d1-658372f2a6e1" testId="11244a73-844f-8ca0-8092-cfed109205bf" testName="Live_GatewayRecordTradeSingleApplyEndToEnd" computerName="reverse-code-generator-86295fd0-8s5dg" duration="00:00:00.0336293" startTime="2026-07-19T07:11:25.4831559+00:00" endTime="2026-07-19T07:11:25.5168240+00:00" testType="13cdc9d9-ddb5-4fa4-a97d-d965ccfc6d4b" outcome="Passed" testListId="8c84fa94-04c1-424b-9868-57a2d4851a1d" relativeResultsDirectory="426814e8-eccc-4304-a7d1-658372f2a6e1" />
    <UnitTestResult executionId="28222272-6253-4a14-a146-d7aace48680a" testId="17aa8b56-6a86-83c7-8052-c0dae820aac3" testName="Live_EqualEffectiveDateTieLoadsStrictAndDeterministic" computerName="reverse-code-generator-86295fd0-8s5dg" duration="00:00:00.0062539" startTime="2026-07-19T07:11:25.8290924+00:00" endTime="2026-07-19T07:11:25.8353866+00:00" testType="13cdc9d9-ddb5-4fa4-a97d-d965ccfc6d4b" outcome="Passed" testListId="8c84fa94-04c1-424b-9868-57a2d4851a1d" relativeResultsDirectory="28222272-6253-4a14-a146-d7aace48680a" />
    <UnitTestResult executionId="6ed3676f-d3d3-45ff-be19-4a0ab98d59a9" testId="1003ccca-ffc9-8692-b753-df3da9c3cad4" testName="Live_OverflowQtyThrows" computerName="reverse-code-generator-86295fd0-8s5dg" duration="00:00:00.0037114" startTime="2026-07-19T07:11:25.9103384+00:00" endTime="2026-07-19T07:11:25.9140928+00:00" testType="13cdc9d9-ddb5-4fa4-a97d-d965ccfc6d4b" outcome="Passed" testListId="8c84fa94-04c1-424b-9868-57a2d4851a1d" relativeResultsDirectory="6ed3676f-d3d3-45ff-be19-4a0ab98d59a9" />
    <UnitTestResult executionId="0c99f172-3e76-4d1e-a7ae-c6694d25391f" testId="10474ec7-c2cc-870f-900a-b90aba6c2ba5" testName="Live_RollbackDiscardsPersistedPosition" computerName="reverse-code-generator-86295fd0-8s5dg" duration="00:00:00.0219348" startTime="2026-07-19T07:11:25.4611582+00:00" endTime="2026-07-19T07:11:25.4831349+00:00" testType="13cdc9d9-ddb5-4fa4-a97d-d965ccfc6d4b" outcome="Passed" testListId="8c84fa94-04c1-424b-9868-57a2d4851a1d" relativeResultsDirectory="0c99f172-3e76-4d1e-a7ae-c6694d25391f" />
    <UnitTestResult executionId="05e60e16-7933-46b4-b5cf-a833904262f8" testId="186ee1c8-d316-867b-8219-3df73a60d42e" testName="SecurityTypeRule_UnknownSecurity_ReturnsNull" computerName="reverse-code-generator-86295fd0-8s5dg" duration="00:00:00.0073462" startTime="2026-07-19T07:11:25.3208990+00:00" endTime="2026-07-19T07:11:25.3282843+00:00" testType="13cdc9d9-ddb5-4fa4-a97d-d965ccfc6d4b" outcome="Passed" testListId="8c84fa94-04c1-424b-9868-57a2d4851a1d" relativeResultsDirectory="05e60e16-7933-46b4-b5cf-a833904262f8" />
    <UnitTestResult executionId="f4603042-2198-473c-aba0-c03e4cdfa884" testId="1f08a26a-66cf-859c-bc1d-27b06264711d" testName="AddsShortSideWeightedAverageWithRounding" computerName="reverse-code-generator-86295fd0-8s5dg" duration="00:00:00.0001389" startTime="2026-07-19T07:11:25.3508277+00:00" endTime="2026-07-19T07:11:25.3509933+00:00" testType="13cdc9d9-ddb5-4fa4-a97d-d965ccfc6d4b" outcome="Passed" testListId="8c84fa94-04c1-424b-9868-57a2d4851a1d" relativeResultsDirectory="f4603042-2198-473c-aba0-c03e4cdfa884" />
    <UnitTestResult executionId="f2296ad5-f5f0-48dd-98aa-8685c3b13c76" testId="102ac737-5865-8ffe-a714-56fcd22c5bc5" testName="TradeFreq" computerName="reverse-code-generator-86295fd0-8s5dg" duration="00:00:00.0158993" startTime="2026-07-19T07:11:19.4093891+00:00" endTime="2026-07-19T07:11:19.4253299+00:00" testType="13cdc9d9-ddb5-4fa4-a97d-d965ccfc6d4b" outcome="Passed" testListId="8c84fa94-04c1-424b-9868-57a2d4851a1d" relativeResultsDirectory="f2296ad5-f5f0-48dd-98aa-8685c3b13c76" />
    <UnitTestResult executionId="90a86d5f-1882-4a33-bfbd-0612344f7f7f" testId="1203aaa1-4db4-8d94-bec8-2451cb0c09bb" testName="Live_LossRealizationPersists" computerName="reverse-code-generator-86295fd0-8s5dg" duration="00:00:00.0076022" startTime="2026-07-19T07:11:25.4011063+00:00" endTime="2026-07-19T07:11:25.4087474+00:00" testType="13cdc9d9-ddb5-4fa4-a97d-d965ccfc6d4b" outcome="Passed" testListId="8c84fa94-04c1-424b-9868-57a2d4851a1d" relativeResultsDirectory="90a86d5f-1882-4a33-bfbd-0612344f7f7f" />
    <UnitTestResult executionId="b7766b24-45b9-4225-b96c-058c335b3760" testId="1430272e-6ee0-888f-a1d2-5ea4789b2e7c" testName="SelectMostSpecific_EqualEffectiveDateTieIsDeterministicAndStrict" computerName="reverse-code-generator-86295fd0-8s5dg" duration="00:00:00.0026942" startTime="2026-07-19T07:11:25.8158143+00:00" endTime="2026-07-19T07:11:25.8185468+00:00" testType="13cdc9d9-ddb5-4fa4-a97d-d965ccfc6d4b" outcome="Passed" testListId="8c84fa94-04c1-424b-9868-57a2d4851a1d" relativeResultsDirectory="b7766b24-45b9-4225-b96c-058c335b3760" />
    <UnitTestResult executionId="49fb2429-cccd-4a2a-81d6-6e1b8ebe5d2d" testId="1609ea5c-9797-805d-b802-9d75561a3378" testName="PerTradeRule" computerName="reverse-code-generator-86295fd0-8s5dg" duration="00:00:00.0005537" startTime="2026-07-19T07:11:25.0681321+00:00" endTime="2026-07-19T07:11:25.0687382+00:00" testType="13cdc9d9-ddb5-4fa4-a97d-d965ccfc6d4b" outcome="Passed" testListId="8c84fa94-04c1-424b-9868-57a2d4851a1d" relativeResultsDirectory="49fb2429-cccd-4a2a-81d6-6e1b8ebe5d2d" />
    <UnitTestResult executionId="aee40bea-d925-4be4-9136-3610c994df84" testId="115113fa-8249-85a0-88c5-b44de8a0cd7d" testName="ManagerApplyCanonicalLimitsNullThrows" computerName="reverse-code-generator-86295fd0-8s5dg" duration="00:00:00.0017940" startTime="2026-07-19T07:11:19.3687164+00:00" endTime="2026-07-19T07:11:19.3709447+00:00" testType="13cdc9d9-ddb5-4fa4-a97d-d965ccfc6d4b" outcome="Passed" testListId="8c84fa94-04c1-424b-9868-57a2d4851a1d" relativeResultsDirectory="aee40bea-d925-4be4-9136-3610c994df84" />
    <UnitTestResult executionId="10c8a859-e8e6-4051-9902-67f862e3d830" testId="17d37dd6-8da0-8082-9e9f-2b1c9b545d5b" testName="OrderValue" computerName="reverse-code-generator-86295fd0-8s5dg" duration="00:00:00.0004237" startTime="2026-07-19T07:11:19.4050387+00:00" endTime="2026-07-19T07:11:19.4055020+00:00" testType="13cdc9d9-ddb5-4fa4-a97d-d965ccfc6d4b" outcome="Passed" testListId="8c84fa94-04c1-424b-9868-57a2d4851a1d" relativeResultsDirectory="10c8a859-e8e6-4051-9902-67f862e3d830" />
    <UnitTestResult executionId="056ade7b-abda-45e0-a73a-78b48ca9706f" testId="19a7623d-2b4d-808a-8a11-b4a71c0e94fe" testName="Live_BackdatedTradeReconciles" computerName="reverse-code-generator-86295fd0-8s5dg" duration="00:00:00.0090364" startTime="2026-07-19T07:11:25.4320575+00:00" endTime="2026-07-19T07:11:25.4411314+00:00" testType="13cdc9d9-ddb5-4fa4-a97d-d965ccfc6d4b" outcome="Passed" testListId="8c84fa94-04c1-424b-9868-57a2d4851a1d" relativeResultsDirectory="056ade7b-abda-45e0-a73a-78b48ca9706f" />
    <UnitTestResult executionId="53f48f84-aac9-4157-aad7-cb2c7164aa13" testId="116fc752-6d16-8cd6-b7a0-845b50409309" testName="AddsSameSideWeightedAverage" computerName="reverse-code-generator-86295fd0-8s5dg" duration="00:00:00.0004148" startTime="2026-07-19T07:11:25.3495302+00:00" endTime="2026-07-19T07:11:25.3499911+00:00" testType="13cdc9d9-ddb5-4fa4-a97d-d965ccfc6d4b" outcome="Passed" testListId="8c84fa94-04c1-424b-9868-57a2d4851a1d" relativeResultsDirectory="53f48f84-aac9-4157-aad7-cb2c7164aa13" />
    <UnitTestResult executionId="b768c4d0-c271-4395-a61d-2b7bd28ead54" testId="1d615591-816e-8108-afea-4910c644d794" testName="SubScalePriceRejected" computerName="reverse-code-generator-86295fd0-8s5dg" duration="00:00:00.0003328" startTime="2026-07-19T07:11:25.8104934+00:00" endTime="2026-07-19T07:11:25.8108561+00:00" testType="13cdc9d9-ddb5-4fa4-a97d-d965ccfc6d4b" outcome="Passed" testListId="8c84fa94-04c1-424b-9868-57a2d4851a1d" relativeResultsDirectory="b768c4d0-c271-4395-a61d-2b7bd28ead54" />
    <UnitTestResult executionId="a96930ef-ee6e-496b-9f72-32e9d4b968a5" testId="173f1ec6-c290-8097-86cd-59d1c7a35c14" testName="FirstFailWinsOrdering" computerName="reverse-code-generator-86295fd0-8s5dg" duration="00:00:00.0001174" startTime="2026-07-19T07:11:25.8140820+00:00" endTime="2026-07-19T07:11:25.8142286+00:00" testType="13cdc9d9-ddb5-4fa4-a97d-d965ccfc6d4b" outcome="Passed" testListId="8c84fa94-04c1-424b-9868-57a2d4851a1d" relativeResultsDirectory="a96930ef-ee6e-496b-9f72-32e9d4b968a5" />
    <UnitTestResult executionId="1c08d24a-19d6-4336-97bf-316729374587" testId="1da45421-7eef-8f36-9b07-ea02f7004c88" testName="Check7_DailyVolume" computerName="reverse-code-generator-86295fd0-8s5dg" duration="00:00:00.0002093" startTime="2026-07-19T07:11:25.8138216+00:00" endTime="2026-07-19T07:11:25.8140649+00:00" testType="13cdc9d9-ddb5-4fa4-a97d-d965ccfc6d4b" outcome="Passed" testListId="8c84fa94-04c1-424b-9868-57a2d4851a1d" relativeResultsDirectory="1c08d24a-19d6-4336-97bf-316729374587" />
    <UnitTestResult executionId="06c521ca-8fc3-4dab-a774-12025c4956bc" testId="13990839-cdaa-848b-b499-370e216c5cdf" testName="Live_RecordTradeWithoutKeyRecordsEachFill" computerName="reverse-code-generator-86295fd0-8s5dg" duration="00:00:00.0252672" startTime="2026-07-19T07:11:25.6111717+00:00" endTime="2026-07-19T07:11:25.6364968+00:00" testType="13cdc9d9-ddb5-4fa4-a97d-d965ccfc6d4b" outcome="Passed" testListId="8c84fa94-04c1-424b-9868-57a2d4851a1d" relativeResultsDirectory="06c521ca-8fc3-4dab-a774-12025c4956bc" />
    <UnitTestResult executionId="637b88c1-f0d7-43e9-bf9d-3834ad067ad9" testId="1cd373c8-5108-829e-97b3-4d9d2c1576e1" testName="Live_MidpointRoundingPersists" computerName="reverse-code-generator-86295fd0-8s5dg" duration="00:00:00.0079755" startTime="2026-07-19T07:11:25.4087672+00:00" endTime="2026-07-19T07:11:25.4167816+00:00" testType="13cdc9d9-ddb5-4fa4-a97d-d965ccfc6d4b" outcome="Passed" testListId="8c84fa94-04c1-424b-9868-57a2d4851a1d" relativeResultsDirectory="637b88c1-f0d7-43e9-bf9d-3834ad067ad9" />
    <UnitTestResult executionId="9dfd7a48-9871-41ab-9e8f-75b95d091252" testId="1313e697-9387-8c6c-a659-4d6935634cac" testName="ManagerReset" computerName="reverse-code-generator-86295fd0-8s5dg" duration="00:00:00.0002789" startTime="2026-07-19T07:11:25.3353042+00:00" endTime="2026-07-19T07:11:25.3356175+00:00" testType="13cdc9d9-ddb5-4fa4-a97d-d965ccfc6d4b" outcome="Passed" testListId="8c84fa94-04c1-424b-9868-57a2d4851a1d" relativeResultsDirectory="9dfd7a48-9871-41ab-9e8f-75b95d091252" />
    <UnitTestResult executionId="2eb8c8f2-05ce-4206-8de2-60472e082413" testId="1c782266-08bc-84c2-b7d2-e52111e1d886" testName="ManagerCreateRulesPropagatesAction" computerName="reverse-code-generator-86295fd0-8s5dg" duration="00:00:00.0038491" startTime="2026-07-19T07:11:19.3689714+00:00" endTime="2026-07-19T07:11:19.3729867+00:00" testType="13cdc9d9-ddb5-4fa4-a97d-d965ccfc6d4b" outcome="Passed" testListId="8c84fa94-04c1-424b-9868-57a2d4851a1d" relativeResultsDirectory="2eb8c8f2-05ce-4206-8de2-60472e082413" />
    <UnitTestResult executionId="2c4cba6e-33f1-468a-aa5a-34b4d63aeebd" testId="18190c72-866d-82c5-b3b3-7663fc127d56" testName="OrderFreqIgnoresUntrustedMessageTime" computerName="reverse-code-generator-86295fd0-8s5dg" duration="00:00:00.0004837" startTime="2026-07-19T07:11:19.3992664+00:00" endTime="2026-07-19T07:11:19.3997921+00:00" testType="13cdc9d9-ddb5-4fa4-a97d-d965ccfc6d4b" outcome="Passed" testListId="8c84fa94-04c1-424b-9868-57a2d4851a1d" relativeResultsDirectory="2c4cba6e-33f1-468a-aa5a-34b4d63aeebd" />
    <UnitTestResult executionId="d8f27969-22d2-4c35-98c5-570897f7f20f" testId="1f1b8e6d-60e3-839b-ac9a-0f1459c9a117" testName="ManagerApplyCanonicalLimitsConcurrent" computerName="reverse-code-generator-86295fd0-8s5dg" duration="00:00:05.6826654" startTime="2026-07-19T07:11:19.3784695+00:00" endTime="2026-07-19T07:11:25.0637125+00:00" testType="13cdc9d9-ddb5-4fa4-a97d-d965ccfc6d4b" outcome="Passed" testListId="8c84fa94-04c1-424b-9868-57a2d4851a1d" relativeResultsDirectory="d8f27969-22d2-4c35-98c5-570897f7f20f" />
    <UnitTestResult executionId="f7be5fbe-852e-4723-b4c0-aab423e7109e" testId="1475025f-5d7d-8c3f-848a-70ab0949c734" testName="Live_SubTickQtyMatchesPersistedScale" computerName="reverse-code-generator-86295fd0-8s5dg" duration="00:00:00.0035049" startTime="2026-07-19T07:11:25.8458377+00:00" endTime="2026-07-19T07:11:25.8493803+00:00" testType="13cdc9d9-ddb5-4fa4-a97d-d965ccfc6d4b" outcome="Passed" testListId="8c84fa94-04c1-424b-9868-57a2d4851a1d" relativeResultsDirectory="f7be5fbe-852e-4723-b4c0-aab423e7109e" />
    <UnitTestResult executionId="e0e83738-eff8-4c7b-8a9d-bc905c38469b" testId="11259ccc-2258-8c93-ba04-95dbd47e2e97" testName="EvaluateFailsClosedOnMalformedConfig" computerName="reverse-code-generator-86295fd0-8s5dg" duration="00:00:00.0006712" startTime="2026-07-19T07:11:25.8108736+00:00" endTime="2026-07-19T07:11:25.8115803+00:00" testType="13cdc9d9-ddb5-4fa4-a97d-d965ccfc6d4b" outcome="Passed" testListId="8c84fa94-04c1-424b-9868-57a2d4851a1d" relativeResultsDirectory="e0e83738-eff8-4c7b-8a9d-bc905c38469b" />
    <UnitTestResult executionId="1f77ae0b-b5ed-4f84-89f2-b8f51197552c" testId="13aebb1a-46b0-815d-87a6-7d81650184ac" testName="Live_ConcurrentSubmissionsSerializeThroughGateway" computerName="reverse-code-generator-86295fd0-8s5dg" duration="00:00:00.0170605" startTime="2026-07-19T07:11:25.9250016+00:00" endTime="2026-07-19T07:11:25.9421133+00:00" testType="13cdc9d9-ddb5-4fa4-a97d-d965ccfc6d4b" outcome="Passed" testListId="8c84fa94-04c1-424b-9868-57a2d4851a1d" relativeResultsDirectory="1f77ae0b-b5ed-4f84-89f2-b8f51197552c" />
    <UnitTestResult executionId="041b51f9-2e2f-4005-ab40-7ea56b224a4c" testId="1dc182cd-88c5-85ed-92dd-236d54f8f230" testName="PerTradeCountRule" computerName="reverse-code-generator-86295fd0-8s5dg" duration="00:00:00.0005740" startTime="2026-07-19T07:11:25.0707250+00:00" endTime="2026-07-19T07:11:25.0713375+00:00" testType="13cdc9d9-ddb5-4fa4-a97d-d965ccfc6d4b" outcome="Passed" testListId="8c84fa94-04c1-424b-9868-57a2d4851a1d" relativeResultsDirectory="041b51f9-2e2f-4005-ab40-7ea56b224a4c" />
    <UnitTestResult executionId="0a04e675-91cb-4bd8-bc23-3ea3af9e3c77" testId="17e5686f-feb0-8da0-93af-e95658634763" testName="ProviderDefaultRules" computerName="reverse-code-generator-86295fd0-8s5dg" duration="00:00:00.0377562" startTime="2026-07-19T07:11:19.4259899+00:00" endTime="2026-07-19T07:11:19.4637917+00:00" testType="13cdc9d9-ddb5-4fa4-a97d-d965ccfc6d4b" outcome="Passed" testListId="8c84fa94-04c1-424b-9868-57a2d4851a1d" relativeResultsDirectory="0a04e675-91cb-4bd8-bc23-3ea3af9e3c77" />
    <UnitTestResult executionId="879fca09-8d47-49fd-bea5-0713f272085f" testId="18d5acff-5874-85a7-a48a-e1b94c24d709" testName="Live_OpenLongPersists" computerName="reverse-code-generator-86295fd0-8s5dg" duration="00:00:00.0213020" startTime="2026-07-19T07:11:25.3533208+00:00" endTime="2026-07-19T07:11:25.3746568+00:00" testType="13cdc9d9-ddb5-4fa4-a97d-d965ccfc6d4b" outcome="Passed" testListId="8c84fa94-04c1-424b-9868-57a2d4851a1d" relativeResultsDirectory="879fca09-8d47-49fd-bea5-0713f272085f" />
    <UnitTestResult executionId="1d28771f-78cb-4f28-9944-1f643e0f2705" testId="1d38df26-b1f2-8f81-9e2d-5d8c4bd7b2b2" testName="Live_RecomputeSeesAllPersistedTrades" computerName="reverse-code-generator-86295fd0-8s5dg" duration="00:00:00.0074594" startTime="2026-07-19T07:11:25.4245428+00:00" endTime="2026-07-19T07:11:25.4320388+00:00" testType="13cdc9d9-ddb5-4fa4-a97d-d965ccfc6d4b" outcome="Passed" testListId="8c84fa94-04c1-424b-9868-57a2d4851a1d" relativeResultsDirectory="1d28771f-78cb-4f28-9944-1f643e0f2705" />
[...]
    <TestEntry testId="1a1e3110-e813-8eb6-be5c-a071ef6343c3" executionId="05ce1bc8-291e-4bca-83cf-1de90c561e6a" testListId="8c84fa94-04c1-424b-9868-57a2d4851a1d" />
    <TestEntry testId="13da0211-3739-87b2-998a-4906cb29d403" executionId="346bf61b-167e-4220-b0be-5bd05bb79139" testListId="8c84fa94-04c1-424b-9868-57a2d4851a1d" />
    <TestEntry testId="1c31c7d8-cd8f-81ac-aac5-35ecddbf32b1" executionId="a1578939-fc13-4ba9-8c08-a2d90060c6a9" testListId="8c84fa94-04c1-424b-9868-57a2d4851a1d" />
    <TestEntry testId="1fdeb8dd-5bba-8fff-9e6d-f7561992efa3" executionId="e93df086-b3c3-45a4-8fb9-e4625ee481c7" testListId="8c84fa94-04c1-424b-9868-57a2d4851a1d" />
    <TestEntry testId="114c48a4-24a4-842d-bbc3-8254d6245ef2" executionId="079d539c-c820-41c0-ae02-771c4575238c" testListId="8c84fa94-04c1-424b-9868-57a2d4851a1d" />
    <TestEntry testId="1734ead3-09e5-8b6e-92f1-67a163c9fb13" executionId="108433eb-8aaa-4d8f-8a8d-4173e21e5682" testListId="8c84fa94-04c1-424b-9868-57a2d4851a1d" />
    <TestEntry testId="1de7425b-aade-8b90-a5bd-b5a9045ed242" executionId="1467847e-ff31-4be3-abc5-dbf1887e8d3d" testListId="8c84fa94-04c1-424b-9868-57a2d4851a1d" />
    <TestEntry testId="11321f58-33da-8691-9b67-88f253ef3055" executionId="3a232412-3b31-4bbb-8874-3030792ecf88" testListId="8c84fa94-04c1-424b-9868-57a2d4851a1d" />
    <TestEntry testId="119346f3-4916-8fea-9f84-a9635846b158" executionId="f9b0f108-4fdc-4f3e-9001-6db454623fba" testListId="8c84fa94-04c1-424b-9868-57a2d4851a1d" />
    <TestEntry testId="1df69a11-5d34-893e-b460-298b12bf2d81" executionId="4f7576df-7daa-4499-8932-1542f96b8e1a" testListId="8c84fa94-04c1-424b-9868-57a2d4851a1d" />
    <TestEntry testId="1f2d0fc4-9e9c-8a8c-82bf-c8708111fbef" executionId="0922d621-a2e2-4d35-bad3-be37e170df0e" testListId="8c84fa94-04c1-424b-9868-57a2d4851a1d" />
    <TestEntry testId="146eaf18-9335-8042-bedd-60b4e70e78d1" executionId="d50a2a6b-75ce-494f-b108-a9a5978937d9" testListId="8c84fa94-04c1-424b-9868-57a2d4851a1d" />
    <TestEntry testId="1a397535-4656-888e-b7ca-1041d79c0e38" executionId="908802de-a0c2-4622-9a88-db2365ebcff2" testListId="8c84fa94-04c1-424b-9868-57a2d4851a1d" />
    <TestEntry testId="19f3708d-f181-8bff-92be-d03cb4a5c0d9" executionId="63fa4df2-ba01-42c3-9759-f129566b00fc" testListId="8c84fa94-04c1-424b-9868-57a2d4851a1d" />
    <TestEntry testId="19748e9a-bb0e-8115-865e-8e0845c540b6" executionId="55336560-033a-4812-80e9-48a105769394" testListId="8c84fa94-04c1-424b-9868-57a2d4851a1d" />
    <TestEntry testId="164f27d6-4f50-85b0-b364-c4684a842a1d" executionId="f7f15ff1-2a73-40d6-966f-f705138a922c" testListId="8c84fa94-04c1-424b-9868-57a2d4851a1d" />
    <TestEntry testId="1c95daf0-4faa-8f9c-8d5d-0b85019de7fd" executionId="16cbd211-ac79-46c2-861f-4469bbc95b28" testListId="8c84fa94-04c1-424b-9868-57a2d4851a1d" />
    <TestEntry testId="1ecdf6b6-7b7f-8db7-abf7-e10ca1d562e5" executionId="1e2ea56e-220d-4fd8-b1c4-170efe3ee083" testListId="8c84fa94-04c1-424b-9868-57a2d4851a1d" />
    <TestEntry testId="140cd26a-9b5e-813b-b653-f863472669df" executionId="ca631ca9-4655-4b51-93e9-39142c9308ce" testListId="8c84fa94-04c1-424b-9868-57a2d4851a1d" />
    <TestEntry testId="1c599b1e-13c1-889b-b9d0-3b62ae9cd839" executionId="7ffe031a-7f4f-41c8-80ae-b05169250f99" testListId="8c84fa94-04c1-424b-9868-57a2d4851a1d" />
    <TestEntry testId="13aa6256-7a29-83fd-891c-3b7e50320e7c" executionId="47cc88df-6089-460e-acf3-281a5a1910e4" testListId="8c84fa94-04c1-424b-9868-57a2d4851a1d" />
    <TestEntry testId="1a743954-1ad8-8b9a-ba62-2b837db0a42c" executionId="a3bcd949-50cd-4bde-ab39-225cb25aa5ec" testListId="8c84fa94-04c1-424b-9868-57a2d4851a1d" />
    <TestEntry testId="1f0a3b11-7590-88a6-993f-7ca5dd21e79f" executionId="1124bbfa-1ed7-40d2-b393-ed422f2d0193" testListId="8c84fa94-04c1-424b-9868-57a2d4851a1d" />
    <TestEntry testId="1aca217e-b106-871e-b89e-430b10d13395" executionId="0e1a0e53-b35a-4539-a1b8-7856823fc317" testListId="8c84fa94-04c1-424b-9868-57a2d4851a1d" />
    <TestEntry testId="1232d77b-c43d-8800-8855-75cfc92b5d34" executionId="b774b0f8-f5bf-4971-80e6-f293f8f057d4" testListId="8c84fa94-04c1-424b-9868-57a2d4851a1d" />
    <TestEntry testId="1cfafd8e-0ccb-8bb4-92e0-e7a2d4afa24d" executionId="1e03d1e1-1310-4a8f-af93-950bf69d02cc" testListId="8c84fa94-04c1-424b-9868-57a2d4851a1d" />
    <TestEntry testId="1f2e3a08-4024-814b-ba77-a18cff22db00" executionId="e3d7ea8d-8d78-4530-b5a1-bd24754cde5e" testListId="8c84fa94-04c1-424b-9868-57a2d4851a1d" />
    <TestEntry testId="1f72b33b-0b64-8b6d-80d5-2e5d5fd07674" executionId="555f1ec0-0d21-403e-8071-2c413d0b758f" testListId="8c84fa94-04c1-424b-9868-57a2d4851a1d" />
    <TestEntry testId="1d20857d-587e-8acb-b919-b16432c8d915" executionId="05e4a26e-8356-4e65-8ea4-5f4be3ea7e9b" testListId="8c84fa94-04c1-424b-9868-57a2d4851a1d" />
    <TestEntry testId="12fa8ab4-9fc9-8b8e-9c50-83ccfe5999f3" executionId="d930948c-be01-497e-a5c8-6f9b442ef6e3" testListId="8c84fa94-04c1-424b-9868-57a2d4851a1d" />
    <TestEntry testId="14c57ec9-3c86-8da3-805b-eee7fbeeb106" executionId="fcee84d8-bcde-443f-a233-ff5a511c81f8" testListId="8c84fa94-04c1-424b-9868-57a2d4851a1d" />
    <TestEntry testId="1d56a861-38cd-802d-8e19-915088b8d28d" executionId="07e1f9c9-3ad3-4604-8fde-433b9a92bb1c" testListId="8c84fa94-04c1-424b-9868-57a2d4851a1d" />
    <TestEntry testId="113d2251-1d9c-8b43-86a7-680a2d9ffaf0" executionId="0705245e-585c-4b19-82ad-d549822402c2" testListId="8c84fa94-04c1-424b-9868-57a2d4851a1d" />
    <TestEntry testId="154f7f14-c337-8704-be62-a17bf067855a" executionId="784550a5-e6d3-4d42-ae24-0c3c7715e9bf" testListId="8c84fa94-04c1-424b-9868-57a2d4851a1d" />
    <TestEntry testId="10ed826a-d819-8c0a-a675-d550d187c8c5" executionId="674af209-9866-437d-95ac-8e132fe52fd8" testListId="8c84fa94-04c1-424b-9868-57a2d4851a1d" />
    <TestEntry testId="144fb2a2-a8d9-8549-9e96-8c2209d50d1c" executionId="0f8203fa-37d2-4a62-903a-83435afeb956" testListId="8c84fa94-04c1-424b-9868-57a2d4851a1d" />
    <TestEntry testId="10ca69c6-32d6-8bcb-a336-ffc761c8aca5" executionId="dbc1a879-0c83-452d-afdf-2997fa936087" testListId="8c84fa94-04c1-424b-9868-57a2d4851a1d" />
    <TestEntry testId="102fc3b2-4f1c-8aa1-99d1-fbe9deab5a88" executionId="9af7c1fe-c9a5-4e2a-bba0-f016c74fc603" testListId="8c84fa94-04c1-424b-9868-57a2d4851a1d" />
    <TestEntry testId="153100e3-147f-8f6f-89d7-5faeb77e8bb9" executionId="5768dab1-f8c5-4e09-8c72-303dde19d3c3" testListId="8c84fa94-04c1-424b-9868-57a2d4851a1d" />
    <TestEntry testId="1e4c672a-14bb-881a-9e68-4c436416ded3" executionId="a6cedb76-ad3e-4774-a8aa-74afe9abaca3" testListId="8c84fa94-04c1-424b-9868-57a2d4851a1d" />
    <TestEntry testId="11244a73-844f-8ca0-8092-cfed109205bf" executionId="426814e8-eccc-4304-a7d1-658372f2a6e1" testListId="8c84fa94-04c1-424b-9868-57a2d4851a1d" />
    <TestEntry testId="17aa8b56-6a86-83c7-8052-c0dae820aac3" executionId="28222272-6253-4a14-a146-d7aace48680a" testListId="8c84fa94-04c1-424b-9868-57a2d4851a1d" />
    <TestEntry testId="1003ccca-ffc9-8692-b753-df3da9c3cad4" executionId="6ed3676f-d3d3-45ff-be19-4a0ab98d59a9" testListId="8c84fa94-04c1-424b-9868-57a2d4851a1d" />
    <TestEntry testId="10474ec7-c2cc-870f-900a-b90aba6c2ba5" executionId="0c99f172-3e76-4d1e-a7ae-c6694d25391f" testListId="8c84fa94-04c1-424b-9868-57a2d4851a1d" />
    <TestEntry testId="186ee1c8-d316-867b-8219-3df73a60d42e" executionId="05e60e16-7933-46b4-b5cf-a833904262f8" testListId="8c84fa94-04c1-424b-9868-57a2d4851a1d" />
    <TestEntry testId="1f08a26a-66cf-859c-bc1d-27b06264711d" executionId="f4603042-2198-473c-aba0-c03e4cdfa884" testListId="8c84fa94-04c1-424b-9868-57a2d4851a1d" />
    <TestEntry testId="102ac737-5865-8ffe-a714-56fcd22c5bc5" executionId="f2296ad5-f5f0-48dd-98aa-8685c3b13c76" testListId="8c84fa94-04c1-424b-9868-57a2d4851a1d" />
    <TestEntry testId="1203aaa1-4db4-8d94-bec8-2451cb0c09bb" executionId="90a86d5f-1882-4a33-bfbd-0612344f7f7f" testListId="8c84fa94-04c1-424b-9868-57a2d4851a1d" />
    <TestEntry testId="1430272e-6ee0-888f-a1d2-5ea4789b2e7c" executionId="b7766b24-45b9-4225-b96c-058c335b3760" testListId="8c84fa94-04c1-424b-9868-57a2d4851a1d" />
    <TestEntry testId="1609ea5c-9797-805d-b802-9d75561a3378" executionId="49fb2429-cccd-4a2a-81d6-6e1b8ebe5d2d" testListId="8c84fa94-04c1-424b-9868-57a2d4851a1d" />
    <TestEntry testId="115113fa-8249-85a0-88c5-b44de8a0cd7d" executionId="aee40bea-d925-4be4-9136-3610c994df84" testListId="8c84fa94-04c1-424b-9868-57a2d4851a1d" />
    <TestEntry testId="17d37dd6-8da0-8082-9e9f-2b1c9b545d5b" executionId="10c8a859-e8e6-4051-9902-67f862e3d830" testListId="8c84fa94-04c1-424b-9868-57a2d4851a1d" />
    <TestEntry testId="19a7623d-2b4d-808a-8a11-b4a71c0e94fe" executionId="056ade7b-abda-45e0-a73a-78b48ca9706f" testListId="8c84fa94-04c1-424b-9868-57a2d4851a1d" />
    <TestEntry testId="116fc752-6d16-8cd6-b7a0-845b50409309" executionId="53f48f84-aac9-4157-aad7-cb2c7164aa13" testListId="8c84fa94-04c1-424b-9868-57a2d4851a1d" />
    <TestEntry testId="1d615591-816e-8108-afea-4910c644d794" executionId="b768c4d0-c271-4395-a61d-2b7bd28ead54" testListId="8c84fa94-04c1-424b-9868-57a2d4851a1d" />
    <TestEntry testId="173f1ec6-c290-8097-86cd-59d1c7a35c14" executionId="a96930ef-ee6e-496b-9f72-32e9d4b968a5" testListId="8c84fa94-04c1-424b-9868-57a2d4851a1d" />
    <TestEntry testId="1da45421-7eef-8f36-9b07-ea02f7004c88" executionId="1c08d24a-19d6-4336-97bf-316729374587" testListId="8c84fa94-04c1-424b-9868-57a2d4851a1d" />
    <TestEntry testId="13990839-cdaa-848b-b499-370e216c5cdf" executionId="06c521ca-8fc3-4dab-a774-12025c4956bc" testListId="8c84fa94-04c1-424b-9868-57a2d4851a1d" />
    <TestEntry testId="1cd373c8-5108-829e-97b3-4d9d2c1576e1" executionId="637b88c1-f0d7-43e9-bf9d-3834ad067ad9" testListId="8c84fa94-04c1-424b-9868-57a2d4851a1d" />
    <TestEntry testId="1313e697-9387-8c6c-a659-4d6935634cac" executionId="9dfd7a48-9871-41ab-9e8f-75b95d091252" testListId="8c84fa94-04c1-424b-9868-57a2d4851a1d" />
    <TestEntry testId="1c782266-08bc-84c2-b7d2-e52111e1d886" executionId="2eb8c8f2-05ce-4206-8de2-60472e082413" testListId="8c84fa94-04c1-424b-9868-57a2d4851a1d" />
    <TestEntry testId="18190c72-866d-82c5-b3b3-7663fc127d56" executionId="2c4cba6e-33f1-468a-aa5a-34b4d63aeebd" testListId="8c84fa94-04c1-424b-9868-57a2d4851a1d" />
    <TestEntry testId="1f1b8e6d-60e3-839b-ac9a-0f1459c9a117" executionId="d8f27969-22d2-4c35-98c5-570897f7f20f" testListId="8c84fa94-04c1-424b-9868-57a2d4851a1d" />
    <TestEntry testId="1475025f-5d7d-8c3f-848a-70ab0949c734" executionId="f7be5fbe-852e-4723-b4c0-aab423e7109e" testListId="8c84fa94-04c1-424b-9868-57a2d4851a1d" />
    <TestEntry testId="11259ccc-2258-8c93-ba04-95dbd47e2e97" executionId="e0e83738-eff8-4c7b-8a9d-bc905c38469b" testListId="8c84fa94-04c1-424b-9868-57a2d4851a1d" />
    <TestEntry testId="13aebb1a-46b0-815d-87a6-7d81650184ac" executionId="1f77ae0b-b5ed-4f84-89f2-b8f51197552c" testListId="8c84fa94-04c1-424b-9868-57a2d4851a1d" />
    <TestEntry testId="1dc182cd-88c5-85ed-92dd-236d54f8f230" executionId="041b51f9-2e2f-4005-ab40-7ea56b224a4c" testListId="8c84fa94-04c1-424b-9868-57a2d4851a1d" />
    <TestEntry testId="17e5686f-feb0-8da0-93af-e95658634763" executionId="0a04e675-91cb-4bd8-bc23-3ea3af9e3c77" testListId="8c84fa94-04c1-424b-9868-57a2d4851a1d" />
    <TestEntry testId="18d5acff-5874-85a7-a48a-e1b94c24d709" executionId="879fca09-8d47-49fd-bea5-0713f272085f" testListId="8c84fa94-04c1-424b-9868-57a2d4851a1d" />
    <TestEntry testId="1d38df26-b1f2-8f81-9e2d-5d8c4bd7b2b2" executionId="1d28771f-78cb-4f28-9944-1f643e0f2705" testListId="8c84fa94-04c1-424b-9868-57a2d4851a1d" />
    <TestEntry testId="1cd293ed-74c4-8b42-97a3-78df2c380c80" executionId="ed0a4720-c69b-44fd-9896-ddf774ecaf4a" testListId="8c84fa94-04c1-424b-9868-57a2d4851a1d" />
    <TestEntry testId="1c5d5d9a-5836-8d06-a2b6-61747cad7737" executionId="f2ba64e6-686c-4317-9a82-9fd33e85fe98" testListId="8c84fa94-04c1-424b-9868-57a2d4851a1d" />
    <TestEntry testId="18eb8005-f3e1-8586-b0da-d70a3854c979" executionId="c9e88294-d7e6-4c02-94fb-06ca6f49830c" testListId="8c84fa94-04c1-424b-9868-57a2d4851a1d" />
    <TestEntry testId="1f3ef400-020a-8d6a-873a-a85443d6429c" executionId="0e6fac82-c3a2-477f-ab1f-b35a22c2d102" testListId="8c84fa94-04c1-424b-9868-57a2d4851a1d" />
    <TestEntry testId="12b0a354-8c08-80d8-84fa-7be26ec72c42" executionId="ce878b52-82a1-424a-ba36-4f2e2dd42fb7" testListId="8c84fa94-04c1-424b-9868-57a2d4851a1d" />
    <TestEntry testId="1436c252-8e8e-82b3-854d-ee2a3128de87" executionId="5c5ae0d1-184f-494e-9de2-7b335b786e37" testListId="8c84fa94-04c1-424b-9868-57a2d4851a1d" />
    <TestEntry testId="17e01db9-c5d3-88bc-bef1-c9b86e9b0967" executionId="bb109bd5-01d1-4abb-a2c7-5da29d0d4057" testListId="8c84fa94-04c1-424b-9868-57a2d4851a1d" />
    <TestEntry testId="15c735a1-14ea-8c54-bb37-0a6064a10eb7" executionId="7b0233a8-082c-49ff-a5c6-3c2ffd5756ad" testListId="8c84fa94-04c1-424b-9868-57a2d4851a1d" />
    <TestEntry testId="160e90c3-6f82-8053-aac1-45baaab9101d" executionId="446dbc9e-d363-41de-bc22-3e4fb9392a82" testListId="8c84fa94-04c1-424b-9868-57a2d4851a1d" />
    <TestEntry testId="11b15c77-077c-8d9f-aac2-bdb73261b9a2" executionId="359e0683-2924-4c44-b133-00ba132807d5" testListId="8c84fa94-04c1-424b-9868-57a2d4851a1d" />
    <TestEntry testId="1a2b576e-40fb-83c9-bbd7-7f6b52fbfc4d" executionId="d835e864-71ea-424d-a0f5-16fdfc4e7118" testListId="8c84fa94-04c1-424b-9868-57a2d4851a1d" />
    <TestEntry testId="1ae71dce-6721-8597-bb62-2e4b79da2bd4" executionId="22d4695d-dc39-4568-a5e3-7cd376bac194" testListId="8c84fa94-04c1-424b-9868-57a2d4851a1d" />
    <TestEntry testId="1359b00d-378e-8ab6-a8af-24265e12c842" executionId="f6ab7730-9299-44b2-9731-f05098ef33e3" testListId="8c84fa94-04c1-424b-9868-57a2d4851a1d" />
    <TestEntry testId="16c47852-092e-811e-a8d9-966964384bba" executionId="a4026adc-bd0c-4e1f-86d5-54416139d354" testListId="8c84fa94-04c1-424b-9868-57a2d4851a1d" />
    <TestEntry testId="1650a79b-0338-8ab7-b14e-89e7cb42e5f1" executionId="a0eb9238-b069-41b1-9b5f-cbe110a08665" testListId="8c84fa94-04c1-424b-9868-57a2d4851a1d" />
    <TestEntry testId="16119b89-9084-844b-a009-160f646d7d07" executionId="42e2cd8a-ec05-4a42-9709-4c0febbec827" testListId="8c84fa94-04c1-424b-9868-57a2d4851a1d" />
    <TestEntry testId="1c13ac2f-a3a2-8ea7-8e98-44db8e373d5c" executionId="170ee9e1-8211-41b2-a2ae-eb0240df99f8" testListId="8c84fa94-04c1-424b-9868-57a2d4851a1d" />
    <TestEntry testId="134f44ad-2eb7-8383-a444-203a431d0fb0" executionId="93db3b4f-4b51-405b-aaf7-7862fbee1811" testListId="8c84fa94-04c1-424b-9868-57a2d4851a1d" />
    <TestEntry testId="12a225d9-200b-8d60-aa04-1a14ae7696c4" executionId="d4743d81-b6ad-4eb6-825d-a52f45fe7efa" testListId="8c84fa94-04c1-424b-9868-57a2d4851a1d" />
    <TestEntry testId="106ac8f3-df58-8af1-890e-ebf2d9cb140b" executionId="13c3ad2b-b776-4b59-9d60-71e7bdf10674" testListId="8c84fa94-04c1-424b-9868-57a2d4851a1d" />
    <TestEntry testId="1169968e-e071-8316-a38b-9d65bb052455" executionId="23f129f9-3ae6-47e3-b178-620233af5555" testListId="8c84fa94-04c1-424b-9868-57a2d4851a1d" />
    <TestEntry testId="1b2ecb57-f1f5-8f93-b034-8f18ab06e24f" executionId="32c38b53-0853-42f4-8b3d-709d1c18b093" testListId="8c84fa94-04c1-424b-9868-57a2d4851a1d" />
    <TestEntry testId="1ea38ba3-621f-811b-82d7-e2b7a3ccf44a" executionId="e485a799-caac-4bd5-a48d-39da37b044f2" testListId="8c84fa94-04c1-424b-9868-57a2d4851a1d" />
    <TestEntry testId="113538a5-2beb-89f5-b85f-246f0e1d15f1" executionId="6f2841c9-acdf-47e2-a25d-5cfb48184f7d" testListId="8c84fa94-04c1-424b-9868-57a2d4851a1d" />
    <TestEntry testId="1e93e272-da00-8cd5-88f5-c9887cdfdee2" executionId="c122105d-9888-4897-b9cb-581cf83ecb75" testListId="8c84fa94-04c1-424b-9868-57a2d4851a1d" />
    <TestEntry testId="1123ec56-6cdb-8194-814e-1032f18132ed" executionId="c1a4301b-85bf-4624-ab86-96d27dae96e8" testListId="8c84fa94-04c1-424b-9868-57a2d4851a1d" />
    <TestEntry testId="1ef33e53-1a27-8082-ba82-a5d2847a3044" executionId="03c3eab9-8ad2-43d5-a19c-0e3a48af7a84" testListId="8c84fa94-04c1-424b-9868-57a2d4851a1d" />
    <TestEntry testId="1f722d89-01be-80f2-af4a-d12cd4959b17" executionId="5c494892-1554-4343-9bb5-a363be79d8f9" testListId="8c84fa94-04c1-424b-9868-57a2d4851a1d" />
    <TestEntry testId="19bb364c-bc8f-889b-9a62-a8723f371a7e" executionId="88a332bb-6302-4b88-ae3d-d90c093a6aca" testListId="8c84fa94-04c1-424b-9868-57a2d4851a1d" />
    <TestEntry testId="129d145d-51b7-8dbb-a296-6dee35f4ad8b" executionId="e6ebba2d-ffd6-4cff-a96d-9c738624fcb4" testListId="8c84fa94-04c1-424b-9868-57a2d4851a1d" />
    <TestEntry testId="16e6ffe8-abe7-8473-be7b-8bab16b6d7cc" executionId="9597ea54-5f4d-4ae8-ad92-e9db040fa6ff" testListId="8c84fa94-04c1-424b-9868-57a2d4851a1d" />
    <TestEntry testId="18495f86-b1c8-8537-b290-140eeebb580b" executionId="d71a4e8f-e816-40e5-a845-815277db3eda" testListId="8c84fa94-04c1-424b-9868-57a2d4851a1d" />
    <TestEntry testId="10a6c95c-0f14-837d-a052-46fda333e4e6" executionId="0a882e01-b245-4a12-9f28-44fa513431bb" testListId="8c84fa94-04c1-424b-9868-57a2d4851a1d" />
    <TestEntry testId="1cf0ad31-ec30-8a4e-8f5a-f443c7b5ccc5" executionId="b7068dd2-d1bb-4795-ad27-62e129dc4fc3" testListId="8c84fa94-04c1-424b-9868-57a2d4851a1d" />
    <TestEntry testId="1e6d073b-10fb-8245-a999-d33ba3f4bc1c" executionId="bba56159-0e7c-475e-ab5f-4364279f8847" testListId="8c84fa94-04c1-424b-9868-57a2d4851a1d" />
    <TestEntry testId="1ea09138-e85d-8cfc-8fa6-6ee096e6e252" executionId="6ebc5417-330a-4f41-93af-4ef8139116db" testListId="8c84fa94-04c1-424b-9868-57a2d4851a1d" />
    <TestEntry testId="16547b35-621b-8730-ad41-dc7b524313fc" executionId="1ad58310-9987-4466-8972-f919b0f91b0d" testListId="8c84fa94-04c1-424b-9868-57a2d4851a1d" />
    <TestEntry testId="13bc0a9a-3f1d-8197-b04f-1aedddec68b0" executionId="74e1f121-e3cb-4c09-ac06-6e0bb7284bfe" testListId="8c84fa94-04c1-424b-9868-57a2d4851a1d" />
    <TestEntry testId="1e132a2a-03aa-837c-ade4-fde599f24857" executionId="93fd4beb-c8ef-4596-8e61-8e8e8b42fdc3" testListId="8c84fa94-04c1-424b-9868-57a2d4851a1d" />
    <TestEntry testId="1d5a9e2e-5f79-8468-9058-9a88e9f3c453" executionId="57e36d9c-3fbd-4d4e-b229-984529ae984a" testListId="8c84fa94-04c1-424b-9868-57a2d4851a1d" />
    <TestEntry testId="1a52349e-b98d-84e7-bbf9-906f18f8b964" executionId="0e52c06b-bfee-473b-a328-849326ef1e9d" testListId="8c84fa94-04c1-424b-9868-57a2d4851a1d" />
    <TestEntry testId="1c0fa7da-25b0-8287-8ec7-f7d06a9a82fd" executionId="ed105608-30ca-4c14-abfb-225f7fc6161e" testListId="8c84fa94-04c1-424b-9868-57a2d4851a1d" />
    <TestEntry testId="153e77b5-a315-8748-827d-108e9dd98731" executionId="246c953b-af47-4158-9587-281fb9cc3860" testListId="8c84fa94-04c1-424b-9868-57a2d4851a1d" />
    <TestEntry testId="14b7f615-3847-87af-af78-f56443681f6a" executionId="3221d309-6cb3-4937-864e-56f2887ec380" testListId="8c84fa94-04c1-424b-9868-57a2d4851a1d" />
    <TestEntry testId="1058273f-a9b8-89b2-8abb-ca7e4b43e479" executionId="9e05fcb8-8dd0-4673-bda3-98188e7661bb" testListId="8c84fa94-04c1-424b-9868-57a2d4851a1d" />
    <TestEntry testId="18f7dc6f-5a34-8478-ac8d-763488b52e38" executionId="552ba62e-60b6-408d-8e7a-9046b08df29d" testListId="8c84fa94-04c1-424b-9868-57a2d4851a1d" />
  </TestEntries>
  <TestLists>
    <TestList name="Results Not in a List" id="8c84fa94-04c1-424b-9868-57a2d4851a1d" />
    <TestList name="All Loaded Results" id="19431567-8539-422a-85d7-44ee4e166bda" />
  </TestLists>
  <ResultSummary outcome="Completed">
    <Counters total="201" executed="201" passed="201" failed="0" error="0" timeout="0" aborted="0" inconclusive="0" passedButRunAborted="0" notRunnable="0" notExecuted="0" disconnected="0" warning="0" completed="0" inProgress="0" pending="0" />
    <Output>
      <StdOut>Test Parallelization enabled for /tmp/blitzy/stocksharp-storedprocedures/blitzy-e686e219-30ce-45cc-8608-8ea778391629_28a5ac/Tests/bin/Release/net10.0/StockSharp.Tests.dll (Workers: 4, Scope: MethodLevel)
</StdOut>
    </Output>
  </ResultSummary>
</TestRun>